mode: set
binarysearch/binarytree/allocate.go:28.57,29.25 1 1
binarysearch/binarytree/allocate.go:29.25,31.5 1 1
binarysearch/binarytree/allocate.go:33.4,35.10 3 1
binarysearch/binarytree/allocate.go:88.45,90.2 1 1
binarysearch/binarytree/allocate.go:93.48,94.19 1 1
binarysearch/binarytree/allocate.go:94.19,96.5 1 1
binarysearch/binarytree/allocate.go:100.33,101.16 1 1
binarysearch/binarytree/allocate.go:101.16,103.5 1 1
binarysearch/binarytree/allocate.go:107.34,108.16 1 1
binarysearch/binarytree/allocate.go:108.16,110.5 1 1
binarysearch/binarytree/allocate.go:114.39,116.2 1 1
binarysearch/binarytree/allocate.go:119.36,124.24 1 1
binarysearch/binarytree/allocate.go:124.24,126.5 1 1
binarysearch/binarytree/allocate.go:132.4,150.6 4 1
binarysearch/binarytree/assert.go:13.29,14.18 1 0
binarysearch/binarytree/assert.go:14.18,15.32 1 0
binarysearch/binarytree/assert.go:20.32,21.18 1 1
binarysearch/binarytree/assert.go:21.18,22.32 1 0
binarysearch/binarytree/avl.go:13.36,15.2 1 1
binarysearch/binarytree/avl.go:17.44,19.2 1 1
binarysearch/binarytree/avl.go:21.35,25.2 3 1
binarysearch/binarytree/avl.go:27.70,28.16 1 1
binarysearch/binarytree/avl.go:28.16,30.5 1 1
binarysearch/binarytree/avl.go:31.4,35.12 4 1
binarysearch/binarytree/avl.go:38.61,39.16 1 1
binarysearch/binarytree/avl.go:39.16,41.5 1 1
binarysearch/binarytree/avl.go:42.4,43.67 2 1
binarysearch/binarytree/avl.go:46.47,47.16 1 1
binarysearch/binarytree/avl.go:47.16,49.5 1 1
binarysearch/binarytree/avl.go:51.4,57.25 6 1
binarysearch/binarytree/avl.go:60.63,63.2 2 1
binarysearch/binarytree/avl.go:65.78,66.16 1 1
binarysearch/binarytree/avl.go:66.16,68.5 1 1
binarysearch/binarytree/avl.go:69.4,70.16 2 1
binarysearch/binarytree/avl.go:70.16,74.5 3 1
binarysearch/binarytree/avl.go:74.10,77.5 2 1
binarysearch/binarytree/avl.go:80.56,86.33 1 1
binarysearch/binarytree/avl.go:86.33,88.5 1 1
binarysearch/binarytree/avl.go:107.4,107.31 1 1
binarysearch/binarytree/avl.go:107.31,110.5 2 1
binarysearch/binarytree/avl.go:119.4,119.35 1 1
binarysearch/binarytree/avl.go:119.35,156.5 3 1
binarysearch/binarytree/avl.go:227.4,231.12 5 1
binarysearch/binarytree/avl.go:235.56,236.32 1 1
binarysearch/binarytree/avl.go:236.32,237.34 1 1
binarysearch/binarytree/avl.go:237.34,239.8 1 1
binarysearch/binarytree/avl.go:239.13,239.45 1 1
binarysearch/binarytree/avl.go:239.45,242.8 2 1
binarysearch/binarytree/avl.go:242.13,247.8 4 1
binarysearch/binarytree/avl.go:249.4,249.12 1 1
binarysearch/binarytree/avl.go:252.64,257.2 3 1
binarysearch/binarytree/avl.go:259.79,261.16 2 1
binarysearch/binarytree/avl.go:261.16,265.5 3 1
binarysearch/binarytree/avl.go:266.4,266.15 1 1
binarysearch/binarytree/avl.go:266.15,270.5 3 1
binarysearch/binarytree/avl.go:270.10,273.5 2 1
binarysearch/binarytree/avl.go:276.56,280.24 1 1
binarysearch/binarytree/avl.go:280.24,283.5 2 1
binarysearch/binarytree/avl.go:287.4,287.33 1 1
binarysearch/binarytree/avl.go:287.33,291.38 1 1
binarysearch/binarytree/avl.go:291.38,300.8 5 1
binarysearch/binarytree/avl.go:300.13,304.41 1 1
binarysearch/binarytree/avl.go:304.41,311.11 3 1
binarysearch/binarytree/avl.go:311.16,318.11 3 1
binarysearch/binarytree/avl.go:321.4,321.12 1 1
binarysearch/binarytree/avl.go:325.56,326.24 1 1
binarysearch/binarytree/avl.go:326.24,329.5 2 1
binarysearch/binarytree/avl.go:330.4,330.33 1 1
binarysearch/binarytree/avl.go:330.33,331.38 1 1
binarysearch/binarytree/avl.go:331.38,337.8 5 1
binarysearch/binarytree/avl.go:337.13,338.41 1 1
binarysearch/binarytree/avl.go:338.41,342.11 3 1
binarysearch/binarytree/avl.go:342.16,346.11 3 1
binarysearch/binarytree/avl.go:349.4,349.12 1 1
binarysearch/binarytree/avl.go:353.63,355.18 2 1
binarysearch/binarytree/avl.go:355.18,358.5 2 1
binarysearch/binarytree/avl.go:359.4,361.33 3 1
binarysearch/binarytree/avl.go:365.63,367.18 2 1
binarysearch/binarytree/avl.go:367.18,370.5 2 1
binarysearch/binarytree/avl.go:371.4,372.33 2 1
binarysearch/binarytree/avl.go:377.67,379.35 1 1
binarysearch/binarytree/avl.go:379.35,381.5 1 1
binarysearch/binarytree/avl.go:381.10,383.5 1 1
binarysearch/binarytree/avl.go:407.68,408.40 1 1
binarysearch/binarytree/avl.go:408.40,414.5 5 1
binarysearch/binarytree/avl.go:415.4,418.33 4 1
binarysearch/binarytree/avl.go:425.68,427.35 1 1
binarysearch/binarytree/avl.go:427.35,429.5 1 1
binarysearch/binarytree/avl.go:429.10,431.5 1 1
binarysearch/binarytree/avl.go:455.69,456.40 1 1
binarysearch/binarytree/avl.go:456.40,462.5 5 1
binarysearch/binarytree/avl.go:463.4,466.33 4 0
binarysearch/binarytree/avl.go:470.68,472.40 1 1
binarysearch/binarytree/avl.go:472.40,478.5 5 1
binarysearch/binarytree/avl.go:479.4,481.33 3 1
binarysearch/binarytree/avl.go:485.69,487.40 1 1
binarysearch/binarytree/avl.go:487.40,493.5 5 1
binarysearch/binarytree/avl.go:494.4,496.33 3 0
binarysearch/binarytree/avl.go:503.68,505.40 1 1
binarysearch/binarytree/avl.go:505.40,507.5 1 1
binarysearch/binarytree/avl.go:508.4,511.33 4 1
binarysearch/binarytree/avl.go:515.68,517.40 1 1
binarysearch/binarytree/avl.go:517.40,519.5 1 1
binarysearch/binarytree/avl.go:520.4,522.33 3 1
binarysearch/binarytree/avl.go:525.67,526.16 1 1
binarysearch/binarytree/avl.go:526.16,526.28 1 1
binarysearch/binarytree/avl.go:527.4,527.16 1 1
binarysearch/binarytree/avl.go:527.16,527.28 1 1
binarysearch/binarytree/avl.go:528.4,528.35 1 1
binarysearch/binarytree/avl.go:528.35,530.5 1 1
binarysearch/binarytree/avl.go:530.10,532.5 1 1
binarysearch/binarytree/avl.go:535.58,545.2 3 1
binarysearch/binarytree/avl.go:547.70,548.16 1 1
binarysearch/binarytree/avl.go:548.16,550.5 1 1
binarysearch/binarytree/avl.go:551.4,552.19 2 1
binarysearch/binarytree/avl.go:552.19,555.5 2 1
binarysearch/binarytree/avl.go:555.10,558.5 2 1
binarysearch/binarytree/avl.go:559.4,559.15 1 1
binarysearch/binarytree/avl.go:562.72,570.2 3 1
binarysearch/binarytree/avl_relaxed_bottomup.go:9.53,10.16 1 0
binarysearch/binarytree/avl_relaxed_bottomup.go:10.16,12.5 1 0
binarysearch/binarytree/avl_relaxed_bottomup.go:13.4,18.25 5 0
binarysearch/binarytree/avl_relaxed_bottomup.go:21.41,24.2 2 0
binarysearch/binarytree/avl_relaxed_bottomup.go:26.38,30.2 1 0
binarysearch/binarytree/avl_relaxed_bottomup.go:32.46,40.2 1 0
binarysearch/binarytree/avl_relaxed_bottomup.go:42.57,47.2 3 0
binarysearch/binarytree/avl_relaxed_bottomup.go:50.88,51.40 1 0
binarysearch/binarytree/avl_relaxed_bottomup.go:51.40,57.5 5 0
binarysearch/binarytree/avl_relaxed_bottomup.go:58.4,60.33 3 0
binarysearch/binarytree/avl_relaxed_bottomup.go:63.88,64.40 1 0
binarysearch/binarytree/avl_relaxed_bottomup.go:64.40,70.5 5 0
binarysearch/binarytree/avl_relaxed_bottomup.go:71.4,74.33 4 0
binarysearch/binarytree/avl_relaxed_bottomup.go:77.69,78.36 1 0
binarysearch/binarytree/avl_relaxed_bottomup.go:78.36,80.5 1 0
binarysearch/binarytree/avl_relaxed_bottomup.go:80.10,82.5 1 0
binarysearch/binarytree/avl_relaxed_bottomup.go:85.68,86.16 1 0
binarysearch/binarytree/avl_relaxed_bottomup.go:86.16,86.28 1 0
binarysearch/binarytree/avl_relaxed_bottomup.go:87.4,87.16 1 0
binarysearch/binarytree/avl_relaxed_bottomup.go:87.16,87.28 1 0
binarysearch/binarytree/avl_relaxed_bottomup.go:88.4,88.36 1 0
binarysearch/binarytree/avl_relaxed_bottomup.go:88.36,90.5 1 0
binarysearch/binarytree/avl_relaxed_bottomup.go:90.10,92.5 1 0
binarysearch/binarytree/avl_relaxed_bottomup.go:95.54,113.2 5 0
binarysearch/binarytree/avl_relaxed_bottomup.go:115.71,116.16 1 0
binarysearch/binarytree/avl_relaxed_bottomup.go:116.16,118.5 1 0
binarysearch/binarytree/avl_relaxed_bottomup.go:119.4,124.19 4 0
binarysearch/binarytree/avl_relaxed_bottomup.go:124.19,127.5 2 0
binarysearch/binarytree/avl_relaxed_bottomup.go:127.10,130.5 2 0
binarysearch/binarytree/avl_relaxed_bottomup.go:131.4,131.15 1 0
binarysearch/binarytree/avl_relaxed_bottomup.go:134.63,141.2 3 0
binarysearch/binarytree/avl_relaxed_topdown.go:9.37,13.2 1 0
binarysearch/binarytree/avl_relaxed_topdown.go:15.45,23.2 1 0
binarysearch/binarytree/avl_relaxed_topdown.go:25.40,28.2 2 0
binarysearch/binarytree/avl_relaxed_topdown.go:30.52,31.16 1 0
binarysearch/binarytree/avl_relaxed_topdown.go:31.16,33.5 1 0
binarysearch/binarytree/avl_relaxed_topdown.go:34.4,39.25 5 0
binarysearch/binarytree/avl_relaxed_topdown.go:42.56,47.2 3 0
binarysearch/binarytree/avl_relaxed_topdown.go:49.87,50.40 1 0
binarysearch/binarytree/avl_relaxed_topdown.go:50.40,56.5 5 0
binarysearch/binarytree/avl_relaxed_topdown.go:57.4,59.33 3 0
binarysearch/binarytree/avl_relaxed_topdown.go:62.87,63.40 1 0
binarysearch/binarytree/avl_relaxed_topdown.go:63.40,69.5 5 0
binarysearch/binarytree/avl_relaxed_topdown.go:70.4,73.33 4 0
binarysearch/binarytree/avl_relaxed_topdown.go:76.68,77.36 1 0
binarysearch/binarytree/avl_relaxed_topdown.go:77.36,79.5 1 0
binarysearch/binarytree/avl_relaxed_topdown.go:79.10,81.5 1 0
binarysearch/binarytree/avl_relaxed_topdown.go:84.67,85.16 1 0
binarysearch/binarytree/avl_relaxed_topdown.go:85.16,85.28 1 0
binarysearch/binarytree/avl_relaxed_topdown.go:86.4,86.16 1 0
binarysearch/binarytree/avl_relaxed_topdown.go:86.16,86.28 1 0
binarysearch/binarytree/avl_relaxed_topdown.go:87.4,87.36 1 0
binarysearch/binarytree/avl_relaxed_topdown.go:87.36,89.5 1 0
binarysearch/binarytree/avl_relaxed_topdown.go:89.10,91.5 1 0
binarysearch/binarytree/avl_relaxed_topdown.go:94.53,103.2 6 0
binarysearch/binarytree/avl_relaxed_topdown.go:106.70,107.16 1 0
binarysearch/binarytree/avl_relaxed_topdown.go:107.16,109.5 1 0
binarysearch/binarytree/avl_relaxed_topdown.go:110.4,115.19 4 0
binarysearch/binarytree/avl_relaxed_topdown.go:115.19,118.5 2 0
binarysearch/binarytree/avl_relaxed_topdown.go:118.10,121.5 2 0
binarysearch/binarytree/avl_relaxed_topdown.go:122.4,122.15 1 0
binarysearch/binarytree/avl_relaxed_topdown.go:125.62,132.2 3 0
binarysearch/binarytree/avl_weak.go:23.27,27.2 3 0
binarysearch/binarytree/avl_weak.go:29.74,31.40 1 0
binarysearch/binarytree/avl_weak.go:31.40,37.5 5 0
binarysearch/binarytree/avl_weak.go:38.4,40.33 3 0
binarysearch/binarytree/avl_weak.go:43.74,45.40 1 0
binarysearch/binarytree/avl_weak.go:45.40,51.5 5 0
binarysearch/binarytree/avl_weak.go:52.4,55.33 4 0
binarysearch/binarytree/avl_weak.go:58.55,59.36 1 0
binarysearch/binarytree/avl_weak.go:59.36,61.5 1 0
binarysearch/binarytree/avl_weak.go:61.10,63.5 1 0
binarysearch/binarytree/avl_weak.go:68.48,69.32 1 0
binarysearch/binarytree/avl_weak.go:69.32,70.34 1 0
binarysearch/binarytree/avl_weak.go:70.34,72.8 1 0
binarysearch/binarytree/avl_weak.go:72.13,72.45 1 0
binarysearch/binarytree/avl_weak.go:72.45,75.8 2 0
binarysearch/binarytree/avl_weak.go:75.13,80.8 4 0
binarysearch/binarytree/avl_weak.go:82.4,82.12 1 0
binarysearch/binarytree/avl_weak.go:87.48,88.32 1 0
binarysearch/binarytree/avl_weak.go:88.32,89.34 1 0
binarysearch/binarytree/avl_weak.go:89.34,91.8 1 0
binarysearch/binarytree/avl_weak.go:91.13,91.45 1 0
binarysearch/binarytree/avl_weak.go:91.45,94.8 2 0
binarysearch/binarytree/avl_weak.go:94.13,99.8 4 0
binarysearch/binarytree/avl_weak.go:101.4,101.12 1 0
binarysearch/binarytree/avl_weak.go:109.54,110.19 1 0
binarysearch/binarytree/avl_weak.go:110.19,112.5 1 0
binarysearch/binarytree/avl_weak.go:113.4,117.59 4 0
binarysearch/binarytree/avl_weak.go:122.51,123.38 1 0
binarysearch/binarytree/avl_weak.go:123.38,126.5 2 0
binarysearch/binarytree/avl_weak.go:127.4,127.33 1 0
binarysearch/binarytree/avl_weak.go:127.33,128.34 1 0
binarysearch/binarytree/avl_weak.go:128.34,131.8 1 0
binarysearch/binarytree/avl_weak.go:131.13,131.36 1 0
binarysearch/binarytree/avl_weak.go:131.36,135.8 2 0
binarysearch/binarytree/avl_weak.go:135.13,135.45 1 0
binarysearch/binarytree/avl_weak.go:135.45,143.26 4 0
binarysearch/binarytree/avl_weak.go:143.26,146.11 1 0
binarysearch/binarytree/avl_weak.go:147.13,157.8 6 0
binarysearch/binarytree/avl_weak.go:158.10,158.40 1 0
binarysearch/binarytree/avl_weak.go:158.40,159.34 1 0
binarysearch/binarytree/avl_weak.go:159.34,162.8 1 0
binarysearch/binarytree/avl_weak.go:162.13,162.36 1 0
binarysearch/binarytree/avl_weak.go:162.36,166.8 2 0
binarysearch/binarytree/avl_weak.go:166.13,166.45 1 0
binarysearch/binarytree/avl_weak.go:166.45,174.26 4 0
binarysearch/binarytree/avl_weak.go:174.26,177.11 1 0
binarysearch/binarytree/avl_weak.go:178.13,188.8 6 0
binarysearch/binarytree/avl_weak.go:190.4,190.12 1 0
binarysearch/binarytree/avl_weak.go:194.39,195.16 1 0
binarysearch/binarytree/avl_weak.go:195.16,197.5 1 0
binarysearch/binarytree/avl_weak.go:198.4,198.18 1 0
binarysearch/binarytree/avl_weak.go:198.18,200.5 1 0
binarysearch/binarytree/avl_weak.go:201.4,208.25 6 0
binarysearch/binarytree/avl_weak_bottomup.go:9.35,11.2 1 0
binarysearch/binarytree/avl_weak_bottomup.go:13.43,19.2 1 0
binarysearch/binarytree/avl_weak_bottomup.go:21.72,22.16 1 0
binarysearch/binarytree/avl_weak_bottomup.go:22.16,24.5 1 0
binarysearch/binarytree/avl_weak_bottomup.go:25.4,26.16 2 0
binarysearch/binarytree/avl_weak_bottomup.go:26.16,30.5 3 0
binarysearch/binarytree/avl_weak_bottomup.go:30.10,33.5 2 0
binarysearch/binarytree/avl_weak_bottomup.go:54.72,56.16 2 0
binarysearch/binarytree/avl_weak_bottomup.go:56.16,60.5 3 0
binarysearch/binarytree/avl_weak_bottomup.go:61.4,61.15 1 0
binarysearch/binarytree/avl_weak_bottomup.go:61.15,64.5 2 0
binarysearch/binarytree/avl_weak_bottomup.go:64.10,66.5 1 0
binarysearch/binarytree/avl_weak_bottomup.go:67.4,67.36 1 0
binarysearch/binarytree/avl_weak_bottomup.go:70.58,75.2 3 0
binarysearch/binarytree/avl_weak_bottomup.go:77.57,81.2 2 0
binarysearch/binarytree/avl_weak_bottomup.go:83.67,84.18 1 0
binarysearch/binarytree/avl_weak_bottomup.go:84.18,87.5 2 0
binarysearch/binarytree/avl_weak_bottomup.go:88.4,91.36 4 0
binarysearch/binarytree/avl_weak_bottomup.go:95.67,96.18 1 0
binarysearch/binarytree/avl_weak_bottomup.go:96.18,99.5 2 0
binarysearch/binarytree/avl_weak_bottomup.go:100.4,102.36 3 0
binarysearch/binarytree/avl_weak_bottomup.go:105.65,106.16 1 0
binarysearch/binarytree/avl_weak_bottomup.go:106.16,106.28 1 0
binarysearch/binarytree/avl_weak_bottomup.go:107.4,107.16 1 0
binarysearch/binarytree/avl_weak_bottomup.go:107.16,107.28 1 0
binarysearch/binarytree/avl_weak_bottomup.go:108.4,108.36 1 0
binarysearch/binarytree/avl_weak_bottomup.go:108.36,110.5 1 0
binarysearch/binarytree/avl_weak_bottomup.go:110.10,112.5 1 0
binarysearch/binarytree/avl_weak_bottomup.go:115.50,127.2 3 0
binarysearch/binarytree/avl_weak_bottomup.go:130.68,131.16 1 0
binarysearch/binarytree/avl_weak_bottomup.go:131.16,133.5 1 0
binarysearch/binarytree/avl_weak_bottomup.go:134.4,139.19 4 0
binarysearch/binarytree/avl_weak_bottomup.go:139.19,142.5 2 0
binarysearch/binarytree/avl_weak_bottomup.go:142.10,145.5 2 0
binarysearch/binarytree/avl_weak_bottomup.go:146.4,146.15 1 0
binarysearch/binarytree/avl_weak_bottomup.go:149.60,156.2 3 0
binarysearch/binarytree/avl_weak_topdown.go:9.34,11.2 1 0
binarysearch/binarytree/avl_weak_topdown.go:13.42,19.2 1 0
binarysearch/binarytree/avl_weak_topdown.go:23.66,28.17 1 0
binarysearch/binarytree/avl_weak_topdown.go:28.17,31.5 2 0
binarysearch/binarytree/avl_weak_topdown.go:32.4,38.25 2 0
binarysearch/binarytree/avl_weak_topdown.go:38.25,40.5 1 0
binarysearch/binarytree/avl_weak_topdown.go:44.4,44.8 1 0
binarysearch/binarytree/avl_weak_topdown.go:44.8,49.22 1 0
binarysearch/binarytree/avl_weak_topdown.go:49.22,59.27 1 0
binarysearch/binarytree/avl_weak_topdown.go:59.27,62.11 2 0
binarysearch/binarytree/avl_weak_topdown.go:66.10,66.36 1 0
binarysearch/binarytree/avl_weak_topdown.go:66.36,68.21 2 0
binarysearch/binarytree/avl_weak_topdown.go:73.10,73.42 1 0
binarysearch/binarytree/avl_weak_topdown.go:73.42,76.21 3 0
binarysearch/binarytree/avl_weak_topdown.go:84.10,84.27 1 0
binarysearch/binarytree/avl_weak_topdown.go:84.27,93.32 1 0
binarysearch/binarytree/avl_weak_topdown.go:93.32,99.14 5 0
binarysearch/binarytree/avl_weak_topdown.go:109.13,109.41 1 0
binarysearch/binarytree/avl_weak_topdown.go:109.41,112.24 3 0
binarysearch/binarytree/avl_weak_topdown.go:117.13,122.21 6 0
binarysearch/binarytree/avl_weak_topdown.go:124.16,136.32 1 0
binarysearch/binarytree/avl_weak_topdown.go:136.32,142.14 5 0
binarysearch/binarytree/avl_weak_topdown.go:146.13,146.41 1 0
binarysearch/binarytree/avl_weak_topdown.go:146.41,149.24 3 0
binarysearch/binarytree/avl_weak_topdown.go:155.13,163.28 5 0
binarysearch/binarytree/avl_weak_topdown.go:163.28,165.14 1 0
binarysearch/binarytree/avl_weak_topdown.go:165.19,167.14 1 0
binarysearch/binarytree/avl_weak_topdown.go:169.13,175.27 1 0
binarysearch/binarytree/avl_weak_topdown.go:175.27,178.11 2 0
binarysearch/binarytree/avl_weak_topdown.go:179.10,179.36 1 0
binarysearch/binarytree/avl_weak_topdown.go:179.36,181.21 2 0
binarysearch/binarytree/avl_weak_topdown.go:183.10,183.42 1 0
binarysearch/binarytree/avl_weak_topdown.go:183.42,186.21 3 0
binarysearch/binarytree/avl_weak_topdown.go:189.10,189.35 1 0
binarysearch/binarytree/avl_weak_topdown.go:189.35,193.32 1 0
binarysearch/binarytree/avl_weak_topdown.go:193.32,199.14 5 0
binarysearch/binarytree/avl_weak_topdown.go:200.13,200.41 1 0
binarysearch/binarytree/avl_weak_topdown.go:200.41,203.24 3 0
binarysearch/binarytree/avl_weak_topdown.go:205.13,210.21 6 0
binarysearch/binarytree/avl_weak_topdown.go:212.16,216.32 1 0
binarysearch/binarytree/avl_weak_topdown.go:216.32,222.14 5 0
binarysearch/binarytree/avl_weak_topdown.go:223.13,223.41 1 0
binarysearch/binarytree/avl_weak_topdown.go:223.41,226.24 3 0
binarysearch/binarytree/avl_weak_topdown.go:228.13,233.27 5 0
binarysearch/binarytree/avl_weak_topdown.go:233.27,235.14 1 0
binarysearch/binarytree/avl_weak_topdown.go:235.19,237.14 1 0
binarysearch/binarytree/avl_weak_topdown.go:243.57,248.2 4 0
binarysearch/binarytree/avl_weak_topdown.go:250.52,254.2 2 0
binarysearch/binarytree/avl_weak_topdown.go:256.49,259.2 1 0
binarysearch/binarytree/avl_weak_topdown.go:261.56,265.2 2 0
binarysearch/binarytree/avl_weak_topdown.go:267.57,272.2 3 0
binarysearch/binarytree/avl_weak_topdown.go:274.64,275.16 1 0
binarysearch/binarytree/avl_weak_topdown.go:275.16,275.28 1 0
binarysearch/binarytree/avl_weak_topdown.go:276.4,276.16 1 0
binarysearch/binarytree/avl_weak_topdown.go:276.16,276.28 1 0
binarysearch/binarytree/avl_weak_topdown.go:277.4,277.36 1 0
binarysearch/binarytree/avl_weak_topdown.go:277.36,279.5 1 0
binarysearch/binarytree/avl_weak_topdown.go:279.10,281.5 1 0
binarysearch/binarytree/avl_weak_topdown.go:284.50,298.2 5 0
binarysearch/binarytree/avl_weak_topdown.go:301.67,302.16 1 0
binarysearch/binarytree/avl_weak_topdown.go:302.16,304.5 1 0
binarysearch/binarytree/avl_weak_topdown.go:305.4,310.19 4 0
binarysearch/binarytree/avl_weak_topdown.go:310.19,313.5 2 0
binarysearch/binarytree/avl_weak_topdown.go:313.10,316.5 2 0
binarysearch/binarytree/avl_weak_topdown.go:317.4,317.15 1 0
binarysearch/binarytree/avl_weak_topdown.go:321.59,328.2 3 0
binarysearch/binarytree/avl_weak_topdown.go:335.56,336.24 1 0
binarysearch/binarytree/avl_weak_topdown.go:336.24,339.5 2 0
binarysearch/binarytree/avl_weak_topdown.go:340.4,340.53 1 0
binarysearch/binarytree/avl_weak_topdown.go:340.53,346.5 4 0
binarysearch/binarytree/avl_weak_topdown.go:347.4,347.53 1 0
binarysearch/binarytree/avl_weak_topdown.go:347.53,353.5 4 0
binarysearch/binarytree/avl_weak_topdown.go:354.4,354.16 1 0
binarysearch/binarytree/avl_weak_topdown.go:357.63,359.2 1 0
binarysearch/binarytree/avl_weak_topdown.go:364.71,370.42 1 0
binarysearch/binarytree/avl_weak_topdown.go:370.42,373.5 2 0
binarysearch/binarytree/avl_weak_topdown.go:373.10,375.5 1 0
binarysearch/binarytree/avl_weak_topdown.go:378.66,383.19 1 0
binarysearch/binarytree/avl_weak_topdown.go:383.19,386.5 2 0
binarysearch/binarytree/avl_weak_topdown.go:388.4,389.8 2 0
binarysearch/binarytree/avl_weak_topdown.go:389.8,391.33 2 0
binarysearch/binarytree/avl_weak_topdown.go:391.33,393.8 1 0
binarysearch/binarytree/avl_weak_topdown.go:394.7,394.21 1 0
binarysearch/binarytree/avl_weak_topdown.go:394.21,399.25 2 0
binarysearch/binarytree/avl_weak_topdown.go:399.25,407.11 3 0
binarysearch/binarytree/avl_weak_topdown.go:408.10,409.15 2 0
binarysearch/binarytree/avl_weak_topdown.go:411.13,416.25 2 0
binarysearch/binarytree/avl_weak_topdown.go:416.25,424.11 3 0
binarysearch/binarytree/avl_weak_topdown.go:425.10,426.15 2 0
binarysearch/binarytree/avl_weak_topdown.go:430.60,432.21 2 0
binarysearch/binarytree/avl_weak_topdown.go:432.21,434.5 1 0
binarysearch/binarytree/avl_weak_topdown.go:435.4,435.8 1 0
binarysearch/binarytree/avl_weak_topdown.go:435.8,438.33 3 0
binarysearch/binarytree/avl_weak_topdown.go:438.33,440.8 1 0
binarysearch/binarytree/avl_weak_topdown.go:441.7,441.26 1 0
binarysearch/binarytree/avl_weak_topdown.go:441.26,445.8 3 0
binarysearch/binarytree/avl_weak_topdown.go:446.7,447.16 2 0
binarysearch/binarytree/avl_weak_topdown.go:451.60,453.21 2 0
binarysearch/binarytree/avl_weak_topdown.go:453.21,455.5 1 0
binarysearch/binarytree/avl_weak_topdown.go:456.4,456.8 1 0
binarysearch/binarytree/avl_weak_topdown.go:456.8,459.33 3 0
binarysearch/binarytree/avl_weak_topdown.go:459.33,461.8 1 0
binarysearch/binarytree/avl_weak_topdown.go:462.7,462.26 1 0
binarysearch/binarytree/avl_weak_topdown.go:462.26,466.8 3 0
binarysearch/binarytree/avl_weak_topdown.go:467.7,468.15 2 0
binarysearch/binarytree/balancers.go:22.51,25.2 2 1
binarysearch/binarytree/balancers.go:30.70,31.13 1 1
binarysearch/binarytree/balancers.go:31.13,33.5 1 1
binarysearch/binarytree/balancers.go:34.4,41.68 3 1
binarysearch/binarytree/balancers.go:41.68,43.5 1 1
binarysearch/binarytree/balancers.go:45.4,47.12 3 1
binarysearch/binarytree/balancers.go:50.51,51.16 1 0
binarysearch/binarytree/balancers.go:51.16,53.5 1 0
binarysearch/binarytree/balancers.go:54.4,61.28 6 0
binarysearch/binarytree/balancers.go:65.45,68.2 1 0
binarysearch/binarytree/balancers.go:74.51,76.2 1 0
binarysearch/binarytree/balancers.go:78.45,80.2 1 0
binarysearch/binarytree/balancers.go:83.51,84.16 1 0
binarysearch/binarytree/balancers.go:84.16,86.5 1 0
binarysearch/binarytree/balancers.go:87.4,90.36 3 0
binarysearch/binarytree/balancers.go:93.45,95.2 1 0
binarysearch/binarytree/balancers.go:102.52,104.2 1 0
binarysearch/binarytree/balancers.go:106.46,108.2 1 0
binarysearch/binarytree/balancers.go:111.52,112.16 1 0
binarysearch/binarytree/balancers.go:112.16,114.5 1 0
binarysearch/binarytree/balancers.go:117.4,118.36 2 0
binarysearch/binarytree/balancers.go:121.46,123.2 1 0
binarysearch/binarytree/balancers.go:128.50,130.2 1 0
binarysearch/binarytree/balancers.go:132.44,134.2 1 0
binarysearch/binarytree/balancers.go:137.50,138.16 1 0
binarysearch/binarytree/balancers.go:138.16,140.5 1 0
binarysearch/binarytree/balancers.go:143.4,144.36 2 0
binarysearch/binarytree/balancers.go:147.44,149.2 1 0
binarysearch/binarytree/balancers.go:157.49,159.2 1 1
binarysearch/binarytree/balancers.go:161.43,163.2 1 1
binarysearch/binarytree/balancers.go:166.49,167.16 1 1
binarysearch/binarytree/balancers.go:167.16,169.5 1 1
binarysearch/binarytree/balancers.go:170.4,173.36 3 1
binarysearch/binarytree/balancers.go:176.43,178.2 1 1
binarysearch/binarytree/balancers.go:187.46,190.2 2 0
binarysearch/binarytree/balancers.go:192.65,193.13 1 0
binarysearch/binarytree/balancers.go:193.13,195.5 1 0
binarysearch/binarytree/balancers.go:197.4,197.34 1 0
binarysearch/binarytree/balancers.go:197.34,199.5 1 0
binarysearch/binarytree/balancers.go:201.4,203.12 3 0
binarysearch/binarytree/balancers.go:206.46,209.15 3 0
binarysearch/binarytree/balancers.go:209.15,210.38 1 0
binarysearch/binarytree/balancers.go:210.38,211.30 1 0
binarysearch/binarytree/balancers.go:211.30,213.11 1 0
binarysearch/binarytree/balancers.go:214.13,215.32 1 0
binarysearch/binarytree/balancers.go:215.32,217.11 1 0
binarysearch/binarytree/balancers.go:219.10,220.38 1 0
binarysearch/binarytree/balancers.go:220.38,221.32 1 0
binarysearch/binarytree/balancers.go:221.32,223.11 1 0
binarysearch/binarytree/balancers.go:223.17,225.11 0 0
binarysearch/binarytree/balancers.go:226.13,227.30 1 0
binarysearch/binarytree/balancers.go:227.30,229.11 1 0
binarysearch/binarytree/balancers.go:232.4,232.15 1 0
binarysearch/binarytree/balancers.go:236.40,238.2 1 0
binarysearch/binarytree/balancers.go:240.46,241.16 1 0
binarysearch/binarytree/balancers.go:241.16,243.5 1 0
binarysearch/binarytree/balancers.go:248.4,249.36 2 0
binarysearch/binarytree/balancers.go:256.48,258.2 1 1
binarysearch/binarytree/balancers.go:260.42,262.2 1 1
binarysearch/binarytree/balancers.go:265.48,266.16 1 1
binarysearch/binarytree/balancers.go:266.16,268.5 1 1
binarysearch/binarytree/balancers.go:269.4,272.36 3 1
binarysearch/binarytree/balancers.go:275.42,277.2 1 1
binarysearch/binarytree/balancers.go:281.48,283.2 1 1
binarysearch/binarytree/balancers.go:285.42,287.2 1 1
binarysearch/binarytree/balancers.go:289.42,291.2 1 1
binarysearch/binarytree/balancers.go:297.48,298.16 1 1
binarysearch/binarytree/balancers.go:298.16,300.5 1 1
binarysearch/binarytree/balancers.go:301.4,304.36 3 1
binarysearch/binarytree/balancers.go:373.39,375.2 1 1
binarysearch/binarytree/balancers.go:390.45,392.2 1 1
binarysearch/binarytree/balancers.go:394.44,399.17 5 1
binarysearch/binarytree/balancers.go:399.17,401.22 1 1
binarysearch/binarytree/balancers.go:401.22,404.8 1 1
binarysearch/binarytree/balancers.go:405.7,407.14 3 1
binarysearch/binarytree/balancers.go:409.4,411.15 3 1
binarysearch/binarytree/balancers.go:414.44,420.14 5 1
binarysearch/binarytree/balancers.go:420.14,423.5 2 1
binarysearch/binarytree/balancers.go:424.4,426.15 3 1
binarysearch/binarytree/balancers.go:429.53,433.21 4 1
binarysearch/binarytree/balancers.go:433.21,437.5 3 1
binarysearch/binarytree/balancers.go:438.4,438.14 1 1
binarysearch/binarytree/balancers.go:575.34,579.44 4 0
binarysearch/binarytree/balancers.go:579.44,582.5 2 0
binarysearch/binarytree/balancers.go:583.4,584.12 2 0
binarysearch/binarytree/balancers.go:587.49,592.52 4 0
binarysearch/binarytree/balancers.go:592.52,595.5 2 0
binarysearch/binarytree/balancers.go:596.4,596.34 1 0
binarysearch/binarytree/balancers.go:596.34,600.5 3 0
binarysearch/binarytree/balancers.go:601.4,602.12 2 0
binarysearch/binarytree/balancers.go:661.67,664.2 2 0
binarysearch/binarytree/balancers.go:666.85,668.16 1 0
binarysearch/binarytree/balancers.go:668.16,670.5 1 0
binarysearch/binarytree/balancers.go:671.4,674.12 4 0
binarysearch/binarytree/conc.go:18.38,19.18 1 0
binarysearch/binarytree/conc.go:19.18,21.5 1 0
binarysearch/binarytree/conc.go:21.10,23.5 1 0
binarysearch/binarytree/conc.go:26.24,28.2 1 0
binarysearch/binarytree/conc.go:43.32,47.2 1 0
binarysearch/binarytree/conc.go:50.40,55.2 1 0
binarysearch/binarytree/conc.go:61.42,68.2 1 0
binarysearch/binarytree/conc.go:73.46,74.16 1 0
binarysearch/binarytree/conc.go:74.16,76.5 1 0
binarysearch/binarytree/conc.go:77.4,77.16 1 0
binarysearch/binarytree/conc.go:77.16,79.5 1 0
binarysearch/binarytree/conc.go:80.4,80.28 1 0
binarysearch/binarytree/conc.go:83.44,84.38 1 0
binarysearch/binarytree/conc.go:84.38,85.25 1 0
binarysearch/binarytree/conc.go:85.25,87.8 1 0
binarysearch/binarytree/conc.go:88.7,89.23 2 0
binarysearch/binarytree/conc.go:89.23,91.8 1 0
binarysearch/binarytree/conc.go:91.13,93.8 1 0
binarysearch/binarytree/conc.go:95.4,95.38 1 0
binarysearch/binarytree/conc.go:95.38,96.25 1 0
binarysearch/binarytree/conc.go:96.25,98.8 1 0
binarysearch/binarytree/conc.go:99.7,100.23 2 0
binarysearch/binarytree/conc.go:100.23,102.8 1 0
binarysearch/binarytree/conc.go:102.13,104.8 1 0
binarysearch/binarytree/conc.go:106.4,106.26 1 0
binarysearch/binarytree/conc.go:109.46,112.2 1 0
binarysearch/binarytree/conc.go:114.52,115.18 1 0
binarysearch/binarytree/conc.go:115.18,118.5 1 0
binarysearch/binarytree/conc.go:119.4,119.17 1 0
binarysearch/binarytree/conc.go:119.17,121.5 1 0
binarysearch/binarytree/conc.go:121.10,123.5 1 0
binarysearch/binarytree/conc.go:126.46,129.2 1 0
binarysearch/binarytree/conc.go:131.61,132.18 1 0
binarysearch/binarytree/conc.go:132.18,134.5 1 0
binarysearch/binarytree/conc.go:135.4,135.17 1 0
binarysearch/binarytree/conc.go:135.17,137.5 1 0
binarysearch/binarytree/conc.go:137.10,139.5 1 0
binarysearch/binarytree/conc.go:142.46,145.24 2 0
binarysearch/binarytree/conc.go:145.24,147.5 1 0
binarysearch/binarytree/conc.go:147.10,149.5 1 0
binarysearch/binarytree/conc.go:152.61,153.18 1 0
binarysearch/binarytree/conc.go:153.18,154.17 1 0
binarysearch/binarytree/conc.go:154.17,156.8 1 0
binarysearch/binarytree/conc.go:156.13,158.8 1 0
binarysearch/binarytree/conc.go:160.4,160.17 1 0
binarysearch/binarytree/conc.go:160.17,162.5 1 0
binarysearch/binarytree/conc.go:162.10,164.5 1 0
binarysearch/binarytree/conc.go:167.47,172.2 3 0
binarysearch/binarytree/conc.go:174.62,175.18 1 0
binarysearch/binarytree/conc.go:175.18,178.5 2 0
binarysearch/binarytree/conc.go:179.4,179.17 1 0
binarysearch/binarytree/conc.go:179.17,181.5 1 0
binarysearch/binarytree/conc.go:181.10,183.5 1 0
binarysearch/binarytree/conc.go:186.49,188.14 1 0
binarysearch/binarytree/conc.go:188.14,191.5 1 0
binarysearch/binarytree/conc.go:191.10,194.5 2 0
binarysearch/binarytree/conc.go:197.60,198.18 1 0
binarysearch/binarytree/conc.go:198.18,199.17 1 0
binarysearch/binarytree/conc.go:199.17,201.8 1 0
binarysearch/binarytree/conc.go:201.13,203.8 1 0
binarysearch/binarytree/conc.go:205.4,205.17 1 0
binarysearch/binarytree/conc.go:205.17,208.5 2 0
binarysearch/binarytree/conc.go:208.10,211.5 2 0
binarysearch/binarytree/conc.go:214.40,222.2 1 0
binarysearch/binarytree/conc.go:224.43,226.2 1 0
binarysearch/binarytree/conc.go:228.41,230.2 1 0
binarysearch/binarytree/conc.go:232.53,233.16 1 0
binarysearch/binarytree/conc.go:233.16,235.5 1 0
binarysearch/binarytree/conc.go:236.4,236.18 1 0
binarysearch/binarytree/conc.go:236.18,238.5 1 0
binarysearch/binarytree/conc.go:238.10,241.5 2 0
binarysearch/binarytree/conc.go:244.27,248.2 3 0
binarysearch/binarytree/conc.go:250.41,251.16 1 0
binarysearch/binarytree/conc.go:251.16,253.5 1 0
binarysearch/binarytree/conc.go:254.4,254.18 1 0
binarysearch/binarytree/conc.go:254.18,256.5 1 0
binarysearch/binarytree/conc.go:256.10,258.5 1 0
binarysearch/binarytree/conc.go:259.4,260.27 2 0
binarysearch/binarytree/conc.go:263.40,264.16 1 0
binarysearch/binarytree/conc.go:264.16,266.5 1 0
binarysearch/binarytree/conc.go:267.4,269.26 3 0
binarysearch/binarytree/conc.go:272.39,273.16 1 0
binarysearch/binarytree/conc.go:273.16,275.5 1 0
binarysearch/binarytree/conc.go:276.4,278.25 3 0
binarysearch/binarytree/draw.go:35.39,36.16 1 0
binarysearch/binarytree/draw.go:36.16,38.5 1 0
binarysearch/binarytree/draw.go:46.4,50.8 4 0
binarysearch/binarytree/draw.go:50.8,55.34 2 0
binarysearch/binarytree/draw.go:55.34,56.25 1 0
binarysearch/binarytree/draw.go:56.25,57.18 1 0
binarysearch/binarytree/draw.go:59.10,59.31 1 0
binarysearch/binarytree/draw.go:59.31,60.25 1 0
binarysearch/binarytree/draw.go:63.7,63.34 1 0
binarysearch/binarytree/draw.go:63.34,64.25 1 0
binarysearch/binarytree/draw.go:64.25,67.11 2 0
binarysearch/binarytree/draw.go:67.16,70.11 2 0
binarysearch/binarytree/draw.go:73.7,74.19 2 0
binarysearch/binarytree/draw.go:81.1,82.37 1 0
binarysearch/binarytree/draw.go:82.37,90.20 2 0
binarysearch/binarytree/draw.go:90.20,118.37 2 0
binarysearch/binarytree/draw.go:118.37,119.27 1 0
binarysearch/binarytree/draw.go:119.27,128.31 1 0
binarysearch/binarytree/draw.go:128.31,130.17 1 0
binarysearch/binarytree/draw.go:130.22,133.17 2 0
binarysearch/binarytree/draw.go:134.19,146.31 1 0
binarysearch/binarytree/draw.go:146.31,153.40 1 0
binarysearch/binarytree/draw.go:153.40,155.20 1 0
binarysearch/binarytree/draw.go:155.25,157.20 1 0
binarysearch/binarytree/draw.go:158.19,158.39 1 0
binarysearch/binarytree/draw.go:158.39,160.20 1 0
binarysearch/binarytree/draw.go:167.22,172.40 1 0
binarysearch/binarytree/draw.go:172.40,174.20 1 0
binarysearch/binarytree/draw.go:174.25,176.20 1 0
binarysearch/binarytree/draw.go:183.19,184.40 2 0
binarysearch/binarytree/draw.go:192.16,192.36 1 0
binarysearch/binarytree/draw.go:192.36,195.17 2 0
binarysearch/binarytree/draw.go:198.10,198.30 1 0
binarysearch/binarytree/draw.go:207.7,207.34 1 0
binarysearch/binarytree/draw.go:207.34,214.25 1 0
binarysearch/binarytree/draw.go:214.25,215.33 1 0
binarysearch/binarytree/draw.go:215.33,218.14 2 0
binarysearch/binarytree/draw.go:219.16,232.33 4 0
binarysearch/binarytree/draw.go:232.33,234.14 1 0
binarysearch/binarytree/draw.go:237.7,237.27 1 0
binarysearch/binarytree/draw.go:242.41,244.2 1 0
binarysearch/binarytree/lbst.go:12.40,14.2 1 0
binarysearch/binarytree/lbst.go:16.44,18.2 1 0
binarysearch/binarytree/lbst.go:20.64,21.16 1 0
binarysearch/binarytree/lbst.go:21.16,21.28 1 0
binarysearch/binarytree/lbst.go:22.4,22.16 1 0
binarysearch/binarytree/lbst.go:22.16,22.28 1 0
binarysearch/binarytree/lbst.go:23.4,23.16 1 0
binarysearch/binarytree/lbst.go:23.16,26.5 2 0
binarysearch/binarytree/lbst.go:26.10,29.5 2 0
binarysearch/binarytree/lbst.go:32.62,34.18 2 0
binarysearch/binarytree/lbst.go:34.18,38.5 3 0
binarysearch/binarytree/lbst.go:39.4,45.34 5 0
binarysearch/binarytree/lbst.go:45.34,49.40 3 0
binarysearch/binarytree/lbst.go:49.40,51.8 1 0
binarysearch/binarytree/lbst.go:51.13,53.8 1 0
binarysearch/binarytree/lbst.go:55.4,55.12 1 0
binarysearch/binarytree/lbst.go:58.62,60.18 2 0
binarysearch/binarytree/lbst.go:60.18,64.5 3 0
binarysearch/binarytree/lbst.go:65.4,69.34 4 0
binarysearch/binarytree/lbst.go:69.34,70.55 1 0
binarysearch/binarytree/lbst.go:70.55,72.8 1 0
binarysearch/binarytree/lbst.go:72.13,74.8 1 0
binarysearch/binarytree/lbst.go:76.4,76.12 1 0
binarysearch/binarytree/lbst.go:79.39,91.2 5 0
binarysearch/binarytree/lbst.go:93.58,94.16 1 0
binarysearch/binarytree/lbst.go:94.16,96.5 1 0
binarysearch/binarytree/lbst.go:96.10,98.5 1 0
binarysearch/binarytree/lbst.go:101.66,102.31 1 0
binarysearch/binarytree/lbst.go:102.31,107.5 4 0
binarysearch/binarytree/lbst.go:108.4,116.34 6 0
binarysearch/binarytree/lbst.go:116.34,121.40 3 0
binarysearch/binarytree/lbst.go:121.40,123.8 1 0
binarysearch/binarytree/lbst.go:123.13,125.8 1 0
binarysearch/binarytree/lbst.go:127.4,127.12 1 0
binarysearch/binarytree/lbst.go:130.66,131.31 1 0
binarysearch/binarytree/lbst.go:131.31,136.5 4 0
binarysearch/binarytree/lbst.go:137.4,145.34 6 0
binarysearch/binarytree/lbst.go:145.34,146.50 1 0
binarysearch/binarytree/lbst.go:146.50,148.8 1 0
binarysearch/binarytree/lbst.go:148.13,150.8 1 0
binarysearch/binarytree/lbst.go:152.4,152.12 1 0
binarysearch/binarytree/lbst.go:155.58,156.16 1 0
binarysearch/binarytree/lbst.go:156.16,158.5 1 0
binarysearch/binarytree/lbst.go:159.4,164.19 4 0
binarysearch/binarytree/lbst.go:164.19,167.5 2 0
binarysearch/binarytree/lbst.go:167.10,170.5 2 0
binarysearch/binarytree/lbst.go:171.4,171.15 1 0
binarysearch/binarytree/lbst.go:174.50,180.2 3 0
binarysearch/binarytree/lbst_bottomup.go:488.32,490.2 1 0
binarysearch/binarytree/lbst_bottomup.go:492.40,498.2 1 0
binarysearch/binarytree/lbst_bottomup.go:500.77,501.16 1 0
binarysearch/binarytree/lbst_bottomup.go:501.16,503.5 1 0
binarysearch/binarytree/lbst_bottomup.go:504.4,511.16 4 0
binarysearch/binarytree/lbst_bottomup.go:511.16,515.37 3 0
binarysearch/binarytree/lbst_bottomup.go:515.37,516.60 1 0
binarysearch/binarytree/lbst_bottomup.go:516.60,518.11 1 0
binarysearch/binarytree/lbst_bottomup.go:518.16,520.11 1 0
binarysearch/binarytree/lbst_bottomup.go:522.10,525.37 2 0
binarysearch/binarytree/lbst_bottomup.go:525.37,526.61 1 0
binarysearch/binarytree/lbst_bottomup.go:526.61,528.11 1 0
binarysearch/binarytree/lbst_bottomup.go:528.16,530.11 1 0
binarysearch/binarytree/lbst_bottomup.go:533.4,533.12 1 0
binarysearch/binarytree/lbst_bottomup.go:536.78,545.16 4 0
binarysearch/binarytree/lbst_bottomup.go:545.16,548.21 3 0
binarysearch/binarytree/lbst_bottomup.go:548.21,550.8 1 0
binarysearch/binarytree/lbst_bottomup.go:551.7,551.21 1 0
binarysearch/binarytree/lbst_bottomup.go:551.21,553.8 1 0
binarysearch/binarytree/lbst_bottomup.go:554.7,554.18 1 0
binarysearch/binarytree/lbst_bottomup.go:554.18,559.8 4 0
binarysearch/binarytree/lbst_bottomup.go:559.13,563.8 3 0
binarysearch/binarytree/lbst_bottomup.go:564.7,564.15 1 0
binarysearch/binarytree/lbst_bottomup.go:566.4,566.15 1 0
binarysearch/binarytree/lbst_bottomup.go:566.15,570.37 3 0
binarysearch/binarytree/lbst_bottomup.go:570.37,573.43 3 0
binarysearch/binarytree/lbst_bottomup.go:573.43,575.11 1 0
binarysearch/binarytree/lbst_bottomup.go:575.16,577.11 1 0
binarysearch/binarytree/lbst_bottomup.go:580.10,583.37 2 0
binarysearch/binarytree/lbst_bottomup.go:583.37,586.43 3 0
binarysearch/binarytree/lbst_bottomup.go:586.43,588.11 1 0
binarysearch/binarytree/lbst_bottomup.go:588.16,590.11 1 0
binarysearch/binarytree/lbst_bottomup.go:593.4,593.12 1 0
binarysearch/binarytree/lbst_bottomup.go:596.47,599.2 1 0
binarysearch/binarytree/lbst_bottomup.go:601.50,605.2 2 0
binarysearch/binarytree/lbst_bottomup.go:607.54,611.2 2 0
binarysearch/binarytree/lbst_bottomup.go:613.55,618.2 3 0
binarysearch/binarytree/lbst_bottomup.go:620.57,625.2 2 0
binarysearch/binarytree/lbst_bottomup.go:627.47,629.2 1 0
binarysearch/binarytree/lbst_bottomup.go:914.57,915.16 1 0
binarysearch/binarytree/lbst_bottomup.go:915.16,917.5 1 0
binarysearch/binarytree/lbst_bottomup.go:918.4,921.39 3 0
binarysearch/binarytree/lbst_bottomup.go:924.62,926.2 1 0
binarysearch/binarytree/lbst_bottomup.go:928.35,932.2 3 0
binarysearch/binarytree/lbst_relaxed.go:107.31,109.2 1 0
binarysearch/binarytree/lbst_relaxed.go:111.39,115.2 1 0
binarysearch/binarytree/lbst_relaxed.go:117.35,119.2 1 0
binarysearch/binarytree/lbst_relaxed.go:122.53,134.18 6 0
binarysearch/binarytree/lbst_relaxed.go:134.18,141.18 5 0
binarysearch/binarytree/lbst_relaxed.go:141.18,145.65 1 0
binarysearch/binarytree/lbst_relaxed.go:145.65,148.11 2 0
binarysearch/binarytree/lbst_relaxed.go:149.10,150.16 2 0
binarysearch/binarytree/lbst_relaxed.go:152.13,156.65 1 0
binarysearch/binarytree/lbst_relaxed.go:156.65,159.11 2 0
binarysearch/binarytree/lbst_relaxed.go:160.10,161.16 2 0
binarysearch/binarytree/lbst_relaxed.go:165.4,169.38 3 0
binarysearch/binarytree/lbst_relaxed.go:169.38,171.5 1 0
binarysearch/binarytree/lbst_relaxed.go:182.64,184.2 1 0
binarysearch/binarytree/lbst_relaxed.go:187.47,189.2 1 0
binarysearch/binarytree/lbst_relaxed.go:191.52,193.2 1 0
binarysearch/binarytree/lbst_relaxed.go:195.53,203.2 3 0
binarysearch/binarytree/lbst_relaxed.go:205.64,206.16 1 0
binarysearch/binarytree/lbst_relaxed.go:206.16,208.5 1 0
binarysearch/binarytree/lbst_relaxed.go:209.4,209.31 1 0
binarysearch/binarytree/lbst_relaxed.go:209.31,215.5 5 0
binarysearch/binarytree/lbst_relaxed.go:216.4,218.12 3 0
binarysearch/binarytree/lbst_relaxed.go:221.64,222.16 1 0
binarysearch/binarytree/lbst_relaxed.go:222.16,224.5 1 0
binarysearch/binarytree/lbst_relaxed.go:225.4,225.31 1 0
binarysearch/binarytree/lbst_relaxed.go:225.31,231.5 5 0
binarysearch/binarytree/lbst_relaxed.go:232.4,235.12 4 0
binarysearch/binarytree/lbst_relaxed.go:238.63,239.15 1 0
binarysearch/binarytree/lbst_relaxed.go:239.15,241.5 1 0
binarysearch/binarytree/lbst_relaxed.go:241.10,243.5 1 0
binarysearch/binarytree/lbst_relaxed.go:246.63,254.2 3 0
binarysearch/binarytree/lbst_relaxed.go:256.48,258.2 1 0
binarysearch/binarytree/lbst_topdown.go:12.31,14.2 1 0
binarysearch/binarytree/lbst_topdown.go:16.39,18.2 1 0
binarysearch/binarytree/lbst_topdown.go:20.56,21.16 1 0
binarysearch/binarytree/lbst_topdown.go:21.16,23.5 1 0
binarysearch/binarytree/lbst_topdown.go:24.4,30.31 5 0
binarysearch/binarytree/lbst_topdown.go:33.61,35.2 1 0
binarysearch/binarytree/lbst_topdown.go:37.34,41.2 3 0
binarysearch/binarytree/lbst_topdown.go:43.53,45.2 1 0
binarysearch/binarytree/lbst_topdown.go:47.57,49.2 1 0
binarysearch/binarytree/lbst_topdown.go:51.71,54.8 1 0
binarysearch/binarytree/lbst_topdown.go:54.8,55.20 1 0
binarysearch/binarytree/lbst_topdown.go:55.20,58.8 2 0
binarysearch/binarytree/lbst_topdown.go:59.7,67.22 4 0
binarysearch/binarytree/lbst_topdown.go:67.22,68.39 1 0
binarysearch/binarytree/lbst_topdown.go:68.39,73.11 1 0
binarysearch/binarytree/lbst_topdown.go:73.16,74.30 1 0
binarysearch/binarytree/lbst_topdown.go:74.30,75.75 1 0
binarysearch/binarytree/lbst_topdown.go:75.75,81.17 2 0
binarysearch/binarytree/lbst_topdown.go:81.22,88.17 3 0
binarysearch/binarytree/lbst_topdown.go:89.19,90.75 1 0
binarysearch/binarytree/lbst_topdown.go:90.75,97.17 3 0
binarysearch/binarytree/lbst_topdown.go:97.22,98.49 1 0
binarysearch/binarytree/lbst_topdown.go:98.49,105.20 3 0
binarysearch/binarytree/lbst_topdown.go:105.25,112.20 3 0
binarysearch/binarytree/lbst_topdown.go:116.13,120.39 1 0
binarysearch/binarytree/lbst_topdown.go:120.39,122.21 2 0
binarysearch/binarytree/lbst_topdown.go:124.10,124.35 1 0
binarysearch/binarytree/lbst_topdown.go:124.35,125.72 1 0
binarysearch/binarytree/lbst_topdown.go:125.72,131.14 2 0
binarysearch/binarytree/lbst_topdown.go:131.19,138.14 3 0
binarysearch/binarytree/lbst_topdown.go:139.16,140.72 1 0
binarysearch/binarytree/lbst_topdown.go:140.72,147.14 3 0
binarysearch/binarytree/lbst_topdown.go:147.19,148.43 1 0
binarysearch/binarytree/lbst_topdown.go:148.43,155.17 3 0
binarysearch/binarytree/lbst_topdown.go:155.22,162.17 3 0
binarysearch/binarytree/lbst_topdown.go:169.79,172.8 1 0
binarysearch/binarytree/lbst_topdown.go:172.8,181.22 4 0
binarysearch/binarytree/lbst_topdown.go:181.22,186.8 4 0
binarysearch/binarytree/lbst_topdown.go:187.7,187.22 1 0
binarysearch/binarytree/lbst_topdown.go:187.22,188.39 1 0
binarysearch/binarytree/lbst_topdown.go:188.39,193.11 1 0
binarysearch/binarytree/lbst_topdown.go:193.16,194.61 1 0
binarysearch/binarytree/lbst_topdown.go:194.61,201.14 3 0
binarysearch/binarytree/lbst_topdown.go:201.19,208.14 3 0
binarysearch/binarytree/lbst_topdown.go:210.13,211.39 1 0
binarysearch/binarytree/lbst_topdown.go:211.39,216.11 1 0
binarysearch/binarytree/lbst_topdown.go:216.16,217.61 1 0
binarysearch/binarytree/lbst_topdown.go:217.61,224.14 3 0
binarysearch/binarytree/lbst_topdown.go:224.19,231.14 3 0
binarysearch/binarytree/lbst_topdown.go:237.56,238.52 1 0
binarysearch/binarytree/lbst_topdown.go:238.52,240.5 1 0
binarysearch/binarytree/lbst_topdown.go:240.10,242.5 1 0
binarysearch/binarytree/lbst_topdown.go:245.56,246.52 1 0
binarysearch/binarytree/lbst_topdown.go:246.52,248.5 1 0
binarysearch/binarytree/lbst_topdown.go:248.10,250.5 1 0
binarysearch/binarytree/lbst_topdown.go:253.52,257.2 3 0
binarysearch/binarytree/lbst_topdown.go:259.54,263.2 3 0
binarysearch/binarytree/lbst_topdown.go:265.65,269.2 3 0
binarysearch/binarytree/lbst_topdown.go:271.67,275.2 3 0
binarysearch/binarytree/lbst_topdown.go:277.53,281.2 2 0
binarysearch/binarytree/lbst_topdown.go:283.54,288.2 3 0
binarysearch/binarytree/lbst_topdown.go:290.47,304.2 5 0
binarysearch/binarytree/lbst_topdown.go:305.60,307.2 1 0
binarysearch/binarytree/lbst_topdown.go:309.60,311.2 1 0
binarysearch/binarytree/lbst_topdown.go:313.68,314.16 1 0
binarysearch/binarytree/lbst_topdown.go:314.16,314.28 1 0
binarysearch/binarytree/lbst_topdown.go:315.4,315.16 1 0
binarysearch/binarytree/lbst_topdown.go:315.16,315.28 1 0
binarysearch/binarytree/lbst_topdown.go:316.4,316.16 1 0
binarysearch/binarytree/lbst_topdown.go:316.16,318.5 1 0
binarysearch/binarytree/lbst_topdown.go:318.10,320.5 1 0
binarysearch/binarytree/lbst_topdown.go:323.66,324.16 1 0
binarysearch/binarytree/lbst_topdown.go:324.16,326.5 1 0
binarysearch/binarytree/lbst_topdown.go:326.10,328.5 1 0
binarysearch/binarytree/lbst_topdown.go:331.73,332.31 1 0
binarysearch/binarytree/lbst_topdown.go:332.31,337.5 4 0
binarysearch/binarytree/lbst_topdown.go:338.4,340.40 3 0
binarysearch/binarytree/lbst_topdown.go:340.40,342.5 1 0
binarysearch/binarytree/lbst_topdown.go:343.4,343.12 1 0
binarysearch/binarytree/lbst_topdown.go:346.73,347.31 1 0
binarysearch/binarytree/lbst_topdown.go:347.31,352.5 4 0
binarysearch/binarytree/lbst_topdown.go:353.4,356.40 4 0
binarysearch/binarytree/lbst_topdown.go:356.40,358.5 1 0
binarysearch/binarytree/lbst_topdown.go:359.4,359.12 1 0
binarysearch/binarytree/lbst_topdown.go:362.64,363.16 1 0
binarysearch/binarytree/lbst_topdown.go:363.16,365.5 1 0
binarysearch/binarytree/lbst_topdown.go:366.4,371.19 4 0
binarysearch/binarytree/lbst_topdown.go:371.19,374.5 2 0
binarysearch/binarytree/lbst_topdown.go:374.10,377.5 2 0
binarysearch/binarytree/lbst_topdown.go:378.4,378.15 1 0
binarysearch/binarytree/lbst_topdown.go:381.56,388.2 3 0
binarysearch/binarytree/measurements.go:7.79,9.2 1 0
binarysearch/binarytree/measurements.go:22.32,24.2 1 0
binarysearch/binarytree/measurements.go:26.47,28.2 1 0
binarysearch/binarytree/measurements.go:35.32,37.2 1 0
binarysearch/binarytree/measurements.go:39.47,41.2 1 0
binarysearch/binarytree/measurements.go:47.36,48.2 0 0
binarysearch/binarytree/measurements.go:50.55,52.2 1 0
binarysearch/binarytree/measurements.go:57.68,59.2 1 0
binarysearch/binarytree/measurements.go:60.36,61.2 0 0
binarysearch/binarytree/measurements.go:67.29,69.2 1 0
binarysearch/binarytree/measurements.go:71.44,73.2 1 0
binarysearch/binarytree/measurements.go:80.40,82.2 1 0
binarysearch/binarytree/measurements.go:84.55,86.2 1 0
binarysearch/binarytree/node.go:106.87,107.16 1 0
binarysearch/binarytree/node.go:107.16,109.5 1 0
binarysearch/binarytree/node.go:110.4,113.59 4 0
binarysearch/binarytree/node.go:121.44,126.2 4 0
binarysearch/binarytree/node.go:143.24,144.16 1 0
binarysearch/binarytree/node.go:144.16,146.5 1 0
binarysearch/binarytree/node.go:146.10,148.5 1 0
binarysearch/binarytree/node.go:151.29,153.2 1 0
binarysearch/binarytree/node.go:161.40,163.2 1 0
binarysearch/binarytree/node.go:165.29,166.16 1 1
binarysearch/binarytree/node.go:166.16,168.5 1 1
binarysearch/binarytree/node.go:169.4,169.54 1 1
binarysearch/binarytree/node.go:173.28,174.16 1 0
binarysearch/binarytree/node.go:174.16,176.5 1 0
binarysearch/binarytree/node.go:176.10,178.5 1 0
binarysearch/binarytree/node.go:183.29,185.2 1 1
binarysearch/binarytree/node.go:188.35,190.2 1 1
binarysearch/binarytree/node.go:212.42,213.16 1 1
binarysearch/binarytree/node.go:213.16,215.5 1 1
binarysearch/binarytree/node.go:216.4,218.22 3 1
binarysearch/binarytree/node.go:221.36,228.2 5 1
binarysearch/binarytree/node.go:230.36,237.2 5 1
binarysearch/binarytree/node.go:240.33,243.2 2 1
binarysearch/binarytree/node.go:246.33,249.2 2 1
binarysearch/binarytree/node.go:336.51,337.16 1 0
binarysearch/binarytree/node.go:337.16,339.5 1 0
binarysearch/binarytree/node.go:340.4,344.12 4 0
binarysearch/binarytree/node.go:446.58,451.2 4 0
binarysearch/binarytree/node.go:453.57,458.2 4 0
binarysearch/binarytree/node.go:477.67,481.8 3 0
binarysearch/binarytree/node.go:481.8,483.21 2 0
binarysearch/binarytree/node.go:483.21,485.15 2 0
binarysearch/binarytree/node.go:487.7,490.14 4 0
binarysearch/binarytree/node.go:492.4,492.17 1 0
binarysearch/binarytree/node.go:495.45,496.8 1 0
binarysearch/binarytree/node.go:496.8,498.24 2 0
binarysearch/binarytree/node.go:498.24,502.8 3 0
binarysearch/binarytree/node.go:503.7,504.18 2 0
binarysearch/binarytree/node.go:508.45,509.8 1 0
binarysearch/binarytree/node.go:509.8,510.24 1 0
binarysearch/binarytree/node.go:510.24,515.8 4 0
binarysearch/binarytree/node.go:516.7,517.18 2 0
binarysearch/binarytree/node.go:551.55,552.8 1 1
binarysearch/binarytree/node.go:552.8,553.19 1 1
binarysearch/binarytree/node.go:553.19,556.8 2 1
binarysearch/binarytree/node.go:557.7,557.18 1 1
binarysearch/binarytree/node.go:557.18,560.8 2 1
binarysearch/binarytree/node.go:560.13,564.8 3 1
binarysearch/binarytree/node.go:828.30,831.2 2 1
binarysearch/binarytree/node.go:833.43,836.2 2 1
binarysearch/binarytree/node.go:838.30,842.2 2 0
binarysearch/binarytree/node.go:844.43,848.2 2 0
binarysearch/binarytree/node.go:864.39,868.2 2 0
binarysearch/binarytree/node.go:869.53,873.2 2 0
binarysearch/binarytree/node.go:874.44,876.2 1 0
binarysearch/binarytree/node.go:877.44,880.2 2 0
binarysearch/binarytree/node.go:882.45,887.2 4 0
binarysearch/binarytree/node.go:888.45,891.2 2 0
binarysearch/binarytree/node.go:892.45,896.2 3 0
binarysearch/binarytree/node.go:898.45,902.2 3 0
binarysearch/binarytree/node.go:904.44,906.2 1 0
binarysearch/binarytree/node.go:908.53,910.2 1 0
binarysearch/binarytree/node.go:912.36,915.2 2 1
binarysearch/binarytree/node.go:917.36,920.2 2 1
binarysearch/binarytree/node.go:922.37,926.2 3 1
binarysearch/binarytree/node.go:928.37,932.2 3 1
binarysearch/binarytree/node.go:964.46,965.18 1 0
binarysearch/binarytree/node.go:965.18,968.5 2 0
binarysearch/binarytree/node.go:969.4,969.10 1 0
binarysearch/binarytree/node.go:974.46,975.18 1 0
binarysearch/binarytree/node.go:975.18,978.5 2 0
binarysearch/binarytree/node.go:979.4,979.10 1 0
binarysearch/binarytree/randomized.go:13.30,17.2 1 0
binarysearch/binarytree/randomized.go:33.38,38.2 1 0
binarysearch/binarytree/randomized.go:44.52,48.8 4 0
binarysearch/binarytree/randomized.go:48.8,49.49 1 0
binarysearch/binarytree/randomized.go:49.49,55.8 5 0
binarysearch/binarytree/randomized.go:56.7,57.22 2 0
binarysearch/binarytree/randomized.go:57.22,61.8 3 0
binarysearch/binarytree/randomized.go:61.13,65.8 3 0
binarysearch/binarytree/randomized.go:69.49,74.8 4 0
binarysearch/binarytree/randomized.go:74.8,76.22 2 0
binarysearch/binarytree/randomized.go:76.22,81.8 4 0
binarysearch/binarytree/randomized.go:82.7,82.21 1 0
binarysearch/binarytree/randomized.go:82.21,86.8 3 0
binarysearch/binarytree/randomized.go:86.13,90.8 3 0
binarysearch/binarytree/randomized.go:94.74,96.8 2 0
binarysearch/binarytree/randomized.go:96.8,97.19 1 0
binarysearch/binarytree/randomized.go:97.19,100.8 2 0
binarysearch/binarytree/randomized.go:101.7,101.19 1 0
binarysearch/binarytree/randomized.go:101.19,104.8 2 0
binarysearch/binarytree/randomized.go:106.7,106.51 1 0
binarysearch/binarytree/randomized.go:106.51,112.8 5 0
binarysearch/binarytree/randomized.go:112.13,119.8 6 0
binarysearch/binarytree/randomized.go:123.45,126.2 1 0
binarysearch/binarytree/randomized.go:128.48,132.2 2 0
binarysearch/binarytree/randomized.go:134.67,135.17 1 0
binarysearch/binarytree/randomized.go:135.17,137.19 2 0
binarysearch/binarytree/randomized.go:137.19,142.8 4 0
binarysearch/binarytree/randomized.go:142.13,147.8 4 0
binarysearch/binarytree/randomized.go:149.4,150.12 2 0
binarysearch/binarytree/randomized.go:153.52,161.2 4 0
binarysearch/binarytree/randomized.go:163.56,167.2 2 0
binarysearch/binarytree/randomized.go:170.46,183.2 5 0
binarysearch/binarytree/randomized.go:185.34,187.2 1 0
binarysearch/binarytree/rank_balanced.go:8.44,9.16 1 1
binarysearch/binarytree/rank_balanced.go:9.16,11.5 1 1
binarysearch/binarytree/rank_balanced.go:11.10,13.5 1 1
binarysearch/binarytree/rank_balanced.go:16.66,20.2 1 1
binarysearch/binarytree/rank_balanced.go:22.64,24.2 1 1
binarysearch/binarytree/rank_balanced.go:26.63,28.2 1 1
binarysearch/binarytree/rank_balanced.go:30.63,32.2 1 1
binarysearch/binarytree/rank_balanced.go:34.65,36.2 1 1
binarysearch/binarytree/rank_balanced.go:38.42,40.2 1 1
binarysearch/binarytree/rank_balanced.go:42.42,44.2 1 1
binarysearch/binarytree/rank_balanced.go:46.51,48.2 1 0
binarysearch/binarytree/rank_balanced.go:50.49,52.2 1 0
binarysearch/binarytree/rank_balanced.go:54.49,56.2 1 1
binarysearch/binarytree/redblack_bottomup.go:27.41,29.2 1 0
binarysearch/binarytree/redblack_bottomup.go:31.49,35.2 1 0
binarysearch/binarytree/redblack_bottomup.go:37.39,41.2 3 0
binarysearch/binarytree/redblack_bottomup.go:43.65,46.2 2 0
binarysearch/binarytree/redblack_bottomup.go:48.51,49.16 1 0
binarysearch/binarytree/redblack_bottomup.go:49.16,51.5 1 0
binarysearch/binarytree/redblack_bottomup.go:52.4,52.18 1 0
binarysearch/binarytree/redblack_bottomup.go:52.18,54.5 1 0
binarysearch/binarytree/redblack_bottomup.go:55.4,69.25 10 0
binarysearch/binarytree/redblack_bottomup.go:72.69,77.2 3 0
binarysearch/binarytree/redblack_bottomup.go:79.84,81.16 2 0
binarysearch/binarytree/redblack_bottomup.go:81.16,85.5 3 0
binarysearch/binarytree/redblack_bottomup.go:86.4,86.15 1 0
binarysearch/binarytree/redblack_bottomup.go:86.15,90.5 3 0
binarysearch/binarytree/redblack_bottomup.go:90.10,93.5 2 0
binarysearch/binarytree/redblack_bottomup.go:97.60,101.32 1 0
binarysearch/binarytree/redblack_bottomup.go:101.32,105.5 1 0
binarysearch/binarytree/redblack_bottomup.go:109.4,109.31 1 0
binarysearch/binarytree/redblack_bottomup.go:109.31,111.5 1 0
binarysearch/binarytree/redblack_bottomup.go:115.4,115.32 1 0
binarysearch/binarytree/redblack_bottomup.go:115.32,128.43 2 0
binarysearch/binarytree/redblack_bottomup.go:128.43,135.8 4 0
binarysearch/binarytree/redblack_bottomup.go:139.7,139.43 1 0
binarysearch/binarytree/redblack_bottomup.go:139.43,146.8 4 0
binarysearch/binarytree/redblack_bottomup.go:154.7,155.15 2 0
binarysearch/binarytree/redblack_bottomup.go:157.10,166.39 1 0
binarysearch/binarytree/redblack_bottomup.go:166.39,171.8 4 0
binarysearch/binarytree/redblack_bottomup.go:175.7,175.39 1 0
binarysearch/binarytree/redblack_bottomup.go:175.39,180.8 4 0
binarysearch/binarytree/redblack_bottomup.go:185.7,186.15 2 0
binarysearch/binarytree/redblack_bottomup.go:190.60,191.32 1 0
binarysearch/binarytree/redblack_bottomup.go:191.32,192.55 1 0
binarysearch/binarytree/redblack_bottomup.go:192.55,194.8 1 0
binarysearch/binarytree/redblack_bottomup.go:196.4,196.59 1 0
binarysearch/binarytree/redblack_bottomup.go:196.59,198.5 1 0
binarysearch/binarytree/redblack_bottomup.go:199.4,199.31 1 0
binarysearch/binarytree/redblack_bottomup.go:199.31,200.69 1 0
binarysearch/binarytree/redblack_bottomup.go:200.69,203.8 2 0
binarysearch/binarytree/redblack_bottomup.go:204.7,204.39 1 0
binarysearch/binarytree/redblack_bottomup.go:204.39,209.8 4 0
binarysearch/binarytree/redblack_bottomup.go:209.13,214.8 4 0
binarysearch/binarytree/redblack_bottomup.go:215.10,217.77 2 0
binarysearch/binarytree/redblack_bottomup.go:217.77,220.8 2 0
binarysearch/binarytree/redblack_bottomup.go:221.7,221.43 1 0
binarysearch/binarytree/redblack_bottomup.go:221.43,226.8 4 0
binarysearch/binarytree/redblack_bottomup.go:227.7,230.15 4 0
binarysearch/binarytree/redblack_bottomup.go:234.68,239.2 3 0
binarysearch/binarytree/redblack_bottomup.go:241.83,242.16 1 0
binarysearch/binarytree/redblack_bottomup.go:242.16,244.5 1 0
binarysearch/binarytree/redblack_bottomup.go:245.4,246.16 2 0
binarysearch/binarytree/redblack_bottomup.go:246.16,250.5 3 0
binarysearch/binarytree/redblack_bottomup.go:250.10,253.5 2 0
binarysearch/binarytree/redblack_bottomup.go:256.60,257.32 1 0
binarysearch/binarytree/redblack_bottomup.go:257.32,258.35 1 0
binarysearch/binarytree/redblack_bottomup.go:258.35,259.74 1 0
binarysearch/binarytree/redblack_bottomup.go:259.74,262.11 2 0
binarysearch/binarytree/redblack_bottomup.go:263.13,264.42 1 0
binarysearch/binarytree/redblack_bottomup.go:264.42,267.11 2 0
binarysearch/binarytree/redblack_bottomup.go:268.10,268.42 1 0
binarysearch/binarytree/redblack_bottomup.go:268.42,271.11 2 0
binarysearch/binarytree/redblack_bottomup.go:274.4,274.12 1 0
binarysearch/binarytree/redblack_bottomup.go:277.60,278.32 1 0
binarysearch/binarytree/redblack_bottomup.go:278.32,279.35 1 0
binarysearch/binarytree/redblack_bottomup.go:279.35,280.74 1 0
binarysearch/binarytree/redblack_bottomup.go:280.74,283.11 2 0
binarysearch/binarytree/redblack_bottomup.go:284.13,285.42 1 0
binarysearch/binarytree/redblack_bottomup.go:285.42,288.11 2 0
binarysearch/binarytree/redblack_bottomup.go:289.10,289.42 1 0
binarysearch/binarytree/redblack_bottomup.go:289.42,292.11 2 0
binarysearch/binarytree/redblack_bottomup.go:295.4,295.12 1 0
binarysearch/binarytree/redblack_bottomup.go:299.74,300.16 1 0
binarysearch/binarytree/redblack_bottomup.go:300.16,302.5 1 0
binarysearch/binarytree/redblack_bottomup.go:303.4,308.19 4 0
binarysearch/binarytree/redblack_bottomup.go:308.19,311.5 2 0
binarysearch/binarytree/redblack_bottomup.go:311.10,314.5 2 0
binarysearch/binarytree/redblack_bottomup.go:315.4,315.15 1 0
binarysearch/binarytree/redblack_bottomup.go:318.76,324.2 3 0
binarysearch/binarytree/redblack_bottomup.go:326.68,328.18 2 0
binarysearch/binarytree/redblack_bottomup.go:328.18,331.5 2 0
binarysearch/binarytree/redblack_bottomup.go:332.4,334.33 3 0
binarysearch/binarytree/redblack_bottomup.go:338.68,340.18 2 0
binarysearch/binarytree/redblack_bottomup.go:340.18,343.5 2 0
binarysearch/binarytree/redblack_bottomup.go:344.4,345.33 2 0
binarysearch/binarytree/redblack_bottomup.go:349.71,350.36 1 0
binarysearch/binarytree/redblack_bottomup.go:350.36,359.77 5 0
binarysearch/binarytree/redblack_bottomup.go:359.77,361.8 1 0
binarysearch/binarytree/redblack_bottomup.go:362.7,362.15 1 0
binarysearch/binarytree/redblack_bottomup.go:364.4,364.35 1 0
binarysearch/binarytree/redblack_bottomup.go:364.35,369.5 4 0
binarysearch/binarytree/redblack_bottomup.go:369.10,373.5 3 0
binarysearch/binarytree/redblack_bottomup.go:376.71,377.16 1 0
binarysearch/binarytree/redblack_bottomup.go:377.16,377.28 1 0
binarysearch/binarytree/redblack_bottomup.go:378.4,378.16 1 0
binarysearch/binarytree/redblack_bottomup.go:378.16,378.28 1 0
binarysearch/binarytree/redblack_bottomup.go:379.4,379.35 1 0
binarysearch/binarytree/redblack_bottomup.go:379.35,381.5 1 0
binarysearch/binarytree/redblack_bottomup.go:381.10,383.5 1 0
binarysearch/binarytree/redblack_bottomup.go:386.62,396.2 3 0
binarysearch/binarytree/redblack_relaxed.go:10.58,15.2 3 0
binarysearch/binarytree/redblack_relaxed.go:17.68,18.16 1 0
binarysearch/binarytree/redblack_relaxed.go:18.16,20.5 1 0
binarysearch/binarytree/redblack_relaxed.go:21.4,26.19 4 0
binarysearch/binarytree/redblack_relaxed.go:26.19,29.5 2 0
binarysearch/binarytree/redblack_relaxed.go:29.10,32.5 2 0
binarysearch/binarytree/redblack_relaxed.go:33.4,33.15 1 0
binarysearch/binarytree/redblack_relaxed.go:36.82,42.2 3 0
binarysearch/binarytree/redblack_relaxed.go:44.65,45.36 1 0
binarysearch/binarytree/redblack_relaxed.go:45.36,51.5 5 0
binarysearch/binarytree/redblack_relaxed.go:52.4,52.35 1 0
binarysearch/binarytree/redblack_relaxed.go:52.35,57.5 4 0
binarysearch/binarytree/redblack_relaxed.go:57.10,61.5 3 0
binarysearch/binarytree/redblack_relaxed.go:64.65,65.16 1 0
binarysearch/binarytree/redblack_relaxed.go:65.16,67.5 1 0
binarysearch/binarytree/redblack_relaxed.go:68.4,68.16 1 0
binarysearch/binarytree/redblack_relaxed.go:68.16,70.5 1 0
binarysearch/binarytree/redblack_relaxed.go:71.4,71.35 1 0
binarysearch/binarytree/redblack_relaxed.go:71.35,73.5 1 0
binarysearch/binarytree/redblack_relaxed.go:73.10,75.5 1 0
binarysearch/binarytree/redblack_relaxed.go:78.73,88.2 3 0
binarysearch/binarytree/redblack_relaxed.go:90.49,91.32 1 0
binarysearch/binarytree/redblack_relaxed.go:91.32,92.35 1 0
binarysearch/binarytree/redblack_relaxed.go:92.35,93.74 1 0
binarysearch/binarytree/redblack_relaxed.go:93.74,96.11 2 0
binarysearch/binarytree/redblack_relaxed.go:97.13,98.42 1 0
binarysearch/binarytree/redblack_relaxed.go:98.42,100.11 1 0
binarysearch/binarytree/redblack_relaxed.go:101.10,101.42 1 0
binarysearch/binarytree/redblack_relaxed.go:101.42,103.11 1 0
binarysearch/binarytree/redblack_relaxed.go:106.4,106.12 1 0
binarysearch/binarytree/redblack_relaxed.go:109.49,110.32 1 0
binarysearch/binarytree/redblack_relaxed.go:110.32,111.35 1 0
binarysearch/binarytree/redblack_relaxed.go:111.35,112.74 1 0
binarysearch/binarytree/redblack_relaxed.go:112.74,114.11 1 0
binarysearch/binarytree/redblack_relaxed.go:115.13,116.42 1 0
binarysearch/binarytree/redblack_relaxed.go:116.42,118.11 1 0
binarysearch/binarytree/redblack_relaxed.go:119.10,119.42 1 0
binarysearch/binarytree/redblack_relaxed.go:119.42,121.11 1 0
binarysearch/binarytree/redblack_relaxed.go:124.4,124.12 1 0
binarysearch/binarytree/redblack_relaxed.go:127.50,128.16 1 0
binarysearch/binarytree/redblack_relaxed.go:128.16,130.5 1 0
binarysearch/binarytree/redblack_relaxed.go:131.4,135.32 3 0
binarysearch/binarytree/redblack_relaxed.go:135.32,138.5 2 0
binarysearch/binarytree/redblack_relaxed.go:139.4,139.32 1 0
binarysearch/binarytree/redblack_relaxed.go:139.32,142.5 2 0
binarysearch/binarytree/redblack_relaxed.go:143.4,144.25 2 0
binarysearch/binarytree/redblack_relaxed.go:147.38,150.2 2 0
binarysearch/binarytree/redblack_relaxed_bottomup.go:9.43,11.2 1 0
binarysearch/binarytree/redblack_relaxed_bottomup.go:13.51,19.2 1 0
binarysearch/binarytree/redblack_relaxed_bottomup.go:21.80,22.16 1 0
binarysearch/binarytree/redblack_relaxed_bottomup.go:22.16,24.5 1 0
binarysearch/binarytree/redblack_relaxed_bottomup.go:25.4,26.16 2 0
binarysearch/binarytree/redblack_relaxed_bottomup.go:26.16,30.5 3 0
binarysearch/binarytree/redblack_relaxed_bottomup.go:30.10,33.5 2 0
binarysearch/binarytree/redblack_relaxed_bottomup.go:36.65,41.2 3 0
binarysearch/binarytree/redblack_relaxed_bottomup.go:43.58,46.2 1 0
binarysearch/binarytree/redblack_relaxed_bottomup.go:48.61,52.2 2 0
binarysearch/binarytree/redblack_relaxed_bottomup.go:54.60,58.2 1 0
binarysearch/binarytree/redblack_relaxed_bottomup.go:60.69,64.2 2 0
binarysearch/binarytree/redblack_relaxed_topdown.go:9.42,11.2 1 0
binarysearch/binarytree/redblack_relaxed_topdown.go:13.50,19.2 1 0
binarysearch/binarytree/redblack_relaxed_topdown.go:23.74,28.17 1 0
binarysearch/binarytree/redblack_relaxed_topdown.go:28.17,31.5 2 0
binarysearch/binarytree/redblack_relaxed_topdown.go:32.4,36.27 2 0
binarysearch/binarytree/redblack_relaxed_topdown.go:36.27,38.5 1 0
binarysearch/binarytree/redblack_relaxed_topdown.go:42.4,42.8 1 0
binarysearch/binarytree/redblack_relaxed_topdown.go:42.8,47.22 1 0
binarysearch/binarytree/redblack_relaxed_topdown.go:47.22,55.27 1 0
binarysearch/binarytree/redblack_relaxed_topdown.go:55.27,58.11 2 0
binarysearch/binarytree/redblack_relaxed_topdown.go:59.10,59.71 1 0
binarysearch/binarytree/redblack_relaxed_topdown.go:59.71,61.21 2 0
binarysearch/binarytree/redblack_relaxed_topdown.go:63.10,63.37 1 0
binarysearch/binarytree/redblack_relaxed_topdown.go:63.37,66.21 3 0
binarysearch/binarytree/redblack_relaxed_topdown.go:77.10,77.27 1 0
binarysearch/binarytree/redblack_relaxed_topdown.go:77.27,84.32 1 0
binarysearch/binarytree/redblack_relaxed_topdown.go:84.32,86.54 2 0
binarysearch/binarytree/redblack_relaxed_topdown.go:86.54,88.17 1 0
binarysearch/binarytree/redblack_relaxed_topdown.go:89.16,89.22 1 0
binarysearch/binarytree/redblack_relaxed_topdown.go:93.13,93.43 1 0
binarysearch/binarytree/redblack_relaxed_topdown.go:93.43,96.24 3 0
binarysearch/binarytree/redblack_relaxed_topdown.go:100.13,100.51 1 0
binarysearch/binarytree/redblack_relaxed_topdown.go:100.51,104.24 4 0
binarysearch/binarytree/redblack_relaxed_topdown.go:110.13,113.21 4 0
binarysearch/binarytree/redblack_relaxed_topdown.go:115.16,119.32 1 0
binarysearch/binarytree/redblack_relaxed_topdown.go:119.32,121.54 2 0
binarysearch/binarytree/redblack_relaxed_topdown.go:121.54,123.17 1 0
binarysearch/binarytree/redblack_relaxed_topdown.go:124.16,124.22 1 0
binarysearch/binarytree/redblack_relaxed_topdown.go:130.13,130.43 1 0
binarysearch/binarytree/redblack_relaxed_topdown.go:130.43,133.24 3 0
binarysearch/binarytree/redblack_relaxed_topdown.go:137.13,137.51 1 0
binarysearch/binarytree/redblack_relaxed_topdown.go:137.51,141.24 4 0
binarysearch/binarytree/redblack_relaxed_topdown.go:148.13,154.28 3 0
binarysearch/binarytree/redblack_relaxed_topdown.go:154.28,156.14 1 0
binarysearch/binarytree/redblack_relaxed_topdown.go:156.19,158.14 1 0
binarysearch/binarytree/redblack_relaxed_topdown.go:160.13,168.27 1 0
binarysearch/binarytree/redblack_relaxed_topdown.go:168.27,171.11 2 0
binarysearch/binarytree/redblack_relaxed_topdown.go:172.10,172.71 1 0
binarysearch/binarytree/redblack_relaxed_topdown.go:172.71,174.21 2 0
binarysearch/binarytree/redblack_relaxed_topdown.go:176.10,176.37 1 0
binarysearch/binarytree/redblack_relaxed_topdown.go:176.37,179.21 3 0
binarysearch/binarytree/redblack_relaxed_topdown.go:187.10,187.35 1 0
binarysearch/binarytree/redblack_relaxed_topdown.go:187.35,194.32 1 0
binarysearch/binarytree/redblack_relaxed_topdown.go:194.32,196.54 2 0
binarysearch/binarytree/redblack_relaxed_topdown.go:196.54,198.17 1 0
binarysearch/binarytree/redblack_relaxed_topdown.go:199.16,199.22 1 0
binarysearch/binarytree/redblack_relaxed_topdown.go:205.13,205.43 1 0
binarysearch/binarytree/redblack_relaxed_topdown.go:205.43,208.24 3 0
binarysearch/binarytree/redblack_relaxed_topdown.go:212.13,212.51 1 0
binarysearch/binarytree/redblack_relaxed_topdown.go:212.51,216.24 4 0
binarysearch/binarytree/redblack_relaxed_topdown.go:222.13,225.21 4 0
binarysearch/binarytree/redblack_relaxed_topdown.go:227.16,231.32 1 0
binarysearch/binarytree/redblack_relaxed_topdown.go:231.32,233.54 2 0
binarysearch/binarytree/redblack_relaxed_topdown.go:233.54,235.17 1 0
binarysearch/binarytree/redblack_relaxed_topdown.go:236.16,236.22 1 0
binarysearch/binarytree/redblack_relaxed_topdown.go:242.13,242.43 1 0
binarysearch/binarytree/redblack_relaxed_topdown.go:242.43,245.24 3 0
binarysearch/binarytree/redblack_relaxed_topdown.go:249.13,249.51 1 0
binarysearch/binarytree/redblack_relaxed_topdown.go:249.51,253.24 4 0
binarysearch/binarytree/redblack_relaxed_topdown.go:260.13,266.27 3 0
binarysearch/binarytree/redblack_relaxed_topdown.go:266.27,268.14 1 0
binarysearch/binarytree/redblack_relaxed_topdown.go:268.19,270.14 1 0
binarysearch/binarytree/redblack_relaxed_topdown.go:276.57,279.2 1 0
binarysearch/binarytree/redblack_relaxed_topdown.go:281.60,285.2 2 0
binarysearch/binarytree/redblack_relaxed_topdown.go:287.64,291.2 2 0
binarysearch/binarytree/redblack_relaxed_topdown.go:293.59,297.2 1 0
binarysearch/binarytree/redblack_relaxed_topdown.go:299.68,303.2 2 0
binarysearch/binarytree/sandbox.go:7.14,9.2 0 1
binarysearch/binarytree/sandbox.go:143.16,146.8 2 0
binarysearch/binarytree/sandbox.go:146.8,150.68 2 0
binarysearch/binarytree/sandbox.go:150.68,152.8 1 0
binarysearch/binarytree/sandbox.go:154.7,154.18 1 0
binarysearch/binarytree/skiplist_ziptree.go:14.23,18.2 1 0
binarysearch/binarytree/skiplist_ziptree.go:20.31,25.2 1 0
binarysearch/binarytree/skiplist_ziptree.go:27.38,29.2 1 0
binarysearch/binarytree/skiplist_ziptree.go:31.58,33.17 1 0
binarysearch/binarytree/skiplist_ziptree.go:33.17,35.19 2 0
binarysearch/binarytree/skiplist_ziptree.go:35.19,40.8 4 0
binarysearch/binarytree/skiplist_ziptree.go:40.13,45.8 4 0
binarysearch/binarytree/skiplist_ziptree.go:47.4,48.12 2 0
binarysearch/binarytree/skiplist_ziptree.go:63.45,69.18 4 0
binarysearch/binarytree/skiplist_ziptree.go:69.18,70.23 1 0
binarysearch/binarytree/skiplist_ziptree.go:70.23,71.15 1 0
binarysearch/binarytree/skiplist_ziptree.go:73.7,73.22 1 0
binarysearch/binarytree/skiplist_ziptree.go:73.22,74.27 1 0
binarysearch/binarytree/skiplist_ziptree.go:74.27,75.18 1 0
binarysearch/binarytree/skiplist_ziptree.go:77.10,79.21 3 0
binarysearch/binarytree/skiplist_ziptree.go:80.13,84.8 3 0
binarysearch/binarytree/skiplist_ziptree.go:87.4,89.10 3 0
binarysearch/binarytree/skiplist_ziptree.go:92.39,93.16 1 0
binarysearch/binarytree/skiplist_ziptree.go:93.16,95.5 1 0
binarysearch/binarytree/skiplist_ziptree.go:95.10,97.5 1 0
binarysearch/binarytree/skiplist_ziptree.go:100.56,103.8 2 0
binarysearch/binarytree/skiplist_ziptree.go:103.8,104.19 1 0
binarysearch/binarytree/skiplist_ziptree.go:104.19,107.8 2 0
binarysearch/binarytree/skiplist_ziptree.go:108.7,108.19 1 0
binarysearch/binarytree/skiplist_ziptree.go:108.19,111.8 2 0
binarysearch/binarytree/skiplist_ziptree.go:113.7,113.39 1 0
binarysearch/binarytree/skiplist_ziptree.go:113.39,119.8 5 0
binarysearch/binarytree/skiplist_ziptree.go:119.13,125.8 5 0
binarysearch/binarytree/skiplist_ziptree.go:185.56,186.8 1 0
binarysearch/binarytree/skiplist_ziptree.go:186.8,187.22 1 0
binarysearch/binarytree/skiplist_ziptree.go:187.22,193.44 3 0
binarysearch/binarytree/skiplist_ziptree.go:193.44,195.11 1 0
binarysearch/binarytree/skiplist_ziptree.go:195.16,198.11 2 0
binarysearch/binarytree/skiplist_ziptree.go:199.10,199.16 1 0
binarysearch/binarytree/skiplist_ziptree.go:201.7,202.21 2 0
binarysearch/binarytree/skiplist_ziptree.go:202.21,205.8 2 0
binarysearch/binarytree/skiplist_ziptree.go:205.13,208.8 2 0
binarysearch/binarytree/skiplist_ziptree.go:212.46,219.2 3 0
binarysearch/binarytree/skiplist_ziptree.go:221.44,228.2 3 0
binarysearch/binarytree/skiplist_ziptree.go:230.49,235.2 2 0
binarysearch/binarytree/skiplist_ziptree.go:237.38,240.2 1 0
binarysearch/binarytree/skiplist_ziptree.go:242.41,246.2 2 0
binarysearch/binarytree/skiplist_ziptree.go:248.39,256.2 5 0
binarysearch/binarytree/skiplist_ziptree.go:258.39,259.16 1 0
binarysearch/binarytree/skiplist_ziptree.go:259.16,261.5 1 0
binarysearch/binarytree/skiplist_ziptree.go:262.4,266.25 4 0
binarysearch/binarytree/skiplist_ziptree.go:291.27,294.2 2 0
binarysearch/binarytree/splay.go:9.30,11.2 1 0
binarysearch/binarytree/splay.go:13.33,15.2 1 0
binarysearch/binarytree/splay.go:32.76,40.2 6 0
binarysearch/binarytree/splay.go:52.76,59.2 6 0
binarysearch/binarytree/splay.go:61.43,64.2 2 0
binarysearch/binarytree/splay.go:66.43,69.2 2 0
binarysearch/binarytree/splay.go:71.53,76.17 5 0
binarysearch/binarytree/splay.go:76.17,77.18 1 0
binarysearch/binarytree/splay.go:77.18,78.23 1 0
binarysearch/binarytree/splay.go:78.23,80.11 1 0
binarysearch/binarytree/splay.go:80.16,80.30 1 0
binarysearch/binarytree/splay.go:80.30,83.11 2 0
binarysearch/binarytree/splay.go:83.16,85.18 2 0
binarysearch/binarytree/splay.go:87.13,88.29 1 0
binarysearch/binarytree/splay.go:88.29,90.11 1 0
binarysearch/binarytree/splay.go:90.16,90.36 1 0
binarysearch/binarytree/splay.go:90.36,93.11 2 0
binarysearch/binarytree/splay.go:93.16,95.18 2 0
binarysearch/binarytree/splay.go:99.4,104.12 6 0
binarysearch/binarytree/splay.go:107.38,109.2 1 0
binarysearch/binarytree/splay.go:111.32,113.2 1 0
binarysearch/binarytree/splay.go:117.48,121.2 2 0
binarysearch/binarytree/splay.go:126.47,130.2 2 0
binarysearch/binarytree/splay.go:136.47,140.22 1 0
binarysearch/binarytree/splay.go:140.22,144.5 3 0
binarysearch/binarytree/splay.go:145.4,147.15 3 0
binarysearch/binarytree/splay.go:153.48,162.2 6 0
binarysearch/binarytree/splay.go:164.51,168.22 2 0
binarysearch/binarytree/splay.go:168.22,171.5 1 0
binarysearch/binarytree/splay.go:174.4,177.68 2 0
binarysearch/binarytree/splay.go:183.62,191.2 6 0
binarysearch/binarytree/splay.go:193.41,197.2 3 0
binarysearch/binarytree/splay.go:199.44,200.16 1 0
binarysearch/binarytree/splay.go:200.16,202.5 1 0
binarysearch/binarytree/splay.go:203.4,204.19 2 0
binarysearch/binarytree/splay.go:204.19,205.23 1 0
binarysearch/binarytree/splay.go:205.23,210.8 4 0
binarysearch/binarytree/splay.go:210.13,213.8 2 0
binarysearch/binarytree/splay.go:215.4,215.12 1 0
binarysearch/binarytree/splay.go:221.49,222.16 1 0
binarysearch/binarytree/splay.go:222.16,224.5 1 0
binarysearch/binarytree/splay.go:225.4,227.12 3 0
binarysearch/binarytree/splay.go:230.29,232.2 1 0
binarysearch/binarytree/treap_fingertree.go:13.35,17.2 1 0
binarysearch/binarytree/treap_fingertree.go:19.43,24.2 1 0
binarysearch/binarytree/treap_fingertree.go:41.71,43.8 1 0
binarysearch/binarytree/treap_fingertree.go:43.8,44.19 1 0
binarysearch/binarytree/treap_fingertree.go:44.19,46.8 1 0
binarysearch/binarytree/treap_fingertree.go:47.7,54.13 8 0
binarysearch/binarytree/treap_fingertree.go:58.63,59.8 1 0
binarysearch/binarytree/treap_fingertree.go:59.8,60.19 1 0
binarysearch/binarytree/treap_fingertree.go:60.19,62.8 1 0
binarysearch/binarytree/treap_fingertree.go:63.7,67.12 5 0
binarysearch/binarytree/treap_fingertree.go:90.50,92.2 1 0
binarysearch/binarytree/treap_fingertree.go:94.68,102.2 6 0
binarysearch/binarytree/treap_fingertree.go:104.68,113.2 7 0
binarysearch/binarytree/treap_fingertree.go:115.59,131.2 9 0
binarysearch/binarytree/treap_fingertree.go:133.58,149.2 9 0
binarysearch/binarytree/treap_fingertree.go:151.55,152.8 1 0
binarysearch/binarytree/treap_fingertree.go:152.8,153.21 1 0
binarysearch/binarytree/treap_fingertree.go:153.21,154.31 1 0
binarysearch/binarytree/treap_fingertree.go:154.31,157.11 2 0
binarysearch/binarytree/treap_fingertree.go:158.13,159.25 1 0
binarysearch/binarytree/treap_fingertree.go:159.25,161.21 2 0
binarysearch/binarytree/treap_fingertree.go:164.7,164.15 1 0
binarysearch/binarytree/treap_fingertree.go:168.55,169.8 1 0
binarysearch/binarytree/treap_fingertree.go:169.8,170.21 1 0
binarysearch/binarytree/treap_fingertree.go:170.21,171.31 1 0
binarysearch/binarytree/treap_fingertree.go:171.31,174.11 2 0
binarysearch/binarytree/treap_fingertree.go:175.13,176.25 1 0
binarysearch/binarytree/treap_fingertree.go:176.25,178.21 2 0
binarysearch/binarytree/treap_fingertree.go:181.7,181.15 1 0
binarysearch/binarytree/treap_fingertree.go:184.51,185.16 1 0
binarysearch/binarytree/treap_fingertree.go:185.16,187.5 1 0
binarysearch/binarytree/treap_fingertree.go:187.10,189.5 1 0
binarysearch/binarytree/treap_fingertree.go:191.51,192.34 1 0
binarysearch/binarytree/treap_fingertree.go:192.34,200.5 7 0
binarysearch/binarytree/treap_fingertree.go:204.51,205.34 1 0
binarysearch/binarytree/treap_fingertree.go:205.34,212.5 6 0
binarysearch/binarytree/treap_fingertree.go:219.47,221.2 1 0
binarysearch/binarytree/treap_fingertree.go:230.47,232.2 1 0
binarysearch/binarytree/treap_fingertree.go:233.50,235.2 1 0
binarysearch/binarytree/treap_fingertree.go:236.50,238.2 1 0
binarysearch/binarytree/treap_fingertree.go:240.51,247.2 6 0
binarysearch/binarytree/treap_fingertree.go:249.52,257.2 7 0
binarysearch/binarytree/treap_fingertree.go:259.53,261.11 1 0
binarysearch/binarytree/treap_fingertree.go:262.25,263.36 1 0
binarysearch/binarytree/treap_fingertree.go:264.25,265.52 1 0
binarysearch/binarytree/treap_fingertree.go:266.12,267.25 1 0
binarysearch/binarytree/treap_fingertree.go:271.57,273.11 1 0
binarysearch/binarytree/treap_fingertree.go:274.25,275.32 1 0
binarysearch/binarytree/treap_fingertree.go:276.25,277.44 1 0
binarysearch/binarytree/treap_fingertree.go:278.12,280.22 2 0
binarysearch/binarytree/treap_fingertree.go:284.61,286.8 2 0
binarysearch/binarytree/treap_fingertree.go:286.8,287.17 1 0
binarysearch/binarytree/treap_fingertree.go:287.17,289.8 1 0
binarysearch/binarytree/treap_fingertree.go:290.7,290.18 1 0
binarysearch/binarytree/treap_fingertree.go:290.18,293.8 2 0
binarysearch/binarytree/treap_fingertree.go:293.13,295.8 1 0
binarysearch/binarytree/treap_fingertree.go:299.65,304.8 4 0
binarysearch/binarytree/treap_fingertree.go:304.8,305.17 1 0
binarysearch/binarytree/treap_fingertree.go:305.17,308.8 2 0
binarysearch/binarytree/treap_fingertree.go:309.7,309.18 1 0
binarysearch/binarytree/treap_fingertree.go:309.18,313.8 3 0
binarysearch/binarytree/treap_fingertree.go:313.13,317.8 3 0
binarysearch/binarytree/treap_fingertree.go:321.65,326.8 4 0
binarysearch/binarytree/treap_fingertree.go:326.8,327.17 1 0
binarysearch/binarytree/treap_fingertree.go:327.17,330.8 2 0
binarysearch/binarytree/treap_fingertree.go:331.7,331.18 1 0
binarysearch/binarytree/treap_fingertree.go:331.18,335.8 3 0
binarysearch/binarytree/treap_fingertree.go:335.13,339.8 3 0
binarysearch/binarytree/treap_fingertree.go:343.61,345.8 2 0
binarysearch/binarytree/treap_fingertree.go:345.8,346.17 1 0
binarysearch/binarytree/treap_fingertree.go:346.17,348.8 1 0
binarysearch/binarytree/treap_fingertree.go:349.7,349.18 1 0
binarysearch/binarytree/treap_fingertree.go:349.18,352.8 2 0
binarysearch/binarytree/treap_fingertree.go:352.13,354.8 1 0
binarysearch/binarytree/treap_fingertree.go:358.68,359.8 1 0
binarysearch/binarytree/treap_fingertree.go:359.8,360.20 1 0
binarysearch/binarytree/treap_fingertree.go:360.20,363.8 2 0
binarysearch/binarytree/treap_fingertree.go:364.7,364.24 1 0
binarysearch/binarytree/treap_fingertree.go:364.24,369.8 4 0
binarysearch/binarytree/treap_fingertree.go:370.7,371.22 2 0
binarysearch/binarytree/treap_fingertree.go:371.22,373.8 1 0
binarysearch/binarytree/treap_fingertree.go:373.13,375.8 1 0
binarysearch/binarytree/treap_fingertree.go:379.65,387.8 7 0
binarysearch/binarytree/treap_fingertree.go:387.8,389.18 1 0
binarysearch/binarytree/treap_fingertree.go:389.18,393.18 4 0
binarysearch/binarytree/treap_fingertree.go:396.7,396.38 1 0
binarysearch/binarytree/treap_fingertree.go:396.38,403.8 6 0
binarysearch/binarytree/treap_fingertree.go:405.7,407.13 3 0
binarysearch/binarytree/treap_fingertree.go:411.60,414.14 2 0
binarysearch/binarytree/treap_fingertree.go:414.14,417.5 1 0
binarysearch/binarytree/treap_fingertree.go:418.4,418.22 1 0
binarysearch/binarytree/treap_fingertree.go:418.22,421.5 1 0
binarysearch/binarytree/treap_fingertree.go:422.4,422.24 1 0
binarysearch/binarytree/treap_fingertree.go:422.24,424.5 1 0
binarysearch/binarytree/treap_fingertree.go:424.10,426.5 1 0
binarysearch/binarytree/treap_fingertree.go:429.60,434.2 2 0
binarysearch/binarytree/treap_fingertree.go:436.68,448.24 4 0
binarysearch/binarytree/treap_fingertree.go:448.24,452.5 3 0
binarysearch/binarytree/treap_fingertree.go:453.4,475.15 17 0
binarysearch/binarytree/treap_fingertree.go:478.68,487.24 4 0
binarysearch/binarytree/treap_fingertree.go:487.24,491.5 3 0
binarysearch/binarytree/treap_fingertree.go:492.4,517.15 20 0
binarysearch/binarytree/treap_fingertree.go:524.65,532.8 6 0
binarysearch/binarytree/treap_fingertree.go:532.8,534.18 1 0
binarysearch/binarytree/treap_fingertree.go:534.18,538.18 4 0
binarysearch/binarytree/treap_fingertree.go:541.7,541.38 1 0
binarysearch/binarytree/treap_fingertree.go:541.38,549.8 6 0
binarysearch/binarytree/treap_fingertree.go:551.7,553.13 3 0
binarysearch/binarytree/treap_fingertree.go:561.57,563.24 1 0
binarysearch/binarytree/treap_fingertree.go:563.24,567.5 3 0
binarysearch/binarytree/treap_fingertree.go:568.4,568.24 1 0
binarysearch/binarytree/treap_fingertree.go:568.24,569.17 1 0
binarysearch/binarytree/treap_fingertree.go:569.17,571.8 1 0
binarysearch/binarytree/treap_fingertree.go:571.13,573.8 1 0
binarysearch/binarytree/treap_fingertree.go:574.10,575.25 1 0
binarysearch/binarytree/treap_fingertree.go:575.25,577.8 1 0
binarysearch/binarytree/treap_fingertree.go:577.13,579.8 1 0
binarysearch/binarytree/treap_fingertree.go:706.51,714.2 6 0
binarysearch/binarytree/treap_fingertree.go:716.50,723.2 5 0
binarysearch/binarytree/treap_fingertree.go:724.67,725.8 1 0
binarysearch/binarytree/treap_fingertree.go:725.8,726.22 1 0
binarysearch/binarytree/treap_fingertree.go:726.22,728.44 2 0
binarysearch/binarytree/treap_fingertree.go:728.44,730.11 1 0
binarysearch/binarytree/treap_fingertree.go:730.16,734.11 2 0
binarysearch/binarytree/treap_fingertree.go:735.10,735.16 1 0
binarysearch/binarytree/treap_fingertree.go:737.7,738.21 2 0
binarysearch/binarytree/treap_fingertree.go:738.21,740.8 1 0
binarysearch/binarytree/treap_fingertree.go:740.13,742.8 1 0
binarysearch/binarytree/treap_fingertree.go:745.66,747.14 1 0
binarysearch/binarytree/treap_fingertree.go:747.14,750.5 2 0
binarysearch/binarytree/treap_fingertree.go:751.4,755.18 5 0
binarysearch/binarytree/treap_fingertree.go:755.18,759.5 3 0
binarysearch/binarytree/treap_fingertree.go:760.4,760.17 1 0
binarysearch/binarytree/treap_fingertree.go:760.17,764.5 3 0
binarysearch/binarytree/treap_fingertree.go:765.4,772.23 8 0
binarysearch/binarytree/treap_fingertree.go:775.69,778.8 2 0
binarysearch/binarytree/treap_fingertree.go:778.8,779.19 1 0
binarysearch/binarytree/treap_fingertree.go:779.19,782.8 2 0
binarysearch/binarytree/treap_fingertree.go:783.7,783.19 1 0
binarysearch/binarytree/treap_fingertree.go:783.19,786.8 2 0
binarysearch/binarytree/treap_fingertree.go:787.7,787.21 1 0
binarysearch/binarytree/treap_fingertree.go:787.21,793.8 5 0
binarysearch/binarytree/treap_fingertree.go:793.13,799.8 5 0
binarysearch/binarytree/treap_fingertree.go:803.66,805.24 1 0
binarysearch/binarytree/treap_fingertree.go:805.24,808.5 2 0
binarysearch/binarytree/treap_fingertree.go:809.4,813.18 5 0
binarysearch/binarytree/treap_fingertree.go:813.18,817.5 3 0
binarysearch/binarytree/treap_fingertree.go:819.4,819.17 1 0
binarysearch/binarytree/treap_fingertree.go:819.17,824.5 3 0
binarysearch/binarytree/treap_fingertree.go:826.4,833.23 8 0
binarysearch/binarytree/treap_fingertree.go:846.64,848.8 2 0
binarysearch/binarytree/treap_fingertree.go:848.8,849.19 1 0
binarysearch/binarytree/treap_fingertree.go:849.19,851.8 1 0
binarysearch/binarytree/treap_fingertree.go:852.7,858.12 7 0
binarysearch/binarytree/treap_fingertree.go:861.50,873.24 6 0
binarysearch/binarytree/treap_fingertree.go:873.24,875.5 1 0
binarysearch/binarytree/treap_fingertree.go:878.4,879.49 2 0
binarysearch/binarytree/treap_fingertree.go:882.58,884.11 1 0
binarysearch/binarytree/treap_fingertree.go:885.25,887.18 2 0
binarysearch/binarytree/treap_fingertree.go:888.25,890.18 2 0
binarysearch/binarytree/treap_fingertree.go:891.12,893.18 2 0
binarysearch/binarytree/treap_fingertree.go:895.4,895.10 1 0
binarysearch/binarytree/treap_fingertree.go:998.63,1007.8 7 0
binarysearch/binarytree/treap_fingertree.go:1007.8,1008.19 1 0
binarysearch/binarytree/treap_fingertree.go:1008.19,1016.8 6 0
binarysearch/binarytree/treap_fingertree.go:1017.7,1017.19 1 0
binarysearch/binarytree/treap_fingertree.go:1017.19,1026.8 7 0
binarysearch/binarytree/treap_fingertree.go:1027.7,1027.20 1 0
binarysearch/binarytree/treap_fingertree.go:1027.20,1034.8 6 0
binarysearch/binarytree/treap_fingertree.go:1034.13,1042.8 7 0
binarysearch/binarytree/treap_fingertree.go:1046.51,1047.24 1 0
binarysearch/binarytree/treap_fingertree.go:1047.24,1049.5 1 0
binarysearch/binarytree/treap_fingertree.go:1050.4,1050.24 1 0
binarysearch/binarytree/treap_fingertree.go:1050.24,1052.5 1 0
binarysearch/binarytree/treap_fingertree.go:1054.4,1064.5 3 0
binarysearch/binarytree/treap_fingertree.go:1067.69,1068.16 1 0
binarysearch/binarytree/treap_fingertree.go:1068.16,1070.5 1 0
binarysearch/binarytree/treap_fingertree.go:1071.4,1073.33 3 0
binarysearch/binarytree/treap_fingertree.go:1076.69,1077.16 1 0
binarysearch/binarytree/treap_fingertree.go:1077.16,1079.5 1 0
binarysearch/binarytree/treap_fingertree.go:1080.4,1082.14 3 0
binarysearch/binarytree/treap_fingertree.go:1093.64,1094.16 1 0
binarysearch/binarytree/treap_fingertree.go:1094.16,1096.5 1 0
binarysearch/binarytree/treap_fingertree.go:1097.4,1099.33 3 0
binarysearch/binarytree/treap_fingertree.go:1102.52,1104.2 1 0
binarysearch/binarytree/treap_fingertree.go:1124.43,1125.24 1 0
binarysearch/binarytree/treap_fingertree.go:1125.24,1127.5 1 0
binarysearch/binarytree/treap_fingertree.go:1128.4,1130.28 3 0
binarysearch/binarytree/treap_fingertree.go:1130.28,1134.5 3 0
binarysearch/binarytree/treap_fingertree.go:1135.4,1135.28 1 0
binarysearch/binarytree/treap_fingertree.go:1135.28,1139.5 3 0
binarysearch/binarytree/treap_fingertree.go:1140.4,1141.51 2 0
binarysearch/binarytree/treap_fingertree.go:1144.47,1145.24 1 0
binarysearch/binarytree/treap_fingertree.go:1145.24,1147.5 1 0
binarysearch/binarytree/treap_fingertree.go:1149.4,1152.47 2 0
binarysearch/binarytree/treap_fingertree.go:1152.47,1154.5 1 0
binarysearch/binarytree/treap_fingertree.go:1155.4,1155.47 1 0
binarysearch/binarytree/treap_fingertree.go:1155.47,1157.5 1 0
binarysearch/binarytree/treap_fingertree.go:1160.38,1164.2 3 0
binarysearch/binarytree/treap_topdown.go:13.32,17.2 1 0
binarysearch/binarytree/treap_topdown.go:23.40,28.2 1 0
binarysearch/binarytree/treap_topdown.go:30.66,33.8 2 0
binarysearch/binarytree/treap_topdown.go:33.8,34.19 1 0
binarysearch/binarytree/treap_topdown.go:34.19,37.8 2 0
binarysearch/binarytree/treap_topdown.go:38.7,38.19 1 0
binarysearch/binarytree/treap_topdown.go:38.19,41.8 2 0
binarysearch/binarytree/treap_topdown.go:42.7,42.21 1 0
binarysearch/binarytree/treap_topdown.go:42.21,48.8 5 0
binarysearch/binarytree/treap_topdown.go:48.13,54.8 5 0
binarysearch/binarytree/treap_topdown.go:103.48,104.16 1 0
binarysearch/binarytree/treap_topdown.go:104.16,106.5 1 0
binarysearch/binarytree/treap_topdown.go:106.10,108.5 1 0
binarysearch/binarytree/treap_topdown.go:110.74,112.68 1 0
binarysearch/binarytree/treap_topdown.go:112.68,117.5 4 0
binarysearch/binarytree/treap_topdown.go:118.4,118.35 1 0
binarysearch/binarytree/treap_topdown.go:118.35,121.5 2 0
binarysearch/binarytree/treap_topdown.go:121.10,125.5 3 0
binarysearch/binarytree/treap_topdown.go:128.64,129.8 1 0
binarysearch/binarytree/treap_topdown.go:129.8,130.22 1 0
binarysearch/binarytree/treap_topdown.go:130.22,132.44 2 0
binarysearch/binarytree/treap_topdown.go:132.44,134.11 1 0
binarysearch/binarytree/treap_topdown.go:134.16,138.11 3 0
binarysearch/binarytree/treap_topdown.go:139.10,139.16 1 0
binarysearch/binarytree/treap_topdown.go:141.7,142.21 2 0
binarysearch/binarytree/treap_topdown.go:142.21,144.8 1 0
binarysearch/binarytree/treap_topdown.go:144.13,146.8 1 0
binarysearch/binarytree/treap_topdown.go:150.65,151.8 1 0
binarysearch/binarytree/treap_topdown.go:151.8,152.20 1 0
binarysearch/binarytree/treap_topdown.go:152.20,155.8 2 0
binarysearch/binarytree/treap_topdown.go:156.7,156.24 1 0
binarysearch/binarytree/treap_topdown.go:156.24,161.8 4 0
binarysearch/binarytree/treap_topdown.go:162.7,163.22 2 0
binarysearch/binarytree/treap_topdown.go:163.22,165.8 1 0
binarysearch/binarytree/treap_topdown.go:165.13,167.8 1 0
binarysearch/binarytree/treap_topdown.go:171.54,175.2 2 0
binarysearch/binarytree/treap_topdown.go:177.55,182.2 3 0
binarysearch/binarytree/treap_topdown.go:184.53,191.2 3 0
binarysearch/binarytree/treap_topdown.go:193.57,198.2 2 0
binarysearch/binarytree/treap_topdown.go:200.47,203.2 1 0
binarysearch/binarytree/treap_topdown.go:205.50,209.2 2 0
binarysearch/binarytree/treap_topdown.go:213.47,224.2 3 0
binarysearch/binarytree/treap_topdown.go:226.53,227.16 1 0
binarysearch/binarytree/treap_topdown.go:227.16,229.5 1 0
binarysearch/binarytree/treap_topdown.go:230.4,234.31 4 0
binarysearch/binarytree/treap_topdown.go:237.35,240.2 2 0
binarysearch/binarytree/tree.go:74.53,81.17 4 1
binarysearch/binarytree/tree.go:81.17,84.18 2 1
binarysearch/binarytree/tree.go:84.18,89.8 4 1
binarysearch/binarytree/tree.go:89.13,94.8 4 1
binarysearch/binarytree/tree.go:96.4,102.12 7 1
binarysearch/binarytree/tree.go:105.59,109.17 4 0
binarysearch/binarytree/tree.go:109.17,111.19 2 0
binarysearch/binarytree/tree.go:111.19,116.8 4 0
binarysearch/binarytree/tree.go:116.13,121.8 4 0
binarysearch/binarytree/tree.go:123.4,125.19 3 0
binarysearch/binarytree/tree.go:129.32,130.25 1 1
binarysearch/binarytree/tree.go:130.25,132.5 1 1
binarysearch/binarytree/tree.go:133.4,134.16 2 1
binarysearch/binarytree/tree.go:137.25,138.25 1 1
binarysearch/binarytree/tree.go:138.25,140.5 1 1
binarysearch/binarytree/tree.go:145.53,150.2 3 0
binarysearch/binarytree/tree.go:153.49,156.2 1 1
binarysearch/binarytree/tree.go:158.52,162.2 2 1
binarysearch/binarytree/tree.go:188.79,189.8 1 1
binarysearch/binarytree/tree.go:189.8,190.20 1 1
binarysearch/binarytree/tree.go:190.20,193.8 2 1
binarysearch/binarytree/tree.go:194.7,198.17 4 1
binarysearch/binarytree/tree.go:198.17,201.8 2 1
binarysearch/binarytree/tree.go:201.13,204.8 2 1
binarysearch/binarytree/tree.go:208.52,211.2 2 1
binarysearch/binarytree/tree.go:230.35,232.2 1 1
binarysearch/binarytree/tree.go:234.31,236.2 1 0
binarysearch/binarytree/tree.go:238.57,239.8 1 1
binarysearch/binarytree/tree.go:239.8,240.19 1 1
binarysearch/binarytree/tree.go:240.19,242.8 1 1
binarysearch/binarytree/tree.go:243.7,243.18 1 1
binarysearch/binarytree/tree.go:243.18,245.8 1 1
binarysearch/binarytree/tree.go:245.13,248.8 2 1
binarysearch/binarytree/tree.go:263.46,265.2 1 1
binarysearch/binarytree/tree.go:309.56,311.18 2 0
binarysearch/binarytree/tree.go:311.18,313.5 1 0
binarysearch/binarytree/tree.go:314.4,314.18 1 0
binarysearch/binarytree/tree.go:314.18,316.5 1 0
binarysearch/binarytree/tree.go:317.4,317.31 1 0
binarysearch/binarytree/tree.go:317.31,324.5 6 0
binarysearch/binarytree/tree.go:324.10,331.5 6 0
binarysearch/binarytree/tree.go:334.76,335.8 1 0
binarysearch/binarytree/tree.go:335.8,337.22 2 0
binarysearch/binarytree/tree.go:337.22,341.8 3 0
binarysearch/binarytree/tree.go:342.7,342.21 1 0
binarysearch/binarytree/tree.go:342.21,346.8 3 0
binarysearch/binarytree/tree.go:346.13,350.8 3 0
binarysearch/binarytree/tree.go:378.32,380.2 1 0
binarysearch/binarytree/tree.go:382.63,383.24 1 0
binarysearch/binarytree/tree.go:383.24,385.5 1 0
binarysearch/binarytree/tree.go:387.4,387.44 1 0
binarysearch/binarytree/tree.go:387.44,389.5 1 0
binarysearch/binarytree/tree.go:390.4,390.44 1 0
binarysearch/binarytree/tree.go:390.44,392.5 1 0
binarysearch/binarytree/tree.go:395.4,397.14 3 0
binarysearch/binarytree/tree.go:397.14,401.5 3 0
binarysearch/binarytree/tree.go:402.4,402.10 1 0
binarysearch/binarytree/tree.go:405.63,406.24 1 0
binarysearch/binarytree/tree.go:406.24,408.5 1 0
binarysearch/binarytree/tree.go:410.4,410.44 1 0
binarysearch/binarytree/tree.go:410.44,412.5 1 0
binarysearch/binarytree/tree.go:413.4,413.44 1 0
binarysearch/binarytree/tree.go:413.44,415.5 1 0
binarysearch/binarytree/tree.go:418.4,420.14 3 0
binarysearch/binarytree/tree.go:420.14,424.5 3 0
binarysearch/binarytree/tree.go:425.4,425.10 1 0
binarysearch/binarytree/tree.go:428.79,429.16 1 0
binarysearch/binarytree/tree.go:429.16,431.5 1 0
binarysearch/binarytree/tree.go:433.4,433.30 1 0
binarysearch/binarytree/tree.go:433.30,435.5 1 0
binarysearch/binarytree/tree.go:436.4,438.50 3 0
binarysearch/binarytree/tree.go:441.69,442.24 1 0
binarysearch/binarytree/tree.go:442.24,444.5 1 0
binarysearch/binarytree/tree.go:445.4,447.10 3 0
