mode: set
bst/trees/allocate.go:19.26,20.25 1 1
bst/trees/allocate.go:20.25,23.5 2 1
bst/trees/allocate.go:34.57,35.25 1 1
bst/trees/allocate.go:35.25,37.5 1 1
bst/trees/allocate.go:39.4,41.10 3 1
bst/trees/allocate.go:82.45,84.2 1 1
bst/trees/allocate.go:87.48,88.19 1 1
bst/trees/allocate.go:88.19,90.5 1 1
bst/trees/allocate.go:94.33,95.16 1 1
bst/trees/allocate.go:95.16,97.5 1 1
bst/trees/allocate.go:101.34,102.16 1 1
bst/trees/allocate.go:102.16,104.5 1 1
bst/trees/allocate.go:108.39,110.2 1 1
bst/trees/allocate.go:113.36,118.24 1 1
bst/trees/allocate.go:118.24,120.5 1 1
bst/trees/allocate.go:126.4,144.6 4 1
bst/trees/assert.go:13.29,14.18 1 0
bst/trees/assert.go:14.18,15.32 1 0
bst/trees/assert.go:20.32,21.18 1 1
bst/trees/assert.go:21.18,22.32 1 0
bst/trees/avl.go:13.55,14.16 1 0
bst/trees/avl.go:14.16,16.5 1 0
bst/trees/avl.go:18.4,33.17 10 0
bst/trees/avl_bottomup.go:30.42,32.2 1 0
bst/trees/avl_bottomup.go:34.44,36.2 1 0
bst/trees/avl_bottomup.go:38.35,41.2 2 0
bst/trees/avl_bottomup.go:43.63,46.2 2 0
bst/trees/avl_bottomup.go:48.78,49.16 1 0
bst/trees/avl_bottomup.go:49.16,51.5 1 0
bst/trees/avl_bottomup.go:52.4,53.22 2 0
bst/trees/avl_bottomup.go:53.22,57.5 3 0
bst/trees/avl_bottomup.go:57.10,60.5 2 0
bst/trees/avl_bottomup.go:63.56,77.33 1 0
bst/trees/avl_bottomup.go:77.33,79.5 1 0
bst/trees/avl_bottomup.go:102.4,102.31 1 0
bst/trees/avl_bottomup.go:102.31,105.5 2 0
bst/trees/avl_bottomup.go:204.4,204.35 1 0
bst/trees/avl_bottomup.go:204.35,208.5 3 0
bst/trees/avl_bottomup.go:210.4,214.12 5 0
bst/trees/avl_bottomup.go:217.56,218.32 1 0
bst/trees/avl_bottomup.go:218.32,219.34 1 0
bst/trees/avl_bottomup.go:219.34,221.8 1 0
bst/trees/avl_bottomup.go:221.13,221.45 1 0
bst/trees/avl_bottomup.go:221.45,224.8 2 0
bst/trees/avl_bottomup.go:224.13,229.8 4 0
bst/trees/avl_bottomup.go:231.4,231.12 1 0
bst/trees/avl_bottomup.go:234.64,239.2 3 0
bst/trees/avl_bottomup.go:241.79,243.22 2 0
bst/trees/avl_bottomup.go:243.22,247.5 3 0
bst/trees/avl_bottomup.go:248.4,248.21 1 0
bst/trees/avl_bottomup.go:248.21,252.5 3 0
bst/trees/avl_bottomup.go:252.10,255.5 2 0
bst/trees/avl_bottomup.go:258.56,284.24 1 0
bst/trees/avl_bottomup.go:284.24,287.5 2 0
bst/trees/avl_bottomup.go:292.4,292.33 1 0
bst/trees/avl_bottomup.go:292.33,335.38 1 0
bst/trees/avl_bottomup.go:335.38,385.8 6 0
bst/trees/avl_bottomup.go:407.7,407.38 1 0
bst/trees/avl_bottomup.go:407.38,451.8 4 0
bst/trees/avl_bottomup.go:451.13,501.8 4 0
bst/trees/avl_bottomup.go:503.4,503.12 1 0
bst/trees/avl_bottomup.go:506.56,507.24 1 0
bst/trees/avl_bottomup.go:507.24,510.5 2 0
bst/trees/avl_bottomup.go:511.4,511.33 1 0
bst/trees/avl_bottomup.go:511.33,512.38 1 0
bst/trees/avl_bottomup.go:512.38,518.8 5 0
bst/trees/avl_bottomup.go:518.13,519.41 1 0
bst/trees/avl_bottomup.go:519.41,523.11 3 0
bst/trees/avl_bottomup.go:523.16,527.11 3 0
bst/trees/avl_bottomup.go:530.4,530.12 1 0
bst/trees/avl_bottomup.go:534.63,536.18 2 0
bst/trees/avl_bottomup.go:536.18,539.5 2 0
bst/trees/avl_bottomup.go:540.4,542.33 3 0
bst/trees/avl_bottomup.go:546.63,548.18 2 0
bst/trees/avl_bottomup.go:548.18,551.5 2 0
bst/trees/avl_bottomup.go:552.4,553.33 2 0
bst/trees/avl_bottomup.go:568.68,570.38 1 0
bst/trees/avl_bottomup.go:570.38,576.5 5 0
bst/trees/avl_bottomup.go:577.4,580.33 4 0
bst/trees/avl_bottomup.go:583.68,585.38 1 0
bst/trees/avl_bottomup.go:585.38,591.5 5 0
bst/trees/avl_bottomup.go:592.4,594.33 3 0
bst/trees/avl_bottomup.go:599.67,601.35 1 0
bst/trees/avl_bottomup.go:601.35,603.5 1 0
bst/trees/avl_bottomup.go:603.10,605.5 1 0
bst/trees/avl_bottomup.go:615.68,616.38 1 0
bst/trees/avl_bottomup.go:616.38,618.5 1 0
bst/trees/avl_bottomup.go:619.4,622.33 4 0
bst/trees/avl_bottomup.go:625.68,626.38 1 0
bst/trees/avl_bottomup.go:626.38,628.5 1 0
bst/trees/avl_bottomup.go:629.4,631.33 3 0
bst/trees/avl_bottomup.go:636.67,637.16 1 0
bst/trees/avl_bottomup.go:637.16,637.28 1 0
bst/trees/avl_bottomup.go:638.4,638.16 1 0
bst/trees/avl_bottomup.go:638.16,638.28 1 0
bst/trees/avl_bottomup.go:639.4,639.35 1 0
bst/trees/avl_bottomup.go:639.35,641.5 1 0
bst/trees/avl_bottomup.go:641.10,643.5 1 0
bst/trees/avl_bottomup.go:646.58,656.2 3 0
bst/trees/avl_bottomup.go:660.70,662.16 1 0
bst/trees/avl_bottomup.go:662.16,664.5 1 0
bst/trees/avl_bottomup.go:665.4,666.25 2 0
bst/trees/avl_bottomup.go:666.25,669.5 2 0
bst/trees/avl_bottomup.go:669.10,672.5 2 0
bst/trees/avl_bottomup.go:673.4,673.15 1 0
bst/trees/avl_bottomup.go:676.72,684.2 3 0
bst/trees/avl_relaxed.go:7.45,8.15 1 0
bst/trees/avl_relaxed.go:8.15,10.4 1 0
bst/trees/avl_relaxed.go:12.3,19.24 5 0
bst/trees/avl_relaxed_bottomup.go:10.41,13.2 2 0
bst/trees/avl_relaxed_bottomup.go:15.43,17.2 1 0
bst/trees/avl_relaxed_bottomup.go:19.51,25.2 1 0
bst/trees/avl_relaxed_bottomup.go:27.67,32.2 3 0
bst/trees/avl_relaxed_bottomup.go:35.93,36.40 1 0
bst/trees/avl_relaxed_bottomup.go:36.40,42.5 5 0
bst/trees/avl_relaxed_bottomup.go:43.4,45.33 3 0
bst/trees/avl_relaxed_bottomup.go:48.93,49.40 1 0
bst/trees/avl_relaxed_bottomup.go:49.40,55.5 5 0
bst/trees/avl_relaxed_bottomup.go:56.4,59.33 4 0
bst/trees/avl_relaxed_bottomup.go:62.74,63.36 1 0
bst/trees/avl_relaxed_bottomup.go:63.36,65.5 1 0
bst/trees/avl_relaxed_bottomup.go:65.10,67.5 1 0
bst/trees/avl_relaxed_bottomup.go:70.73,71.16 1 0
bst/trees/avl_relaxed_bottomup.go:71.16,71.28 1 0
bst/trees/avl_relaxed_bottomup.go:72.4,72.16 1 0
bst/trees/avl_relaxed_bottomup.go:72.16,72.28 1 0
bst/trees/avl_relaxed_bottomup.go:73.4,73.36 1 0
bst/trees/avl_relaxed_bottomup.go:73.36,75.5 1 0
bst/trees/avl_relaxed_bottomup.go:75.10,77.5 1 0
bst/trees/avl_relaxed_bottomup.go:80.64,96.2 5 0
bst/trees/avl_relaxed_bottomup.go:98.76,99.16 1 0
bst/trees/avl_relaxed_bottomup.go:99.16,101.5 1 0
bst/trees/avl_relaxed_bottomup.go:102.4,107.19 4 0
bst/trees/avl_relaxed_bottomup.go:107.19,110.5 2 0
bst/trees/avl_relaxed_bottomup.go:110.10,113.5 2 0
bst/trees/avl_relaxed_bottomup.go:114.4,114.15 1 0
bst/trees/avl_relaxed_bottomup.go:117.78,124.2 3 0
bst/trees/avl_relaxed_topdown.go:10.42,12.2 1 0
bst/trees/avl_relaxed_topdown.go:14.50,18.2 1 0
bst/trees/avl_relaxed_topdown.go:20.40,23.2 2 0
bst/trees/avl_relaxed_topdown.go:25.66,30.2 3 0
bst/trees/avl_relaxed_topdown.go:32.92,33.40 1 0
bst/trees/avl_relaxed_topdown.go:33.40,39.5 5 0
bst/trees/avl_relaxed_topdown.go:40.4,42.33 3 0
bst/trees/avl_relaxed_topdown.go:45.92,46.40 1 0
bst/trees/avl_relaxed_topdown.go:46.40,52.5 5 0
bst/trees/avl_relaxed_topdown.go:53.4,56.33 4 0
bst/trees/avl_relaxed_topdown.go:59.73,60.36 1 0
bst/trees/avl_relaxed_topdown.go:60.36,62.5 1 0
bst/trees/avl_relaxed_topdown.go:62.10,64.5 1 0
bst/trees/avl_relaxed_topdown.go:67.72,68.16 1 0
bst/trees/avl_relaxed_topdown.go:68.16,68.28 1 0
bst/trees/avl_relaxed_topdown.go:69.4,69.16 1 0
bst/trees/avl_relaxed_topdown.go:69.16,69.28 1 0
bst/trees/avl_relaxed_topdown.go:70.4,70.36 1 0
bst/trees/avl_relaxed_topdown.go:70.36,72.5 1 0
bst/trees/avl_relaxed_topdown.go:72.10,74.5 1 0
bst/trees/avl_relaxed_topdown.go:77.63,86.2 6 0
bst/trees/avl_relaxed_topdown.go:89.75,90.16 1 0
bst/trees/avl_relaxed_topdown.go:90.16,92.5 1 0
bst/trees/avl_relaxed_topdown.go:93.4,98.19 4 0
bst/trees/avl_relaxed_topdown.go:98.19,101.5 2 0
bst/trees/avl_relaxed_topdown.go:101.10,104.5 2 0
bst/trees/avl_relaxed_topdown.go:105.4,105.15 1 0
bst/trees/avl_relaxed_topdown.go:108.77,115.2 3 0
bst/trees/avl_topdown.go:11.41,13.2 1 0
bst/trees/avl_topdown.go:15.43,21.2 1 0
bst/trees/avl_topdown.go:23.62,26.2 2 0
bst/trees/avl_topdown.go:28.72,29.17 1 0
bst/trees/avl_topdown.go:29.17,32.5 2 0
bst/trees/avl_topdown.go:33.4,36.8 4 0
bst/trees/avl_topdown.go:36.8,37.28 1 0
bst/trees/avl_topdown.go:37.28,40.23 3 0
bst/trees/avl_topdown.go:40.23,42.18 2 0
bst/trees/avl_topdown.go:44.13,47.23 3 0
bst/trees/avl_topdown.go:47.23,49.18 2 0
bst/trees/avl_topdown.go:52.7,53.29 2 0
bst/trees/avl_topdown.go:53.29,56.8 2 0
bst/trees/avl_topdown.go:58.4,58.26 1 0
bst/trees/avl_topdown.go:58.26,60.25 2 0
bst/trees/avl_topdown.go:60.25,62.8 1 0
bst/trees/avl_topdown.go:62.13,65.8 2 0
bst/trees/avl_topdown.go:67.4,67.25 1 0
bst/trees/avl_topdown.go:70.48,71.24 1 0
bst/trees/avl_topdown.go:71.24,74.5 2 0
bst/trees/avl_topdown.go:75.4,75.33 1 0
bst/trees/avl_topdown.go:75.33,76.38 1 0
bst/trees/avl_topdown.go:76.38,82.8 5 0
bst/trees/avl_topdown.go:82.13,86.8 3 0
bst/trees/avl_topdown.go:87.10,87.40 1 0
bst/trees/avl_topdown.go:87.40,88.38 1 0
bst/trees/avl_topdown.go:88.38,94.8 5 0
bst/trees/avl_topdown.go:94.13,98.8 3 0
bst/trees/avl_topdown.go:100.4,100.12 1 0
bst/trees/avl_topdown.go:103.57,107.2 1 0
bst/trees/avl_topdown.go:109.71,113.2 2 0
bst/trees/avl_weak.go:12.62,13.19 1 0
bst/trees/avl_weak.go:13.19,15.5 1 0
bst/trees/avl_weak.go:16.4,19.59 4 0
bst/trees/avl_weak.go:22.42,23.16 1 0
bst/trees/avl_weak.go:23.16,25.5 1 0
bst/trees/avl_weak.go:26.4,26.18 1 0
bst/trees/avl_weak.go:26.18,28.5 1 0
bst/trees/avl_weak.go:29.4,36.25 6 0
bst/trees/avl_weak_bottomup.go:10.38,14.2 3 0
bst/trees/avl_weak_bottomup.go:16.40,18.2 1 0
bst/trees/avl_weak_bottomup.go:20.48,26.2 1 0
bst/trees/avl_weak_bottomup.go:45.82,47.16 2 0
bst/trees/avl_weak_bottomup.go:47.16,51.5 3 0
bst/trees/avl_weak_bottomup.go:52.4,52.15 1 0
bst/trees/avl_weak_bottomup.go:52.15,55.5 2 0
bst/trees/avl_weak_bottomup.go:55.10,57.5 1 0
bst/trees/avl_weak_bottomup.go:58.4,58.36 1 0
bst/trees/avl_weak_bottomup.go:61.68,66.2 3 0
bst/trees/avl_weak_bottomup.go:68.67,70.2 1 0
bst/trees/avl_weak_bottomup.go:73.62,74.38 1 0
bst/trees/avl_weak_bottomup.go:74.38,77.5 2 0
bst/trees/avl_weak_bottomup.go:78.4,78.33 1 0
bst/trees/avl_weak_bottomup.go:78.33,79.34 1 0
bst/trees/avl_weak_bottomup.go:79.34,82.8 1 0
bst/trees/avl_weak_bottomup.go:82.13,82.36 1 0
bst/trees/avl_weak_bottomup.go:82.36,86.8 2 0
bst/trees/avl_weak_bottomup.go:86.13,86.45 1 0
bst/trees/avl_weak_bottomup.go:86.45,94.26 4 0
bst/trees/avl_weak_bottomup.go:94.26,97.11 1 0
bst/trees/avl_weak_bottomup.go:98.13,108.8 6 0
bst/trees/avl_weak_bottomup.go:109.10,109.40 1 0
bst/trees/avl_weak_bottomup.go:109.40,110.34 1 0
bst/trees/avl_weak_bottomup.go:110.34,113.8 1 0
bst/trees/avl_weak_bottomup.go:113.13,113.36 1 0
bst/trees/avl_weak_bottomup.go:113.36,117.8 2 0
bst/trees/avl_weak_bottomup.go:117.13,117.45 1 0
bst/trees/avl_weak_bottomup.go:117.45,125.26 4 0
bst/trees/avl_weak_bottomup.go:125.26,128.11 1 0
bst/trees/avl_weak_bottomup.go:129.13,139.8 6 0
bst/trees/avl_weak_bottomup.go:141.4,141.12 1 0
bst/trees/avl_weak_bottomup.go:144.67,145.18 1 0
bst/trees/avl_weak_bottomup.go:145.18,148.5 2 0
bst/trees/avl_weak_bottomup.go:149.4,152.36 4 0
bst/trees/avl_weak_bottomup.go:156.67,157.18 1 0
bst/trees/avl_weak_bottomup.go:157.18,160.5 2 0
bst/trees/avl_weak_bottomup.go:161.4,163.36 3 0
bst/trees/avl_weak_bottomup.go:188.72,190.38 1 0
bst/trees/avl_weak_bottomup.go:190.38,196.5 5 0
bst/trees/avl_weak_bottomup.go:197.4,200.33 4 0
bst/trees/avl_weak_bottomup.go:204.72,206.38 1 0
bst/trees/avl_weak_bottomup.go:206.38,212.5 5 0
bst/trees/avl_weak_bottomup.go:213.4,215.33 3 0
bst/trees/avl_weak_bottomup.go:220.71,221.35 1 0
bst/trees/avl_weak_bottomup.go:221.35,223.5 1 0
bst/trees/avl_weak_bottomup.go:223.10,225.5 1 0
bst/trees/avl_weak_bottomup.go:228.70,229.15 1 0
bst/trees/avl_weak_bottomup.go:229.15,229.27 1 0
bst/trees/avl_weak_bottomup.go:230.3,230.15 1 0
bst/trees/avl_weak_bottomup.go:230.15,230.27 1 0
bst/trees/avl_weak_bottomup.go:231.3,231.35 1 0
bst/trees/avl_weak_bottomup.go:231.35,233.4 1 0
bst/trees/avl_weak_bottomup.go:233.9,235.4 1 0
bst/trees/avl_weak_bottomup.go:238.60,250.2 3 0
bst/trees/avl_weak_bottomup.go:252.73,253.16 1 0
bst/trees/avl_weak_bottomup.go:253.16,255.5 1 0
bst/trees/avl_weak_bottomup.go:256.4,261.19 4 0
bst/trees/avl_weak_bottomup.go:261.19,264.5 2 0
bst/trees/avl_weak_bottomup.go:264.10,267.5 2 0
bst/trees/avl_weak_bottomup.go:268.4,268.15 1 0
bst/trees/avl_weak_bottomup.go:271.75,278.2 3 0
bst/trees/avl_weak_topdown.go:9.39,11.2 1 0
bst/trees/avl_weak_topdown.go:13.47,21.2 1 0
bst/trees/avl_weak_topdown.go:23.62,28.2 4 0
bst/trees/avl_weak_topdown.go:30.62,32.2 1 0
bst/trees/avl_weak_topdown.go:34.59,36.2 1 0
bst/trees/avl_weak_topdown.go:40.76,45.16 1 0
bst/trees/avl_weak_topdown.go:45.16,48.4 2 0
bst/trees/avl_weak_topdown.go:49.3,53.24 2 0
bst/trees/avl_weak_topdown.go:53.24,55.4 1 0
bst/trees/avl_weak_topdown.go:59.3,59.7 1 0
bst/trees/avl_weak_topdown.go:59.7,64.21 1 0
bst/trees/avl_weak_topdown.go:64.21,74.26 1 0
bst/trees/avl_weak_topdown.go:74.26,77.10 2 0
bst/trees/avl_weak_topdown.go:81.9,81.35 1 0
bst/trees/avl_weak_topdown.go:81.35,83.20 2 0
bst/trees/avl_weak_topdown.go:88.9,88.41 1 0
bst/trees/avl_weak_topdown.go:88.41,91.20 3 0
bst/trees/avl_weak_topdown.go:97.9,97.26 1 0
bst/trees/avl_weak_topdown.go:97.26,106.31 1 0
bst/trees/avl_weak_topdown.go:106.31,112.13 5 0
bst/trees/avl_weak_topdown.go:122.12,122.40 1 0
bst/trees/avl_weak_topdown.go:122.40,125.23 3 0
bst/trees/avl_weak_topdown.go:130.12,135.20 6 0
bst/trees/avl_weak_topdown.go:137.15,149.31 1 0
bst/trees/avl_weak_topdown.go:149.31,155.13 5 0
bst/trees/avl_weak_topdown.go:159.12,159.40 1 0
bst/trees/avl_weak_topdown.go:159.40,162.23 3 0
bst/trees/avl_weak_topdown.go:168.12,176.27 5 0
bst/trees/avl_weak_topdown.go:176.27,178.13 1 0
bst/trees/avl_weak_topdown.go:178.18,180.13 1 0
bst/trees/avl_weak_topdown.go:182.12,188.26 1 0
bst/trees/avl_weak_topdown.go:188.26,191.10 2 0
bst/trees/avl_weak_topdown.go:192.9,192.35 1 0
bst/trees/avl_weak_topdown.go:192.35,194.20 2 0
bst/trees/avl_weak_topdown.go:196.9,196.41 1 0
bst/trees/avl_weak_topdown.go:196.41,199.20 3 0
bst/trees/avl_weak_topdown.go:202.9,202.34 1 0
bst/trees/avl_weak_topdown.go:202.34,206.31 1 0
bst/trees/avl_weak_topdown.go:206.31,212.13 5 0
bst/trees/avl_weak_topdown.go:213.12,213.40 1 0
bst/trees/avl_weak_topdown.go:213.40,216.23 3 0
bst/trees/avl_weak_topdown.go:218.12,223.20 6 0
bst/trees/avl_weak_topdown.go:225.15,229.31 1 0
bst/trees/avl_weak_topdown.go:229.31,235.13 5 0
bst/trees/avl_weak_topdown.go:236.12,236.40 1 0
bst/trees/avl_weak_topdown.go:236.40,239.23 3 0
bst/trees/avl_weak_topdown.go:241.12,246.26 5 0
bst/trees/avl_weak_topdown.go:246.26,248.13 1 0
bst/trees/avl_weak_topdown.go:248.18,250.13 1 0
bst/trees/avl_weak_topdown.go:256.66,259.2 2 0
bst/trees/avl_weak_topdown.go:261.67,266.2 3 0
bst/trees/avl_weak_topdown.go:268.69,269.16 1 0
bst/trees/avl_weak_topdown.go:269.16,269.28 1 0
bst/trees/avl_weak_topdown.go:270.4,270.16 1 0
bst/trees/avl_weak_topdown.go:270.16,270.28 1 0
bst/trees/avl_weak_topdown.go:271.4,271.36 1 0
bst/trees/avl_weak_topdown.go:271.36,273.5 1 0
bst/trees/avl_weak_topdown.go:273.10,275.5 1 0
bst/trees/avl_weak_topdown.go:278.60,294.2 5 0
bst/trees/avl_weak_topdown.go:297.72,298.16 1 0
bst/trees/avl_weak_topdown.go:298.16,300.5 1 0
bst/trees/avl_weak_topdown.go:301.4,306.19 4 0
bst/trees/avl_weak_topdown.go:306.19,309.5 2 0
bst/trees/avl_weak_topdown.go:309.10,312.5 2 0
bst/trees/avl_weak_topdown.go:313.4,313.15 1 0
bst/trees/avl_weak_topdown.go:317.74,323.2 3 0
bst/trees/avl_weak_topdown.go:326.61,327.33 1 0
bst/trees/avl_weak_topdown.go:327.33,328.38 1 0
bst/trees/avl_weak_topdown.go:328.38,336.26 4 0
bst/trees/avl_weak_topdown.go:336.26,339.11 1 0
bst/trees/avl_weak_topdown.go:340.13,350.8 6 0
bst/trees/avl_weak_topdown.go:351.10,351.40 1 0
bst/trees/avl_weak_topdown.go:351.40,352.38 1 0
bst/trees/avl_weak_topdown.go:352.38,360.26 4 0
bst/trees/avl_weak_topdown.go:360.26,363.11 1 0
bst/trees/avl_weak_topdown.go:364.13,374.8 6 0
bst/trees/avl_weak_topdown.go:376.4,376.12 1 0
bst/trees/avl_weak_topdown.go:381.71,387.42 1 0
bst/trees/avl_weak_topdown.go:387.42,389.5 1 0
bst/trees/avl_weak_topdown.go:390.4,391.35 2 0
bst/trees/avl_weak_topdown.go:400.56,401.24 1 0
bst/trees/avl_weak_topdown.go:401.24,404.5 2 0
bst/trees/avl_weak_topdown.go:404.10,404.60 1 0
bst/trees/avl_weak_topdown.go:404.60,410.5 4 0
bst/trees/avl_weak_topdown.go:410.10,410.60 1 0
bst/trees/avl_weak_topdown.go:410.60,416.5 4 0
bst/trees/avl_weak_topdown.go:417.4,417.16 1 0
bst/trees/avl_weak_topdown.go:420.76,421.19 1 0
bst/trees/avl_weak_topdown.go:421.19,424.5 2 0
bst/trees/avl_weak_topdown.go:425.4,426.8 2 0
bst/trees/avl_weak_topdown.go:426.8,428.33 2 0
bst/trees/avl_weak_topdown.go:428.33,430.8 1 0
bst/trees/avl_weak_topdown.go:431.7,431.21 1 0
bst/trees/avl_weak_topdown.go:431.21,433.27 2 0
bst/trees/avl_weak_topdown.go:433.27,437.11 3 0
bst/trees/avl_weak_topdown.go:438.10,439.21 2 0
bst/trees/avl_weak_topdown.go:441.13,443.27 2 0
bst/trees/avl_weak_topdown.go:443.27,447.11 3 0
bst/trees/avl_weak_topdown.go:448.10,449.21 2 0
bst/trees/avl_weak_topdown.go:453.73,455.21 2 0
bst/trees/avl_weak_topdown.go:455.21,457.5 1 0
bst/trees/avl_weak_topdown.go:458.4,458.8 1 0
bst/trees/avl_weak_topdown.go:458.8,460.33 2 0
bst/trees/avl_weak_topdown.go:460.33,462.8 1 0
bst/trees/avl_weak_topdown.go:463.7,464.26 2 0
bst/trees/avl_weak_topdown.go:464.26,468.8 3 0
bst/trees/avl_weak_topdown.go:469.7,470.12 2 0
bst/trees/avl_weak_topdown.go:474.60,477.21 2 0
bst/trees/avl_weak_topdown.go:477.21,479.5 1 0
bst/trees/avl_weak_topdown.go:480.4,480.8 1 0
bst/trees/avl_weak_topdown.go:480.8,482.33 2 0
bst/trees/avl_weak_topdown.go:482.33,484.8 1 0
bst/trees/avl_weak_topdown.go:485.6,486.25 2 0
bst/trees/avl_weak_topdown.go:486.25,490.7 3 0
bst/trees/avl_weak_topdown.go:491.6,492.11 2 0
bst/trees/balancers.go:15.41,21.17 4 1
bst/trees/balancers.go:21.17,23.18 1 1
bst/trees/balancers.go:23.18,28.8 4 1
bst/trees/balancers.go:28.13,33.8 4 1
bst/trees/balancers.go:35.4,40.12 6 1
bst/trees/balancers.go:45.57,46.14 1 1
bst/trees/balancers.go:46.14,48.5 1 1
bst/trees/balancers.go:49.4,49.32 1 1
bst/trees/balancers.go:49.32,51.5 1 1
bst/trees/balancers.go:52.4,54.12 3 1
bst/trees/balancers.go:57.57,60.2 1 1
bst/trees/balancers.go:62.53,64.2 1 1
bst/trees/balancers.go:66.45,69.2 2 1
bst/trees/balancers.go:71.39,73.2 1 1
bst/trees/balancers.go:76.50,77.16 1 1
bst/trees/balancers.go:77.16,79.5 1 1
bst/trees/balancers.go:80.4,86.28 5 1
bst/trees/balancers.go:95.60,96.14 1 1
bst/trees/balancers.go:96.14,98.5 1 1
bst/trees/balancers.go:99.4,99.51 1 1
bst/trees/balancers.go:99.51,101.5 1 1
bst/trees/balancers.go:102.4,104.12 3 1
bst/trees/balancers.go:107.56,110.2 1 1
bst/trees/balancers.go:112.48,115.2 2 1
bst/trees/balancers.go:117.42,119.2 1 1
bst/trees/balancers.go:121.53,122.16 1 1
bst/trees/balancers.go:122.16,124.5 1 1
bst/trees/balancers.go:125.4,132.28 6 1
bst/trees/balancers.go:141.46,144.2 2 1
bst/trees/balancers.go:146.58,147.14 1 1
bst/trees/balancers.go:147.14,149.5 1 1
bst/trees/balancers.go:150.4,150.34 1 1
bst/trees/balancers.go:150.34,152.5 1 1
bst/trees/balancers.go:153.4,155.12 3 1
bst/trees/balancers.go:158.51,159.31 1 1
bst/trees/balancers.go:159.31,161.5 1 1
bst/trees/balancers.go:161.10,163.5 1 1
bst/trees/balancers.go:166.40,168.2 1 1
bst/trees/balancers.go:170.64,171.16 1 1
bst/trees/balancers.go:171.16,173.5 1 1
bst/trees/balancers.go:174.4,187.17 9 1
bst/trees/balancers.go:193.60,194.14 1 1
bst/trees/balancers.go:194.14,196.5 1 1
bst/trees/balancers.go:197.4,197.34 1 1
bst/trees/balancers.go:197.34,199.5 1 1
bst/trees/balancers.go:200.4,202.12 3 1
bst/trees/balancers.go:205.48,208.2 2 1
bst/trees/balancers.go:210.42,212.2 1 1
bst/trees/balancers.go:215.53,216.16 1 1
bst/trees/balancers.go:216.16,218.5 1 1
bst/trees/balancers.go:219.4,222.36 3 1
bst/trees/balancers.go:225.53,228.2 1 1
bst/trees/balancers.go:232.60,233.14 1 1
bst/trees/balancers.go:233.14,235.5 1 1
bst/trees/balancers.go:236.4,236.34 1 1
bst/trees/balancers.go:236.34,238.5 1 1
bst/trees/balancers.go:239.4,241.12 3 1
bst/trees/balancers.go:244.48,247.2 2 1
bst/trees/balancers.go:249.53,252.2 1 1
bst/trees/balancers.go:254.42,256.2 1 1
bst/trees/balancers.go:262.66,263.16 1 1
bst/trees/balancers.go:263.16,265.5 1 1
bst/trees/balancers.go:266.4,271.44 4 1
bst/trees/balancers.go:352.39,354.2 1 1
bst/trees/balancers.go:356.45,359.2 2 1
bst/trees/balancers.go:361.50,364.17 3 1
bst/trees/balancers.go:364.17,365.22 1 1
bst/trees/balancers.go:365.22,367.8 1 1
bst/trees/balancers.go:368.7,370.14 3 1
bst/trees/balancers.go:372.4,372.14 1 1
bst/trees/balancers.go:375.62,378.14 3 1
bst/trees/balancers.go:378.14,381.5 2 1
bst/trees/balancers.go:382.4,382.12 1 1
bst/trees/balancers.go:385.58,389.21 4 1
bst/trees/balancers.go:389.21,393.5 3 1
bst/trees/balancers.go:394.4,394.14 1 1
bst/trees/balancers.go:589.39,593.44 4 0
bst/trees/balancers.go:593.44,596.5 2 0
bst/trees/balancers.go:597.4,598.12 2 0
bst/trees/balancers.go:601.54,606.52 4 0
bst/trees/balancers.go:606.52,609.5 2 0
bst/trees/balancers.go:610.4,610.34 1 0
bst/trees/balancers.go:610.34,614.5 3 0
bst/trees/balancers.go:615.4,616.12 2 0
bst/trees/balancers.go:675.61,678.2 2 0
bst/trees/balancers.go:680.84,682.16 1 0
bst/trees/balancers.go:682.16,684.5 1 0
bst/trees/balancers.go:685.4,688.12 4 0
bst/trees/conc.go:18.43,19.18 1 0
bst/trees/conc.go:19.18,21.5 1 0
bst/trees/conc.go:21.10,23.5 1 0
bst/trees/conc.go:26.29,28.2 1 0
bst/trees/conc.go:43.37,47.2 1 0
bst/trees/conc.go:50.45,55.2 1 0
bst/trees/conc.go:61.42,68.2 1 0
bst/trees/conc.go:73.46,74.16 1 0
bst/trees/conc.go:74.16,76.5 1 0
bst/trees/conc.go:77.4,77.16 1 0
bst/trees/conc.go:77.16,79.5 1 0
bst/trees/conc.go:80.4,80.28 1 0
bst/trees/conc.go:83.44,84.38 1 0
bst/trees/conc.go:84.38,85.25 1 0
bst/trees/conc.go:85.25,87.8 1 0
bst/trees/conc.go:88.7,89.23 2 0
bst/trees/conc.go:89.23,91.8 1 0
bst/trees/conc.go:91.13,93.8 1 0
bst/trees/conc.go:95.4,95.38 1 0
bst/trees/conc.go:95.38,96.25 1 0
bst/trees/conc.go:96.25,98.8 1 0
bst/trees/conc.go:99.7,100.23 2 0
bst/trees/conc.go:100.23,102.8 1 0
bst/trees/conc.go:102.13,104.8 1 0
bst/trees/conc.go:106.4,106.26 1 0
bst/trees/conc.go:109.56,112.2 1 0
bst/trees/conc.go:114.57,115.18 1 0
bst/trees/conc.go:115.18,118.5 1 0
bst/trees/conc.go:119.4,119.17 1 0
bst/trees/conc.go:119.17,121.5 1 0
bst/trees/conc.go:121.10,123.5 1 0
bst/trees/conc.go:126.56,129.2 1 0
bst/trees/conc.go:131.71,132.18 1 0
bst/trees/conc.go:132.18,134.5 1 0
bst/trees/conc.go:135.4,135.17 1 0
bst/trees/conc.go:135.17,137.5 1 0
bst/trees/conc.go:137.10,139.5 1 0
bst/trees/conc.go:142.56,145.24 2 0
bst/trees/conc.go:145.24,147.5 1 0
bst/trees/conc.go:147.10,149.5 1 0
bst/trees/conc.go:152.71,153.18 1 0
bst/trees/conc.go:153.18,154.17 1 0
bst/trees/conc.go:154.17,156.8 1 0
bst/trees/conc.go:156.13,158.8 1 0
bst/trees/conc.go:160.4,160.17 1 0
bst/trees/conc.go:160.17,162.5 1 0
bst/trees/conc.go:162.10,164.5 1 0
bst/trees/conc.go:167.57,172.2 3 0
bst/trees/conc.go:174.72,175.18 1 0
bst/trees/conc.go:175.18,178.5 2 0
bst/trees/conc.go:179.4,179.17 1 0
bst/trees/conc.go:179.17,181.5 1 0
bst/trees/conc.go:181.10,183.5 1 0
bst/trees/conc.go:186.64,188.14 1 0
bst/trees/conc.go:188.14,191.5 1 0
bst/trees/conc.go:191.10,194.5 2 0
bst/trees/conc.go:197.65,198.18 1 0
bst/trees/conc.go:198.18,199.17 1 0
bst/trees/conc.go:199.17,201.8 1 0
bst/trees/conc.go:201.13,203.8 1 0
bst/trees/conc.go:205.4,205.17 1 0
bst/trees/conc.go:205.17,208.5 2 0
bst/trees/conc.go:208.10,211.5 2 0
bst/trees/conc.go:214.50,222.2 1 0
bst/trees/conc.go:224.43,226.2 1 0
bst/trees/conc.go:228.46,230.2 1 0
bst/trees/conc.go:232.58,233.16 1 0
bst/trees/conc.go:233.16,235.5 1 0
bst/trees/conc.go:236.4,236.18 1 0
bst/trees/conc.go:236.18,238.5 1 0
bst/trees/conc.go:238.10,241.5 2 0
bst/trees/conc.go:244.27,248.2 3 0
bst/trees/conc.go:250.41,251.16 1 0
bst/trees/conc.go:251.16,253.5 1 0
bst/trees/conc.go:254.4,254.18 1 0
bst/trees/conc.go:254.18,256.5 1 0
bst/trees/conc.go:256.10,258.5 1 0
bst/trees/conc.go:259.4,260.27 2 0
bst/trees/conc.go:263.40,264.16 1 0
bst/trees/conc.go:264.16,266.5 1 0
bst/trees/conc.go:267.4,269.26 3 0
bst/trees/conc.go:272.39,273.16 1 0
bst/trees/conc.go:273.16,275.5 1 0
bst/trees/conc.go:276.4,278.25 3 0
bst/trees/draw.go:35.39,36.16 1 0
bst/trees/draw.go:36.16,38.5 1 0
bst/trees/draw.go:46.4,50.8 4 0
bst/trees/draw.go:50.8,55.34 2 0
bst/trees/draw.go:55.34,56.25 1 0
bst/trees/draw.go:56.25,57.18 1 0
bst/trees/draw.go:59.10,59.31 1 0
bst/trees/draw.go:59.31,60.25 1 0
bst/trees/draw.go:63.7,63.34 1 0
bst/trees/draw.go:63.34,64.25 1 0
bst/trees/draw.go:64.25,67.11 2 0
bst/trees/draw.go:67.16,70.11 2 0
bst/trees/draw.go:73.7,74.19 2 0
bst/trees/draw.go:81.1,82.37 1 0
bst/trees/draw.go:82.37,90.20 2 0
bst/trees/draw.go:90.20,118.37 2 0
bst/trees/draw.go:118.37,119.27 1 0
bst/trees/draw.go:119.27,128.31 1 0
bst/trees/draw.go:128.31,130.17 1 0
bst/trees/draw.go:130.22,133.17 2 0
bst/trees/draw.go:134.19,146.31 1 0
bst/trees/draw.go:146.31,153.40 1 0
bst/trees/draw.go:153.40,155.20 1 0
bst/trees/draw.go:155.25,157.20 1 0
bst/trees/draw.go:158.19,158.39 1 0
bst/trees/draw.go:158.39,160.20 1 0
bst/trees/draw.go:167.22,172.40 1 0
bst/trees/draw.go:172.40,174.20 1 0
bst/trees/draw.go:174.25,176.20 1 0
bst/trees/draw.go:183.19,184.44 2 0
bst/trees/draw.go:192.16,192.36 1 0
bst/trees/draw.go:192.36,195.17 2 0
bst/trees/draw.go:198.10,198.34 1 0
bst/trees/draw.go:207.7,207.34 1 0
bst/trees/draw.go:207.34,214.25 1 0
bst/trees/draw.go:214.25,215.33 1 0
bst/trees/draw.go:215.33,218.14 2 0
bst/trees/draw.go:219.16,232.33 4 0
bst/trees/draw.go:232.33,234.14 1 0
bst/trees/draw.go:237.7,237.31 1 0
bst/trees/draw.go:242.41,244.2 1 0
bst/trees/lbst.go:11.48,13.2 1 1
bst/trees/lbst.go:15.52,17.2 1 1
bst/trees/lbst.go:22.50,24.2 1 1
bst/trees/lbst.go:26.54,28.2 1 1
bst/trees/lbst_bottomup.go:11.37,17.2 1 1
bst/trees/lbst_bottomup.go:19.45,23.2 1 1
bst/trees/lbst_bottomup.go:24.72,28.2 2 1
bst/trees/lbst_bottomup.go:30.57,34.2 1 1
bst/trees/lbst_relaxed.go:106.36,108.2 1 0
bst/trees/lbst_relaxed.go:110.44,114.2 1 0
bst/trees/lbst_relaxed.go:116.35,118.2 1 0
bst/trees/lbst_relaxed.go:120.83,121.8 1 0
bst/trees/lbst_relaxed.go:121.8,125.17 4 0
bst/trees/lbst_relaxed.go:125.17,129.18 4 0
bst/trees/lbst_relaxed.go:131.7,131.17 1 0
bst/trees/lbst_relaxed.go:131.17,135.18 4 0
bst/trees/lbst_relaxed.go:137.7,139.15 3 0
bst/trees/lbst_relaxed.go:145.60,150.2 4 0
bst/trees/lbst_relaxed.go:151.86,156.8 4 0
bst/trees/lbst_relaxed.go:156.8,158.20 1 0
bst/trees/lbst_relaxed.go:158.20,162.44 2 0
bst/trees/lbst_relaxed.go:162.44,164.11 1 0
bst/trees/lbst_relaxed.go:165.10,165.16 1 0
bst/trees/lbst_relaxed.go:167.7,172.18 5 0
bst/trees/lbst_relaxed.go:172.18,173.67 1 0
bst/trees/lbst_relaxed.go:173.67,176.11 2 0
bst/trees/lbst_relaxed.go:177.10,178.16 2 0
bst/trees/lbst_relaxed.go:180.13,181.67 1 0
bst/trees/lbst_relaxed.go:181.67,184.11 2 0
bst/trees/lbst_relaxed.go:185.10,186.16 2 0
bst/trees/lbst_relaxed.go:191.63,195.2 2 0
bst/trees/lbst_relaxed.go:205.70,207.2 1 0
bst/trees/lbst_relaxed.go:209.62,210.14 1 0
bst/trees/lbst_relaxed.go:210.14,212.5 1 0
bst/trees/lbst_relaxed.go:213.4,213.30 1 0
bst/trees/lbst_relaxed.go:213.30,215.5 1 0
bst/trees/lbst_relaxed.go:216.4,218.12 3 0
bst/trees/lbst_relaxed.go:221.57,223.2 1 0
bst/trees/lbst_relaxed.go:226.68,234.2 3 0
bst/trees/lbst_relaxed.go:236.69,237.16 1 0
bst/trees/lbst_relaxed.go:237.16,239.5 1 0
bst/trees/lbst_relaxed.go:240.4,240.31 1 0
bst/trees/lbst_relaxed.go:240.31,246.5 5 0
bst/trees/lbst_relaxed.go:247.4,249.12 3 0
bst/trees/lbst_relaxed.go:252.69,253.16 1 0
bst/trees/lbst_relaxed.go:253.16,255.5 1 0
bst/trees/lbst_relaxed.go:256.4,256.31 1 0
bst/trees/lbst_relaxed.go:256.31,262.5 5 0
bst/trees/lbst_relaxed.go:263.4,266.12 4 0
bst/trees/lbst_relaxed.go:269.67,270.15 1 0
bst/trees/lbst_relaxed.go:270.15,272.5 1 0
bst/trees/lbst_relaxed.go:272.10,274.5 1 0
bst/trees/lbst_relaxed.go:277.58,285.2 3 0
bst/trees/lbst_topdown.go:12.36,18.2 1 1
bst/trees/lbst_topdown.go:20.44,24.2 1 1
bst/trees/lbst_topdown.go:25.71,29.2 2 1
bst/trees/lbst_topdown.go:31.56,35.2 1 1
bst/trees/measurements.go:7.79,9.2 1 0
bst/trees/measurements.go:22.32,24.2 1 0
bst/trees/measurements.go:26.47,28.2 1 0
bst/trees/measurements.go:35.32,37.2 1 0
bst/trees/measurements.go:39.47,41.2 1 0
bst/trees/measurements.go:47.36,48.2 0 0
bst/trees/measurements.go:50.55,52.2 1 0
bst/trees/measurements.go:57.68,59.2 1 0
bst/trees/measurements.go:60.36,61.2 0 0
bst/trees/measurements.go:67.29,69.2 1 0
bst/trees/measurements.go:71.44,73.2 1 0
bst/trees/measurements.go:80.40,82.2 1 0
bst/trees/measurements.go:84.55,86.2 1 0
bst/trees/node.go:106.87,107.16 1 0
bst/trees/node.go:107.16,109.5 1 0
bst/trees/node.go:110.4,114.61 4 0
bst/trees/node.go:122.44,123.16 1 0
bst/trees/node.go:123.16,125.5 1 0
bst/trees/node.go:126.4,129.52 4 0
bst/trees/node.go:147.24,148.16 1 0
bst/trees/node.go:148.16,150.5 1 0
bst/trees/node.go:150.10,152.5 1 0
bst/trees/node.go:155.29,157.2 1 0
bst/trees/node.go:165.40,167.2 1 0
bst/trees/node.go:170.29,171.16 1 1
bst/trees/node.go:171.16,173.5 1 1
bst/trees/node.go:174.4,174.54 1 1
bst/trees/node.go:178.33,179.16 1 0
bst/trees/node.go:179.16,181.5 1 0
bst/trees/node.go:181.10,183.5 1 0
bst/trees/node.go:188.34,190.2 1 1
bst/trees/node.go:193.45,195.2 1 1
bst/trees/node.go:217.47,218.16 1 1
bst/trees/node.go:218.16,220.5 1 1
bst/trees/node.go:221.4,223.22 3 1
bst/trees/node.go:226.36,233.2 5 1
bst/trees/node.go:235.36,242.2 5 1
bst/trees/node.go:245.33,248.2 2 1
bst/trees/node.go:251.33,254.2 2 1
bst/trees/node.go:341.61,342.16 1 1
bst/trees/node.go:342.16,344.5 1 1
bst/trees/node.go:345.4,349.12 4 1
bst/trees/node.go:451.58,456.2 4 0
bst/trees/node.go:458.57,463.2 4 0
bst/trees/node.go:499.57,502.8 3 0
bst/trees/node.go:502.8,504.21 2 0
bst/trees/node.go:504.21,507.8 2 0
bst/trees/node.go:508.7,511.14 4 0
bst/trees/node.go:515.51,518.8 1 0
bst/trees/node.go:518.8,520.23 2 0
bst/trees/node.go:520.23,524.7 3 0
bst/trees/node.go:525.6,526.17 2 0
bst/trees/node.go:529.57,532.8 3 0
bst/trees/node.go:532.8,534.21 2 0
bst/trees/node.go:534.21,537.8 2 0
bst/trees/node.go:538.7,540.14 3 0
bst/trees/node.go:543.51,546.8 1 0
bst/trees/node.go:546.8,547.23 1 0
bst/trees/node.go:547.23,552.7 4 0
bst/trees/node.go:553.6,554.17 2 0
bst/trees/node.go:588.65,589.8 1 1
bst/trees/node.go:589.8,590.19 1 1
bst/trees/node.go:590.19,593.8 2 1
bst/trees/node.go:594.7,594.18 1 1
bst/trees/node.go:594.18,597.8 2 1
bst/trees/node.go:597.13,601.8 3 1
bst/trees/node.go:865.30,868.2 2 1
bst/trees/node.go:870.48,873.2 2 1
bst/trees/node.go:875.30,879.2 2 0
bst/trees/node.go:881.48,885.2 2 0
bst/trees/node.go:901.39,905.2 2 0
bst/trees/node.go:906.58,910.2 2 0
bst/trees/node.go:911.49,913.2 1 0
bst/trees/node.go:914.49,917.2 2 0
bst/trees/node.go:919.50,924.2 4 0
bst/trees/node.go:925.50,928.2 2 0
bst/trees/node.go:929.50,933.2 3 0
bst/trees/node.go:935.50,939.2 3 0
bst/trees/node.go:941.49,943.2 1 0
bst/trees/node.go:945.53,947.2 1 0
bst/trees/node.go:949.36,952.2 2 1
bst/trees/node.go:954.36,957.2 2 1
bst/trees/node.go:959.37,963.2 3 1
bst/trees/node.go:965.37,969.2 3 1
bst/trees/node.go:1001.46,1002.18 1 0
bst/trees/node.go:1002.18,1005.5 2 0
bst/trees/node.go:1006.4,1006.10 1 0
bst/trees/node.go:1011.46,1012.18 1 0
bst/trees/node.go:1012.18,1015.5 2 0
bst/trees/node.go:1016.4,1016.10 1 0
bst/trees/partition.go:3.54,10.17 4 0
bst/trees/partition.go:10.17,13.18 2 0
bst/trees/partition.go:13.18,18.8 4 0
bst/trees/partition.go:18.13,23.8 4 0
bst/trees/partition.go:25.4,31.12 7 0
bst/trees/randomized.go:13.30,17.2 1 0
bst/trees/randomized.go:33.38,38.2 1 0
bst/trees/randomized.go:44.52,48.8 4 0
bst/trees/randomized.go:48.8,49.50 1 0
bst/trees/randomized.go:49.50,55.8 5 0
bst/trees/randomized.go:56.7,57.22 2 0
bst/trees/randomized.go:57.22,61.8 3 0
bst/trees/randomized.go:61.13,65.8 3 0
bst/trees/randomized.go:69.49,74.8 4 0
bst/trees/randomized.go:74.8,76.22 2 0
bst/trees/randomized.go:76.22,81.8 4 0
bst/trees/randomized.go:82.7,82.21 1 0
bst/trees/randomized.go:82.21,86.8 3 0
bst/trees/randomized.go:86.13,90.8 3 0
bst/trees/randomized.go:94.74,96.8 2 0
bst/trees/randomized.go:96.8,97.19 1 0
bst/trees/randomized.go:97.19,100.8 2 0
bst/trees/randomized.go:101.7,101.19 1 0
bst/trees/randomized.go:101.19,104.8 2 0
bst/trees/randomized.go:106.7,106.52 1 0
bst/trees/randomized.go:106.52,112.8 5 0
bst/trees/randomized.go:112.13,119.8 6 0
bst/trees/randomized.go:123.45,126.2 1 0
bst/trees/randomized.go:128.48,132.2 2 0
bst/trees/randomized.go:134.67,135.17 1 0
bst/trees/randomized.go:135.17,137.19 2 0
bst/trees/randomized.go:137.19,142.8 4 0
bst/trees/randomized.go:142.13,147.8 4 0
bst/trees/randomized.go:149.4,150.12 2 0
bst/trees/randomized.go:153.52,161.2 4 0
bst/trees/randomized.go:163.56,167.2 2 0
bst/trees/randomized.go:170.46,183.2 5 0
bst/trees/randomized.go:185.34,187.2 1 0
bst/trees/rank_balanced.go:8.44,9.16 1 0
bst/trees/rank_balanced.go:9.16,11.5 1 0
bst/trees/rank_balanced.go:11.10,13.5 1 0
bst/trees/rank_balanced.go:16.66,19.2 1 0
bst/trees/rank_balanced.go:21.53,23.2 1 0
bst/trees/rank_balanced.go:25.64,27.2 1 0
bst/trees/rank_balanced.go:29.63,31.2 1 0
bst/trees/rank_balanced.go:33.63,35.2 1 0
bst/trees/rank_balanced.go:37.65,39.2 1 0
bst/trees/rank_balanced.go:41.42,43.2 1 0
bst/trees/rank_balanced.go:45.42,47.2 1 0
bst/trees/rank_balanced.go:49.51,51.2 1 0
bst/trees/rank_balanced.go:53.49,55.2 1 0
bst/trees/rank_balanced.go:57.49,59.2 1 0
bst/trees/redblack.go:12.54,14.2 1 0
bst/trees/redblack.go:16.50,18.2 1 0
bst/trees/redblack.go:20.56,22.2 1 0
bst/trees/redblack.go:24.57,29.2 3 0
bst/trees/redblack.go:31.43,32.16 1 0
bst/trees/redblack.go:32.16,34.5 1 0
bst/trees/redblack.go:35.4,35.18 1 0
bst/trees/redblack.go:35.18,37.5 1 0
bst/trees/redblack.go:38.4,52.25 10 0
bst/trees/redblack_bottomup.go:24.41,26.2 1 0
bst/trees/redblack_bottomup.go:28.49,32.2 1 0
bst/trees/redblack_bottomup.go:34.39,38.2 3 0
bst/trees/redblack_bottomup.go:40.69,45.2 3 0
bst/trees/redblack_bottomup.go:47.84,49.22 2 0
bst/trees/redblack_bottomup.go:49.22,53.5 3 0
bst/trees/redblack_bottomup.go:54.4,54.21 1 0
bst/trees/redblack_bottomup.go:54.21,58.5 3 0
bst/trees/redblack_bottomup.go:58.10,61.5 2 0
bst/trees/redblack_bottomup.go:65.60,66.32 1 0
bst/trees/redblack_bottomup.go:66.32,70.5 1 0
bst/trees/redblack_bottomup.go:71.4,71.31 1 0
bst/trees/redblack_bottomup.go:71.31,73.5 1 0
bst/trees/redblack_bottomup.go:74.4,74.32 1 0
bst/trees/redblack_bottomup.go:74.32,81.43 2 0
bst/trees/redblack_bottomup.go:81.43,88.8 4 0
bst/trees/redblack_bottomup.go:89.7,89.43 1 0
bst/trees/redblack_bottomup.go:89.43,96.8 4 0
bst/trees/redblack_bottomup.go:101.7,102.15 2 0
bst/trees/redblack_bottomup.go:103.10,106.39 1 0
bst/trees/redblack_bottomup.go:106.39,111.8 4 0
bst/trees/redblack_bottomup.go:112.7,112.39 1 0
bst/trees/redblack_bottomup.go:112.39,117.8 4 0
bst/trees/redblack_bottomup.go:119.7,120.15 2 0
bst/trees/redblack_bottomup.go:124.60,125.32 1 0
bst/trees/redblack_bottomup.go:125.32,129.5 1 0
bst/trees/redblack_bottomup.go:130.4,130.31 1 0
bst/trees/redblack_bottomup.go:130.31,132.5 1 0
bst/trees/redblack_bottomup.go:133.4,133.32 1 0
bst/trees/redblack_bottomup.go:133.32,140.43 2 0
bst/trees/redblack_bottomup.go:140.43,147.8 4 0
bst/trees/redblack_bottomup.go:148.7,148.43 1 0
bst/trees/redblack_bottomup.go:148.43,155.8 4 0
bst/trees/redblack_bottomup.go:160.7,161.15 2 0
bst/trees/redblack_bottomup.go:162.10,165.39 1 0
bst/trees/redblack_bottomup.go:165.39,170.8 4 0
bst/trees/redblack_bottomup.go:171.7,171.39 1 0
bst/trees/redblack_bottomup.go:171.39,176.8 4 0
bst/trees/redblack_bottomup.go:178.7,179.15 2 0
bst/trees/redblack_bottomup.go:183.68,188.2 3 0
bst/trees/redblack_bottomup.go:190.83,191.16 1 0
bst/trees/redblack_bottomup.go:191.16,193.5 1 0
bst/trees/redblack_bottomup.go:194.4,195.16 2 0
bst/trees/redblack_bottomup.go:195.16,199.5 3 0
bst/trees/redblack_bottomup.go:199.10,202.5 2 0
bst/trees/redblack_bottomup.go:205.60,206.32 1 0
bst/trees/redblack_bottomup.go:206.32,207.35 1 0
bst/trees/redblack_bottomup.go:207.35,208.74 1 0
bst/trees/redblack_bottomup.go:208.74,211.11 2 0
bst/trees/redblack_bottomup.go:212.13,213.42 1 0
bst/trees/redblack_bottomup.go:213.42,216.11 2 0
bst/trees/redblack_bottomup.go:217.10,217.42 1 0
bst/trees/redblack_bottomup.go:217.42,220.11 2 0
bst/trees/redblack_bottomup.go:223.4,223.12 1 0
bst/trees/redblack_bottomup.go:226.60,227.32 1 0
bst/trees/redblack_bottomup.go:227.32,228.35 1 0
bst/trees/redblack_bottomup.go:228.35,229.74 1 0
bst/trees/redblack_bottomup.go:229.74,232.11 2 0
bst/trees/redblack_bottomup.go:233.13,234.42 1 0
bst/trees/redblack_bottomup.go:234.42,237.11 2 0
bst/trees/redblack_bottomup.go:238.10,238.42 1 0
bst/trees/redblack_bottomup.go:238.42,241.11 2 0
bst/trees/redblack_bottomup.go:244.4,244.12 1 0
bst/trees/redblack_bottomup.go:248.68,250.18 2 0
bst/trees/redblack_bottomup.go:250.18,253.5 2 0
bst/trees/redblack_bottomup.go:254.4,256.33 3 0
bst/trees/redblack_bottomup.go:260.68,262.18 2 0
bst/trees/redblack_bottomup.go:262.18,265.5 2 0
bst/trees/redblack_bottomup.go:266.4,267.33 2 0
bst/trees/redblack_bottomup.go:270.72,271.35 1 0
bst/trees/redblack_bottomup.go:271.35,276.66 5 0
bst/trees/redblack_bottomup.go:276.66,278.7 1 0
bst/trees/redblack_bottomup.go:279.6,279.14 1 0
bst/trees/redblack_bottomup.go:281.3,281.34 1 0
bst/trees/redblack_bottomup.go:281.34,286.4 4 0
bst/trees/redblack_bottomup.go:286.9,290.4 3 0
bst/trees/redblack_bottomup.go:293.72,294.15 1 0
bst/trees/redblack_bottomup.go:294.15,294.27 1 0
bst/trees/redblack_bottomup.go:295.3,295.15 1 0
bst/trees/redblack_bottomup.go:295.15,295.27 1 0
bst/trees/redblack_bottomup.go:296.3,296.34 1 0
bst/trees/redblack_bottomup.go:296.34,298.4 1 0
bst/trees/redblack_bottomup.go:298.9,300.4 1 0
bst/trees/redblack_bottomup.go:303.63,307.2 1 0
bst/trees/redblack_bottomup.go:309.74,310.16 1 0
bst/trees/redblack_bottomup.go:310.16,312.5 1 0
bst/trees/redblack_bottomup.go:313.4,314.22 2 0
bst/trees/redblack_bottomup.go:314.22,317.5 2 0
bst/trees/redblack_bottomup.go:317.10,320.5 2 0
bst/trees/redblack_bottomup.go:321.4,321.15 1 0
bst/trees/redblack_bottomup.go:324.77,330.2 3 0
bst/trees/redblack_relaxed.go:7.51,9.2 1 0
bst/trees/redblack_relaxed.go:11.50,12.15 1 0
bst/trees/redblack_relaxed.go:12.15,14.4 1 0
bst/trees/redblack_relaxed.go:15.3,25.24 8 0
bst/trees/redblack_relaxed_bottomup.go:10.46,14.2 3 0
bst/trees/redblack_relaxed_bottomup.go:16.53,18.2 1 0
bst/trees/redblack_relaxed_bottomup.go:20.56,24.2 1 0
bst/trees/redblack_relaxed_bottomup.go:26.75,28.2 1 0
bst/trees/redblack_relaxed_bottomup.go:30.76,32.2 1 0
bst/trees/redblack_relaxed_bottomup.go:34.68,36.2 1 0
bst/trees/redblack_relaxed_bottomup.go:38.71,40.2 1 0
bst/trees/redblack_relaxed_bottomup.go:42.78,43.16 1 0
bst/trees/redblack_relaxed_bottomup.go:43.16,43.28 1 0
bst/trees/redblack_relaxed_bottomup.go:44.4,44.16 1 0
bst/trees/redblack_relaxed_bottomup.go:44.16,44.28 1 0
bst/trees/redblack_relaxed_bottomup.go:45.4,45.35 1 0
bst/trees/redblack_relaxed_bottomup.go:45.35,47.5 1 0
bst/trees/redblack_relaxed_bottomup.go:47.10,49.5 1 0
bst/trees/redblack_relaxed_bottomup.go:52.70,60.2 1 0
bst/trees/redblack_relaxed_bottomup.go:62.84,66.2 2 0
bst/trees/redblack_relaxed_topdown.go:10.45,14.2 3 0
bst/trees/redblack_relaxed_topdown.go:16.47,18.2 1 0
bst/trees/redblack_relaxed_topdown.go:21.55,25.2 1 0
bst/trees/redblack_relaxed_topdown.go:26.74,28.2 1 0
bst/trees/redblack_relaxed_topdown.go:30.75,32.2 1 0
bst/trees/redblack_relaxed_topdown.go:34.67,36.2 1 0
bst/trees/redblack_relaxed_topdown.go:38.70,40.2 1 0
bst/trees/redblack_relaxed_topdown.go:42.77,43.16 1 0
bst/trees/redblack_relaxed_topdown.go:43.16,43.28 1 0
bst/trees/redblack_relaxed_topdown.go:44.4,44.16 1 0
bst/trees/redblack_relaxed_topdown.go:44.16,44.28 1 0
bst/trees/redblack_relaxed_topdown.go:45.4,45.35 1 0
bst/trees/redblack_relaxed_topdown.go:45.35,47.5 1 0
bst/trees/redblack_relaxed_topdown.go:47.10,49.5 1 0
bst/trees/redblack_relaxed_topdown.go:52.68,60.2 1 0
bst/trees/redblack_relaxed_topdown.go:62.82,66.2 2 0
bst/trees/redblack_topdown.go:10.40,12.2 1 0
bst/trees/redblack_topdown.go:14.48,18.2 1 0
bst/trees/redblack_topdown.go:20.77,25.17 1 0
bst/trees/redblack_topdown.go:25.17,28.5 2 0
bst/trees/redblack_topdown.go:29.4,33.25 2 0
bst/trees/redblack_topdown.go:33.25,35.5 1 0
bst/trees/redblack_topdown.go:42.4,42.8 1 0
bst/trees/redblack_topdown.go:42.8,47.22 1 0
bst/trees/redblack_topdown.go:47.22,51.27 1 0
bst/trees/redblack_topdown.go:51.27,54.11 2 0
bst/trees/redblack_topdown.go:56.10,56.35 1 0
bst/trees/redblack_topdown.go:56.35,59.21 3 0
bst/trees/redblack_topdown.go:61.10,61.37 1 0
bst/trees/redblack_topdown.go:61.37,63.21 2 0
bst/trees/redblack_topdown.go:71.10,71.27 1 0
bst/trees/redblack_topdown.go:71.27,72.32 1 0
bst/trees/redblack_topdown.go:72.32,74.48 2 0
bst/trees/redblack_topdown.go:74.48,76.17 1 0
bst/trees/redblack_topdown.go:77.16,77.22 1 0
bst/trees/redblack_topdown.go:79.13,79.48 1 0
bst/trees/redblack_topdown.go:79.48,83.24 4 0
bst/trees/redblack_topdown.go:85.13,85.41 1 0
bst/trees/redblack_topdown.go:85.41,88.24 3 0
bst/trees/redblack_topdown.go:90.13,93.21 4 0
bst/trees/redblack_topdown.go:95.16,99.32 1 0
bst/trees/redblack_topdown.go:99.32,101.48 2 0
bst/trees/redblack_topdown.go:101.48,103.17 1 0
bst/trees/redblack_topdown.go:104.16,104.22 1 0
bst/trees/redblack_topdown.go:106.13,106.41 1 0
bst/trees/redblack_topdown.go:106.41,109.24 3 0
bst/trees/redblack_topdown.go:111.13,111.48 1 0
bst/trees/redblack_topdown.go:111.48,115.22 4 0
bst/trees/redblack_topdown.go:117.13,119.28 3 0
bst/trees/redblack_topdown.go:119.28,121.14 1 0
bst/trees/redblack_topdown.go:121.19,123.14 1 0
bst/trees/redblack_topdown.go:125.13,126.27 1 0
bst/trees/redblack_topdown.go:126.27,129.11 2 0
bst/trees/redblack_topdown.go:130.10,130.63 1 0
bst/trees/redblack_topdown.go:130.63,132.21 2 0
bst/trees/redblack_topdown.go:134.10,134.35 1 0
bst/trees/redblack_topdown.go:134.35,137.21 3 0
bst/trees/redblack_topdown.go:139.10,139.39 1 0
bst/trees/redblack_topdown.go:139.39,140.32 1 0
bst/trees/redblack_topdown.go:140.32,142.48 2 0
bst/trees/redblack_topdown.go:142.48,144.17 1 0
bst/trees/redblack_topdown.go:145.16,145.22 1 0
bst/trees/redblack_topdown.go:147.13,147.41 1 0
bst/trees/redblack_topdown.go:147.41,150.24 3 0
bst/trees/redblack_topdown.go:152.13,152.51 1 0
bst/trees/redblack_topdown.go:152.51,156.22 4 0
bst/trees/redblack_topdown.go:158.13,161.21 4 0
bst/trees/redblack_topdown.go:162.16,166.32 1 0
bst/trees/redblack_topdown.go:166.32,168.48 2 0
bst/trees/redblack_topdown.go:168.48,170.17 1 0
bst/trees/redblack_topdown.go:171.16,171.22 1 0
bst/trees/redblack_topdown.go:173.13,173.41 1 0
bst/trees/redblack_topdown.go:173.41,176.24 3 0
bst/trees/redblack_topdown.go:178.13,178.48 1 0
bst/trees/redblack_topdown.go:178.48,182.22 4 0
bst/trees/redblack_topdown.go:184.13,186.27 3 0
bst/trees/redblack_topdown.go:186.27,188.14 1 0
bst/trees/redblack_topdown.go:188.19,190.14 1 0
bst/trees/redblack_topdown.go:196.67,200.2 2 0
bst/trees/redblack_topdown.go:203.76,207.2 2 0
bst/trees/redblack_topdown.go:209.62,213.2 1 0
bst/trees/sandbox.go:18.14,20.2 0 1
bst/trees/sandbox.go:154.52,156.2 1 0
bst/trees/sandbox.go:157.52,159.2 1 0
bst/trees/sandbox.go:160.52,162.2 1 0
bst/trees/sandbox.go:163.28,166.2 1 0
bst/trees/sandbox.go:167.28,170.2 1 0
bst/trees/sandbox.go:172.14,190.2 0 0
bst/trees/sandbox.go:193.16,347.18 5 0
bst/trees/sandbox.go:347.18,348.16 1 0
bst/trees/sandbox.go:350.4,354.18 4 0
bst/trees/sandbox.go:354.18,355.16 1 0
bst/trees/sandbox.go:358.4,364.31 4 0
bst/trees/sandbox.go:364.31,369.91 3 0
bst/trees/sandbox.go:369.91,370.17 1 0
bst/trees/sandbox.go:372.6,376.16 4 0
bst/trees/sandbox.go:376.16,385.21 3 0
bst/trees/sandbox.go:385.21,386.43 1 0
bst/trees/sandbox.go:386.43,390.12 3 0
bst/trees/sandbox.go:391.11,392.20 2 0
bst/trees/sandbox.go:394.8,394.13 1 0
bst/trees/sandbox.go:394.13,396.47 2 0
bst/trees/sandbox.go:396.47,397.50 1 0
bst/trees/sandbox.go:397.50,403.46 3 0
bst/trees/sandbox.go:403.46,405.18 1 0
bst/trees/sandbox.go:406.17,410.35 2 0
bst/trees/sandbox.go:410.35,412.18 1 0
bst/trees/sandbox.go:416.17,416.46 1 0
bst/trees/sandbox.go:416.46,420.18 3 0
bst/trees/sandbox.go:421.17,425.35 2 0
bst/trees/sandbox.go:425.35,427.18 1 0
bst/trees/sandbox.go:428.17,428.28 1 0
bst/trees/sandbox.go:434.4,435.13 2 0
bst/trees/splay.go:9.35,11.2 1 0
bst/trees/splay.go:13.38,15.2 1 0
bst/trees/splay.go:32.86,40.2 6 0
bst/trees/splay.go:52.86,59.2 6 0
bst/trees/splay.go:61.43,64.2 2 0
bst/trees/splay.go:66.43,69.2 2 0
bst/trees/splay.go:71.58,76.17 5 0
bst/trees/splay.go:76.17,77.18 1 0
bst/trees/splay.go:77.18,78.23 1 0
bst/trees/splay.go:78.23,80.11 1 0
bst/trees/splay.go:80.16,80.30 1 0
bst/trees/splay.go:80.30,83.11 2 0
bst/trees/splay.go:83.16,85.18 2 0
bst/trees/splay.go:87.13,88.29 1 0
bst/trees/splay.go:88.29,90.11 1 0
bst/trees/splay.go:90.16,90.36 1 0
bst/trees/splay.go:90.36,93.11 2 0
bst/trees/splay.go:93.16,95.18 2 0
bst/trees/splay.go:99.4,104.12 6 0
bst/trees/splay.go:107.43,109.2 1 0
bst/trees/splay.go:111.37,113.2 1 0
bst/trees/splay.go:117.58,121.2 2 0
bst/trees/splay.go:126.57,130.2 2 0
bst/trees/splay.go:136.57,140.22 1 0
bst/trees/splay.go:140.22,144.5 3 0
bst/trees/splay.go:145.4,147.15 3 0
bst/trees/splay.go:153.58,162.2 6 0
bst/trees/splay.go:164.66,168.22 2 0
bst/trees/splay.go:168.22,171.5 1 0
bst/trees/splay.go:174.4,177.68 2 0
bst/trees/splay.go:183.67,191.2 6 0
bst/trees/splay.go:193.51,197.2 3 0
bst/trees/splay.go:199.44,200.16 1 0
bst/trees/splay.go:200.16,202.5 1 0
bst/trees/splay.go:203.4,204.19 2 0
bst/trees/splay.go:204.19,205.23 1 0
bst/trees/splay.go:205.23,210.8 4 0
bst/trees/splay.go:210.13,213.8 2 0
bst/trees/splay.go:215.4,215.12 1 0
bst/trees/splay.go:221.49,222.16 1 0
bst/trees/splay.go:222.16,224.5 1 0
bst/trees/splay.go:225.4,227.12 3 0
bst/trees/splay.go:230.29,232.2 1 0
bst/trees/treap_fingertree.go:13.40,17.2 1 0
bst/trees/treap_fingertree.go:19.48,24.2 1 0
bst/trees/treap_fingertree.go:41.76,43.8 1 0
bst/trees/treap_fingertree.go:43.8,44.19 1 0
bst/trees/treap_fingertree.go:44.19,46.8 1 0
bst/trees/treap_fingertree.go:47.7,54.13 8 0
bst/trees/treap_fingertree.go:58.63,59.8 1 0
bst/trees/treap_fingertree.go:59.8,60.19 1 0
bst/trees/treap_fingertree.go:60.19,62.8 1 0
bst/trees/treap_fingertree.go:63.7,67.12 5 0
bst/trees/treap_fingertree.go:90.50,92.2 1 0
bst/trees/treap_fingertree.go:94.68,102.2 6 0
bst/trees/treap_fingertree.go:104.68,113.2 7 0
bst/trees/treap_fingertree.go:115.59,131.2 9 0
bst/trees/treap_fingertree.go:133.58,149.2 9 0
bst/trees/treap_fingertree.go:151.55,152.8 1 0
bst/trees/treap_fingertree.go:152.8,153.21 1 0
bst/trees/treap_fingertree.go:153.21,154.31 1 0
bst/trees/treap_fingertree.go:154.31,157.11 2 0
bst/trees/treap_fingertree.go:158.13,159.25 1 0
bst/trees/treap_fingertree.go:159.25,161.21 2 0
bst/trees/treap_fingertree.go:164.7,164.15 1 0
bst/trees/treap_fingertree.go:168.55,169.8 1 0
bst/trees/treap_fingertree.go:169.8,170.21 1 0
bst/trees/treap_fingertree.go:170.21,171.31 1 0
bst/trees/treap_fingertree.go:171.31,174.11 2 0
bst/trees/treap_fingertree.go:175.13,176.25 1 0
bst/trees/treap_fingertree.go:176.25,178.21 2 0
bst/trees/treap_fingertree.go:181.7,181.15 1 0
bst/trees/treap_fingertree.go:184.51,185.16 1 0
bst/trees/treap_fingertree.go:185.16,187.5 1 0
bst/trees/treap_fingertree.go:187.10,189.5 1 0
bst/trees/treap_fingertree.go:191.51,192.34 1 0
bst/trees/treap_fingertree.go:192.34,200.5 7 0
bst/trees/treap_fingertree.go:204.51,205.34 1 0
bst/trees/treap_fingertree.go:205.34,212.5 6 0
bst/trees/treap_fingertree.go:219.47,221.2 1 0
bst/trees/treap_fingertree.go:230.47,232.2 1 0
bst/trees/treap_fingertree.go:233.50,235.2 1 0
bst/trees/treap_fingertree.go:236.50,238.2 1 0
bst/trees/treap_fingertree.go:240.56,247.2 6 0
bst/trees/treap_fingertree.go:249.57,257.2 7 0
bst/trees/treap_fingertree.go:259.63,261.11 1 0
bst/trees/treap_fingertree.go:262.25,263.36 1 0
bst/trees/treap_fingertree.go:264.25,265.52 1 0
bst/trees/treap_fingertree.go:266.12,267.25 1 0
bst/trees/treap_fingertree.go:271.67,273.11 1 0
bst/trees/treap_fingertree.go:274.25,275.32 1 0
bst/trees/treap_fingertree.go:276.25,277.44 1 0
bst/trees/treap_fingertree.go:278.12,280.22 2 0
bst/trees/treap_fingertree.go:284.71,286.8 2 0
bst/trees/treap_fingertree.go:286.8,287.17 1 0
bst/trees/treap_fingertree.go:287.17,289.8 1 0
bst/trees/treap_fingertree.go:290.7,290.18 1 0
bst/trees/treap_fingertree.go:290.18,293.8 2 0
bst/trees/treap_fingertree.go:293.13,295.8 1 0
bst/trees/treap_fingertree.go:299.75,304.8 4 0
bst/trees/treap_fingertree.go:304.8,305.17 1 0
bst/trees/treap_fingertree.go:305.17,308.8 2 0
bst/trees/treap_fingertree.go:309.7,309.18 1 0
bst/trees/treap_fingertree.go:309.18,313.8 3 0
bst/trees/treap_fingertree.go:313.13,317.8 3 0
bst/trees/treap_fingertree.go:321.75,326.8 4 0
bst/trees/treap_fingertree.go:326.8,327.17 1 0
bst/trees/treap_fingertree.go:327.17,330.8 2 0
bst/trees/treap_fingertree.go:331.7,331.18 1 0
bst/trees/treap_fingertree.go:331.18,335.8 3 0
bst/trees/treap_fingertree.go:335.13,339.8 3 0
bst/trees/treap_fingertree.go:343.71,345.8 2 0
bst/trees/treap_fingertree.go:345.8,346.17 1 0
bst/trees/treap_fingertree.go:346.17,348.8 1 0
bst/trees/treap_fingertree.go:349.7,349.18 1 0
bst/trees/treap_fingertree.go:349.18,352.8 2 0
bst/trees/treap_fingertree.go:352.13,354.8 1 0
bst/trees/treap_fingertree.go:358.73,359.8 1 0
bst/trees/treap_fingertree.go:359.8,360.20 1 0
bst/trees/treap_fingertree.go:360.20,363.8 2 0
bst/trees/treap_fingertree.go:364.7,364.24 1 0
bst/trees/treap_fingertree.go:364.24,369.8 4 0
bst/trees/treap_fingertree.go:370.7,371.22 2 0
bst/trees/treap_fingertree.go:371.22,373.8 1 0
bst/trees/treap_fingertree.go:373.13,375.8 1 0
bst/trees/treap_fingertree.go:379.75,387.8 7 0
bst/trees/treap_fingertree.go:387.8,389.18 1 0
bst/trees/treap_fingertree.go:389.18,393.18 4 0
bst/trees/treap_fingertree.go:396.7,396.38 1 0
bst/trees/treap_fingertree.go:396.38,403.8 6 0
bst/trees/treap_fingertree.go:405.7,407.13 3 0
bst/trees/treap_fingertree.go:411.65,414.14 2 0
bst/trees/treap_fingertree.go:414.14,417.5 1 0
bst/trees/treap_fingertree.go:418.4,418.22 1 0
bst/trees/treap_fingertree.go:418.22,421.5 1 0
bst/trees/treap_fingertree.go:422.4,422.24 1 0
bst/trees/treap_fingertree.go:422.24,424.5 1 0
bst/trees/treap_fingertree.go:424.10,426.5 1 0
bst/trees/treap_fingertree.go:429.75,434.2 2 0
bst/trees/treap_fingertree.go:436.73,448.24 4 0
bst/trees/treap_fingertree.go:448.24,452.5 3 0
bst/trees/treap_fingertree.go:453.4,475.15 17 0
bst/trees/treap_fingertree.go:478.73,487.24 4 0
bst/trees/treap_fingertree.go:487.24,491.5 3 0
bst/trees/treap_fingertree.go:492.4,517.15 20 0
bst/trees/treap_fingertree.go:524.75,532.8 6 0
bst/trees/treap_fingertree.go:532.8,534.18 1 0
bst/trees/treap_fingertree.go:534.18,538.18 4 0
bst/trees/treap_fingertree.go:541.7,541.38 1 0
bst/trees/treap_fingertree.go:541.38,549.8 6 0
bst/trees/treap_fingertree.go:551.7,553.13 3 0
bst/trees/treap_fingertree.go:561.67,563.24 1 0
bst/trees/treap_fingertree.go:563.24,567.5 3 0
bst/trees/treap_fingertree.go:568.4,568.24 1 0
bst/trees/treap_fingertree.go:568.24,569.17 1 0
bst/trees/treap_fingertree.go:569.17,571.8 1 0
bst/trees/treap_fingertree.go:571.13,573.8 1 0
bst/trees/treap_fingertree.go:574.10,575.25 1 0
bst/trees/treap_fingertree.go:575.25,577.8 1 0
bst/trees/treap_fingertree.go:577.13,579.8 1 0
bst/trees/treap_fingertree.go:706.56,714.2 6 0
bst/trees/treap_fingertree.go:716.55,723.2 5 0
bst/trees/treap_fingertree.go:724.77,725.8 1 0
bst/trees/treap_fingertree.go:725.8,726.22 1 0
bst/trees/treap_fingertree.go:726.22,728.44 2 0
bst/trees/treap_fingertree.go:728.44,730.11 1 0
bst/trees/treap_fingertree.go:730.16,734.11 2 0
bst/trees/treap_fingertree.go:735.10,735.16 1 0
bst/trees/treap_fingertree.go:737.7,738.21 2 0
bst/trees/treap_fingertree.go:738.21,740.8 1 0
bst/trees/treap_fingertree.go:740.13,742.8 1 0
bst/trees/treap_fingertree.go:745.76,747.14 1 0
bst/trees/treap_fingertree.go:747.14,750.5 2 0
bst/trees/treap_fingertree.go:751.4,755.18 5 0
bst/trees/treap_fingertree.go:755.18,759.5 3 0
bst/trees/treap_fingertree.go:760.4,760.17 1 0
bst/trees/treap_fingertree.go:760.17,764.5 3 0
bst/trees/treap_fingertree.go:765.4,772.23 8 0
bst/trees/treap_fingertree.go:775.74,778.8 2 0
bst/trees/treap_fingertree.go:778.8,779.19 1 0
bst/trees/treap_fingertree.go:779.19,782.8 2 0
bst/trees/treap_fingertree.go:783.7,783.19 1 0
bst/trees/treap_fingertree.go:783.19,786.8 2 0
bst/trees/treap_fingertree.go:787.7,787.21 1 0
bst/trees/treap_fingertree.go:787.21,793.8 5 0
bst/trees/treap_fingertree.go:793.13,799.8 5 0
bst/trees/treap_fingertree.go:803.76,805.24 1 0
bst/trees/treap_fingertree.go:805.24,808.5 2 0
bst/trees/treap_fingertree.go:809.4,813.18 5 0
bst/trees/treap_fingertree.go:813.18,817.5 3 0
bst/trees/treap_fingertree.go:819.4,819.17 1 0
bst/trees/treap_fingertree.go:819.17,824.5 3 0
bst/trees/treap_fingertree.go:826.4,833.23 8 0
bst/trees/treap_fingertree.go:846.64,848.8 2 0
bst/trees/treap_fingertree.go:848.8,849.19 1 0
bst/trees/treap_fingertree.go:849.19,851.8 1 0
bst/trees/treap_fingertree.go:852.7,858.12 7 0
bst/trees/treap_fingertree.go:861.55,873.24 6 0
bst/trees/treap_fingertree.go:873.24,875.5 1 0
bst/trees/treap_fingertree.go:878.4,879.49 2 0
bst/trees/treap_fingertree.go:882.68,884.11 1 0
bst/trees/treap_fingertree.go:885.25,887.18 2 0
bst/trees/treap_fingertree.go:888.25,890.18 2 0
bst/trees/treap_fingertree.go:891.12,893.18 2 0
bst/trees/treap_fingertree.go:895.4,895.10 1 0
bst/trees/treap_fingertree.go:998.63,1007.8 7 0
bst/trees/treap_fingertree.go:1007.8,1008.19 1 0
bst/trees/treap_fingertree.go:1008.19,1016.8 6 0
bst/trees/treap_fingertree.go:1017.7,1017.19 1 0
bst/trees/treap_fingertree.go:1017.19,1026.8 7 0
bst/trees/treap_fingertree.go:1027.7,1027.20 1 0
bst/trees/treap_fingertree.go:1027.20,1034.8 6 0
bst/trees/treap_fingertree.go:1034.13,1042.8 7 0
bst/trees/treap_fingertree.go:1046.61,1047.24 1 0
bst/trees/treap_fingertree.go:1047.24,1049.5 1 0
bst/trees/treap_fingertree.go:1050.4,1050.24 1 0
bst/trees/treap_fingertree.go:1050.24,1052.5 1 0
bst/trees/treap_fingertree.go:1054.4,1064.5 3 0
bst/trees/treap_fingertree.go:1067.74,1068.16 1 0
bst/trees/treap_fingertree.go:1068.16,1070.5 1 0
bst/trees/treap_fingertree.go:1071.4,1073.33 3 0
bst/trees/treap_fingertree.go:1076.74,1077.16 1 0
bst/trees/treap_fingertree.go:1077.16,1079.5 1 0
bst/trees/treap_fingertree.go:1080.4,1082.14 3 0
bst/trees/treap_fingertree.go:1093.69,1094.16 1 0
bst/trees/treap_fingertree.go:1094.16,1096.5 1 0
bst/trees/treap_fingertree.go:1097.4,1099.33 3 0
bst/trees/treap_fingertree.go:1102.57,1104.2 1 0
bst/trees/treap_fingertree.go:1124.43,1125.24 1 0
bst/trees/treap_fingertree.go:1125.24,1127.5 1 0
bst/trees/treap_fingertree.go:1128.4,1130.28 3 0
bst/trees/treap_fingertree.go:1130.28,1134.5 3 0
bst/trees/treap_fingertree.go:1135.4,1135.28 1 0
bst/trees/treap_fingertree.go:1135.28,1139.5 3 0
bst/trees/treap_fingertree.go:1140.4,1141.51 2 0
bst/trees/treap_fingertree.go:1144.47,1145.24 1 0
bst/trees/treap_fingertree.go:1145.24,1147.5 1 0
bst/trees/treap_fingertree.go:1149.4,1152.47 2 0
bst/trees/treap_fingertree.go:1152.47,1154.5 1 0
bst/trees/treap_fingertree.go:1155.4,1155.47 1 0
bst/trees/treap_fingertree.go:1155.47,1157.5 1 0
bst/trees/treap_fingertree.go:1160.38,1164.2 3 0
bst/trees/treap_topdown.go:13.37,17.2 1 0
bst/trees/treap_topdown.go:23.45,28.2 1 0
bst/trees/treap_topdown.go:30.71,33.8 2 0
bst/trees/treap_topdown.go:33.8,34.19 1 0
bst/trees/treap_topdown.go:34.19,37.8 2 0
bst/trees/treap_topdown.go:38.7,38.19 1 0
bst/trees/treap_topdown.go:38.19,41.8 2 0
bst/trees/treap_topdown.go:42.7,42.21 1 0
bst/trees/treap_topdown.go:42.21,48.8 5 0
bst/trees/treap_topdown.go:48.13,54.8 5 0
bst/trees/treap_topdown.go:103.48,104.16 1 0
bst/trees/treap_topdown.go:104.16,106.5 1 0
bst/trees/treap_topdown.go:106.10,108.5 1 0
bst/trees/treap_topdown.go:110.79,112.68 1 0
bst/trees/treap_topdown.go:112.68,117.5 4 0
bst/trees/treap_topdown.go:118.4,118.35 1 0
bst/trees/treap_topdown.go:118.35,121.5 2 0
bst/trees/treap_topdown.go:121.10,125.5 3 0
bst/trees/treap_topdown.go:128.74,129.8 1 0
bst/trees/treap_topdown.go:129.8,130.22 1 0
bst/trees/treap_topdown.go:130.22,132.44 2 0
bst/trees/treap_topdown.go:132.44,134.11 1 0
bst/trees/treap_topdown.go:134.16,138.11 3 0
bst/trees/treap_topdown.go:139.10,139.16 1 0
bst/trees/treap_topdown.go:141.7,142.21 2 0
bst/trees/treap_topdown.go:142.21,144.8 1 0
bst/trees/treap_topdown.go:144.13,146.8 1 0
bst/trees/treap_topdown.go:150.70,151.8 1 0
bst/trees/treap_topdown.go:151.8,152.20 1 0
bst/trees/treap_topdown.go:152.20,155.8 2 0
bst/trees/treap_topdown.go:156.7,156.24 1 0
bst/trees/treap_topdown.go:156.24,161.8 4 0
bst/trees/treap_topdown.go:162.7,163.22 2 0
bst/trees/treap_topdown.go:163.22,165.8 1 0
bst/trees/treap_topdown.go:165.13,167.8 1 0
bst/trees/treap_topdown.go:171.64,175.2 2 0
bst/trees/treap_topdown.go:177.65,182.2 3 0
bst/trees/treap_topdown.go:184.58,191.2 3 0
bst/trees/treap_topdown.go:193.72,198.2 2 0
bst/trees/treap_topdown.go:200.57,203.2 1 0
bst/trees/treap_topdown.go:205.60,209.2 2 0
bst/trees/treap_topdown.go:213.57,224.2 3 0
bst/trees/treap_topdown.go:226.53,227.16 1 0
bst/trees/treap_topdown.go:227.16,229.5 1 0
bst/trees/treap_topdown.go:230.4,234.31 4 0
bst/trees/treap_topdown.go:237.35,240.2 2 0
bst/trees/tree.go:105.32,106.25 1 1
bst/trees/tree.go:106.25,108.5 1 1
bst/trees/tree.go:109.4,110.16 2 1
bst/trees/tree.go:115.53,120.2 3 0
bst/trees/tree.go:123.49,126.2 1 1
bst/trees/tree.go:128.52,132.2 2 1
bst/trees/tree.go:158.79,159.8 1 1
bst/trees/tree.go:159.8,160.20 1 1
bst/trees/tree.go:160.20,163.8 2 1
bst/trees/tree.go:164.7,168.17 4 1
bst/trees/tree.go:168.17,171.8 2 1
bst/trees/tree.go:171.13,174.8 2 1
bst/trees/tree.go:178.52,181.2 2 1
bst/trees/tree.go:200.35,202.2 1 1
bst/trees/tree.go:204.31,206.2 1 0
bst/trees/tree.go:208.57,209.8 1 1
bst/trees/tree.go:209.8,210.19 1 1
bst/trees/tree.go:210.19,212.8 1 1
bst/trees/tree.go:213.7,213.18 1 1
bst/trees/tree.go:213.18,215.8 1 1
bst/trees/tree.go:215.13,218.8 2 1
bst/trees/tree.go:233.46,235.2 1 1
bst/trees/tree.go:404.56,405.18 1 0
bst/trees/tree.go:405.18,407.5 1 0
bst/trees/tree.go:408.4,408.18 1 0
bst/trees/tree.go:408.18,410.5 1 0
bst/trees/tree.go:411.4,411.31 1 0
bst/trees/tree.go:411.31,418.5 6 0
bst/trees/tree.go:418.10,425.5 6 0
bst/trees/tree.go:428.76,429.8 1 0
bst/trees/tree.go:429.8,431.22 2 0
bst/trees/tree.go:431.22,435.8 3 0
bst/trees/tree.go:436.7,436.21 1 0
bst/trees/tree.go:436.21,440.8 3 0
bst/trees/tree.go:440.13,444.8 3 0
bst/trees/tree.go:449.59,453.17 4 0
bst/trees/tree.go:453.17,455.19 2 0
bst/trees/tree.go:455.19,460.8 4 0
bst/trees/tree.go:460.13,465.8 4 0
bst/trees/tree.go:467.4,469.19 3 0
bst/trees/tree.go:472.100,477.2 3 0
bst/trees/tree.go:479.83,487.2 3 0
bst/trees/tree.go:513.32,515.2 1 1
bst/trees/tree.go:517.63,518.24 1 0
bst/trees/tree.go:518.24,520.5 1 0
bst/trees/tree.go:522.4,522.44 1 0
bst/trees/tree.go:522.44,524.5 1 0
bst/trees/tree.go:525.4,525.44 1 0
bst/trees/tree.go:525.44,527.5 1 0
bst/trees/tree.go:530.4,532.14 3 0
bst/trees/tree.go:532.14,536.5 3 0
bst/trees/tree.go:537.4,537.10 1 0
bst/trees/tree.go:540.63,541.24 1 0
bst/trees/tree.go:541.24,543.5 1 0
bst/trees/tree.go:545.4,545.44 1 0
bst/trees/tree.go:545.44,547.5 1 0
bst/trees/tree.go:548.4,548.44 1 0
bst/trees/tree.go:548.44,550.5 1 0
bst/trees/tree.go:553.4,555.14 3 0
bst/trees/tree.go:555.14,559.5 3 0
bst/trees/tree.go:560.4,560.10 1 0
bst/trees/tree.go:563.79,564.16 1 0
bst/trees/tree.go:564.16,566.5 1 0
bst/trees/tree.go:568.4,568.30 1 0
bst/trees/tree.go:568.30,570.5 1 0
bst/trees/tree.go:571.4,573.50 3 0
bst/trees/tree.go:576.69,577.24 1 0
bst/trees/tree.go:577.24,579.5 1 0
bst/trees/tree.go:580.4,582.10 3 0
bst/trees/wbst.go:17.49,19.2 1 1
bst/trees/wbst.go:21.53,23.2 1 1
bst/trees/wbst.go:30.53,31.14 1 0
bst/trees/wbst.go:31.14,33.5 1 0
bst/trees/wbst.go:34.4,34.24 1 0
bst/trees/wbst.go:34.24,36.5 1 0
bst/trees/wbst.go:37.4,38.50 2 0
bst/trees/wbst.go:38.50,40.5 1 0
bst/trees/wbst.go:40.10,48.5 7 0
bst/trees/wbst.go:51.57,52.26 1 0
bst/trees/wbst.go:52.26,54.5 1 0
bst/trees/wbst.go:55.4,59.17 5 0
bst/trees/wbst_bottomup.go:13.37,17.2 1 1
bst/trees/wbst_bottomup.go:19.45,24.2 1 1
bst/trees/wbst_bottomup.go:25.62,26.16 1 1
bst/trees/wbst_bottomup.go:26.16,28.5 1 1
bst/trees/wbst_bottomup.go:29.4,36.31 6 1
bst/trees/wbst_bottomup.go:39.67,41.2 1 1
bst/trees/wbst_bottomup.go:43.35,47.2 3 1
bst/trees/wbst_bottomup.go:50.77,51.16 1 1
bst/trees/wbst_bottomup.go:51.16,51.28 1 1
bst/trees/wbst_bottomup.go:52.4,52.16 1 1
bst/trees/wbst_bottomup.go:52.16,52.28 1 1
bst/trees/wbst_bottomup.go:53.4,53.16 1 1
bst/trees/wbst_bottomup.go:53.16,56.5 2 1
bst/trees/wbst_bottomup.go:56.10,59.5 2 1
bst/trees/wbst_bottomup.go:62.75,64.18 2 1
bst/trees/wbst_bottomup.go:64.18,68.5 3 1
bst/trees/wbst_bottomup.go:69.4,75.34 5 1
bst/trees/wbst_bottomup.go:75.34,79.40 3 1
bst/trees/wbst_bottomup.go:79.40,81.8 1 1
bst/trees/wbst_bottomup.go:81.13,83.8 1 1
bst/trees/wbst_bottomup.go:85.4,85.12 1 1
bst/trees/wbst_bottomup.go:88.75,90.18 2 1
bst/trees/wbst_bottomup.go:90.18,94.5 3 1
bst/trees/wbst_bottomup.go:95.4,99.34 4 1
bst/trees/wbst_bottomup.go:99.34,100.55 1 1
bst/trees/wbst_bottomup.go:100.55,102.8 1 1
bst/trees/wbst_bottomup.go:102.13,104.8 1 1
bst/trees/wbst_bottomup.go:106.4,106.12 1 1
bst/trees/wbst_bottomup.go:110.57,123.2 5 1
bst/trees/wbst_bottomup.go:125.71,126.16 1 1
bst/trees/wbst_bottomup.go:126.16,128.5 1 1
bst/trees/wbst_bottomup.go:128.10,130.5 1 1
bst/trees/wbst_bottomup.go:133.79,134.31 1 1
bst/trees/wbst_bottomup.go:134.31,139.5 4 1
bst/trees/wbst_bottomup.go:140.4,148.34 6 1
bst/trees/wbst_bottomup.go:148.34,153.40 3 1
bst/trees/wbst_bottomup.go:153.40,155.8 1 1
bst/trees/wbst_bottomup.go:155.13,157.8 1 1
bst/trees/wbst_bottomup.go:159.4,159.12 1 1
bst/trees/wbst_bottomup.go:162.79,163.31 1 1
bst/trees/wbst_bottomup.go:163.31,168.5 4 1
bst/trees/wbst_bottomup.go:169.4,177.34 6 1
bst/trees/wbst_bottomup.go:177.34,178.50 1 1
bst/trees/wbst_bottomup.go:178.50,180.8 1 1
bst/trees/wbst_bottomup.go:180.13,182.8 1 1
bst/trees/wbst_bottomup.go:184.4,184.12 1 1
bst/trees/wbst_bottomup.go:187.71,188.16 1 1
bst/trees/wbst_bottomup.go:188.16,190.5 1 1
bst/trees/wbst_bottomup.go:191.4,196.19 4 1
bst/trees/wbst_bottomup.go:196.19,199.5 2 1
bst/trees/wbst_bottomup.go:199.10,202.5 2 1
bst/trees/wbst_bottomup.go:203.4,203.15 1 1
bst/trees/wbst_bottomup.go:206.73,212.2 3 1
bst/trees/wbst_bottomup.go:215.92,216.16 1 1
bst/trees/wbst_bottomup.go:216.16,218.5 1 1
bst/trees/wbst_bottomup.go:219.4,226.16 4 1
bst/trees/wbst_bottomup.go:226.16,230.37 3 1
bst/trees/wbst_bottomup.go:230.37,231.60 1 1
bst/trees/wbst_bottomup.go:231.60,233.11 1 1
bst/trees/wbst_bottomup.go:233.16,235.11 1 1
bst/trees/wbst_bottomup.go:237.10,240.37 2 1
bst/trees/wbst_bottomup.go:240.37,241.61 1 1
bst/trees/wbst_bottomup.go:241.61,243.11 1 1
bst/trees/wbst_bottomup.go:243.16,245.11 1 1
bst/trees/wbst_bottomup.go:248.4,248.12 1 1
bst/trees/wbst_bottomup.go:251.93,260.16 4 1
bst/trees/wbst_bottomup.go:260.16,263.21 3 1
bst/trees/wbst_bottomup.go:263.21,265.8 1 1
bst/trees/wbst_bottomup.go:266.7,266.21 1 1
bst/trees/wbst_bottomup.go:266.21,268.8 1 1
bst/trees/wbst_bottomup.go:269.7,269.18 1 1
bst/trees/wbst_bottomup.go:269.18,274.8 4 1
bst/trees/wbst_bottomup.go:274.13,278.8 3 1
bst/trees/wbst_bottomup.go:279.7,279.15 1 1
bst/trees/wbst_bottomup.go:281.4,281.15 1 1
bst/trees/wbst_bottomup.go:281.15,285.37 3 1
bst/trees/wbst_bottomup.go:285.37,288.43 3 1
bst/trees/wbst_bottomup.go:288.43,290.11 1 1
bst/trees/wbst_bottomup.go:290.16,292.11 1 1
bst/trees/wbst_bottomup.go:295.10,298.37 2 1
bst/trees/wbst_bottomup.go:298.37,301.43 3 1
bst/trees/wbst_bottomup.go:301.43,303.11 1 1
bst/trees/wbst_bottomup.go:303.16,305.11 1 1
bst/trees/wbst_bottomup.go:308.4,308.12 1 1
bst/trees/wbst_bottomup.go:311.57,314.2 1 1
bst/trees/wbst_bottomup.go:316.60,320.2 2 1
bst/trees/wbst_bottomup.go:322.64,326.2 2 1
bst/trees/wbst_bottomup.go:328.65,333.2 3 1
bst/trees/wbst_topdown.go:13.36,17.2 1 1
bst/trees/wbst_topdown.go:19.44,24.2 1 1
bst/trees/wbst_topdown.go:26.61,27.13 1 1
bst/trees/wbst_topdown.go:27.13,29.5 1 1
bst/trees/wbst_topdown.go:30.4,37.31 6 1
bst/trees/wbst_topdown.go:40.66,42.2 1 1
bst/trees/wbst_topdown.go:44.34,48.2 3 1
bst/trees/wbst_topdown.go:50.86,52.8 1 1
bst/trees/wbst_topdown.go:52.8,53.20 1 1
bst/trees/wbst_topdown.go:53.20,56.8 2 1
bst/trees/wbst_topdown.go:57.7,65.22 4 1
bst/trees/wbst_topdown.go:65.22,66.39 1 1
bst/trees/wbst_topdown.go:66.39,71.11 1 1
bst/trees/wbst_topdown.go:71.16,72.30 1 1
bst/trees/wbst_topdown.go:72.30,73.75 1 1
bst/trees/wbst_topdown.go:73.75,79.17 2 1
bst/trees/wbst_topdown.go:79.22,86.17 3 1
bst/trees/wbst_topdown.go:87.19,88.75 1 1
bst/trees/wbst_topdown.go:88.75,95.17 3 1
bst/trees/wbst_topdown.go:95.22,102.49 1 1
bst/trees/wbst_topdown.go:102.49,109.20 3 1
bst/trees/wbst_topdown.go:109.25,116.20 3 1
bst/trees/wbst_topdown.go:120.13,124.39 1 1
bst/trees/wbst_topdown.go:124.39,126.21 2 1
bst/trees/wbst_topdown.go:128.10,128.35 1 1
bst/trees/wbst_topdown.go:128.35,129.72 1 1
bst/trees/wbst_topdown.go:129.72,135.14 2 1
bst/trees/wbst_topdown.go:135.19,142.14 3 1
bst/trees/wbst_topdown.go:143.16,144.72 1 1
bst/trees/wbst_topdown.go:144.72,151.14 3 1
bst/trees/wbst_topdown.go:151.19,159.47 1 1
bst/trees/wbst_topdown.go:159.47,166.17 3 1
bst/trees/wbst_topdown.go:166.22,173.17 3 1
bst/trees/wbst_topdown.go:180.89,183.8 1 1
bst/trees/wbst_topdown.go:183.8,192.22 4 1
bst/trees/wbst_topdown.go:192.22,197.8 4 1
bst/trees/wbst_topdown.go:198.7,198.22 1 1
bst/trees/wbst_topdown.go:198.22,199.39 1 1
bst/trees/wbst_topdown.go:199.39,204.11 1 1
bst/trees/wbst_topdown.go:204.16,205.61 1 1
bst/trees/wbst_topdown.go:205.61,212.14 3 1
bst/trees/wbst_topdown.go:212.19,219.14 3 1
bst/trees/wbst_topdown.go:221.13,222.39 1 1
bst/trees/wbst_topdown.go:222.39,227.11 1 1
bst/trees/wbst_topdown.go:227.16,228.61 1 1
bst/trees/wbst_topdown.go:228.61,235.14 3 1
bst/trees/wbst_topdown.go:235.19,242.14 3 1
bst/trees/wbst_topdown.go:248.61,249.52 1 1
bst/trees/wbst_topdown.go:249.52,251.5 1 1
bst/trees/wbst_topdown.go:251.10,253.5 1 1
bst/trees/wbst_topdown.go:256.61,257.52 1 1
bst/trees/wbst_topdown.go:257.52,259.5 1 1
bst/trees/wbst_topdown.go:259.10,261.5 1 1
bst/trees/wbst_topdown.go:264.57,268.2 3 1
bst/trees/wbst_topdown.go:270.59,274.2 3 1
bst/trees/wbst_topdown.go:276.75,280.2 3 1
bst/trees/wbst_topdown.go:282.77,286.2 3 1
bst/trees/wbst_topdown.go:288.63,292.2 2 1
bst/trees/wbst_topdown.go:294.64,299.2 3 1
bst/trees/wbst_topdown.go:301.57,314.2 5 1
bst/trees/wbst_topdown.go:315.65,317.2 1 1
bst/trees/wbst_topdown.go:319.65,321.2 1 1
bst/trees/wbst_topdown.go:323.73,324.16 1 1
bst/trees/wbst_topdown.go:324.16,324.28 1 1
bst/trees/wbst_topdown.go:325.4,325.16 1 1
bst/trees/wbst_topdown.go:325.16,325.28 1 1
bst/trees/wbst_topdown.go:326.4,326.16 1 1
bst/trees/wbst_topdown.go:326.16,328.5 1 1
bst/trees/wbst_topdown.go:328.10,330.5 1 1
bst/trees/wbst_topdown.go:333.71,334.16 1 1
bst/trees/wbst_topdown.go:334.16,336.5 1 1
bst/trees/wbst_topdown.go:336.10,338.5 1 1
bst/trees/wbst_topdown.go:341.78,342.31 1 1
bst/trees/wbst_topdown.go:342.31,347.5 4 1
bst/trees/wbst_topdown.go:348.4,350.40 3 1
bst/trees/wbst_topdown.go:350.40,352.5 1 1
bst/trees/wbst_topdown.go:353.4,353.12 1 1
bst/trees/wbst_topdown.go:356.78,357.31 1 1
bst/trees/wbst_topdown.go:357.31,362.5 4 1
bst/trees/wbst_topdown.go:363.4,366.40 4 1
bst/trees/wbst_topdown.go:366.40,368.5 1 1
bst/trees/wbst_topdown.go:369.4,369.12 1 1
bst/trees/wbst_topdown.go:372.69,373.16 1 1
bst/trees/wbst_topdown.go:373.16,375.5 1 1
bst/trees/wbst_topdown.go:376.4,381.19 4 1
bst/trees/wbst_topdown.go:381.19,384.5 2 1
bst/trees/wbst_topdown.go:384.10,387.5 2 1
bst/trees/wbst_topdown.go:388.4,388.15 1 1
bst/trees/wbst_topdown.go:391.71,398.2 3 1
bst/trees/zip.go:14.28,18.2 1 0
bst/trees/zip.go:20.36,25.2 1 0
bst/trees/zip.go:27.38,29.2 1 0
bst/trees/zip.go:31.63,33.17 1 0
bst/trees/zip.go:33.17,35.19 2 0
bst/trees/zip.go:35.19,40.8 4 0
bst/trees/zip.go:40.13,45.8 4 0
bst/trees/zip.go:47.4,48.12 2 0
bst/trees/zip.go:63.55,69.18 4 0
bst/trees/zip.go:69.18,70.23 1 0
bst/trees/zip.go:70.23,71.15 1 0
bst/trees/zip.go:73.7,73.22 1 0
bst/trees/zip.go:73.22,74.27 1 0
bst/trees/zip.go:74.27,75.18 1 0
bst/trees/zip.go:77.10,79.21 3 0
bst/trees/zip.go:80.13,84.8 3 0
bst/trees/zip.go:87.4,89.10 3 0
bst/trees/zip.go:92.39,93.16 1 0
bst/trees/zip.go:93.16,95.5 1 0
bst/trees/zip.go:95.10,97.5 1 0
bst/trees/zip.go:100.61,103.8 2 0
bst/trees/zip.go:103.8,104.19 1 0
bst/trees/zip.go:104.19,107.8 2 0
bst/trees/zip.go:108.7,108.19 1 0
bst/trees/zip.go:108.19,111.8 2 0
bst/trees/zip.go:113.7,113.39 1 0
bst/trees/zip.go:113.39,119.8 5 0
bst/trees/zip.go:119.13,125.8 5 0
bst/trees/zip.go:185.66,186.8 1 0
bst/trees/zip.go:186.8,187.22 1 0
bst/trees/zip.go:187.22,193.44 3 0
bst/trees/zip.go:193.44,195.11 1 0
bst/trees/zip.go:195.16,198.11 2 0
bst/trees/zip.go:199.10,199.16 1 0
bst/trees/zip.go:201.7,202.21 2 0
bst/trees/zip.go:202.21,205.8 2 0
bst/trees/zip.go:205.13,208.8 2 0
bst/trees/zip.go:212.56,219.2 3 0
bst/trees/zip.go:221.49,228.2 3 0
bst/trees/zip.go:230.64,235.2 2 0
bst/trees/zip.go:237.48,240.2 1 0
bst/trees/zip.go:242.51,246.2 2 0
bst/trees/zip.go:248.49,256.2 5 0
bst/trees/zip.go:258.39,259.16 1 0
bst/trees/zip.go:259.16,261.5 1 0
bst/trees/zip.go:262.4,266.25 4 0
bst/trees/zip.go:291.27,294.2 2 0
