mode: set
github.com/rtheunissen/binarysearch/binarytree/alloc.go:15.34,19.2 1 1
github.com/rtheunissen/binarysearch/binarytree/alloc.go:31.67,36.2 3 1
github.com/rtheunissen/binarysearch/binarytree/alloc.go:76.45,78.2 1 1
github.com/rtheunissen/binarysearch/binarytree/alloc.go:81.48,82.19 1 1
github.com/rtheunissen/binarysearch/binarytree/alloc.go:82.19,84.5 1 1
github.com/rtheunissen/binarysearch/binarytree/alloc.go:88.34,89.16 1 1
github.com/rtheunissen/binarysearch/binarytree/alloc.go:89.16,91.5 1 1
github.com/rtheunissen/binarysearch/binarytree/alloc.go:95.36,96.16 1 1
github.com/rtheunissen/binarysearch/binarytree/alloc.go:96.16,98.5 1 1
github.com/rtheunissen/binarysearch/binarytree/alloc.go:102.39,104.2 1 1
github.com/rtheunissen/binarysearch/binarytree/alloc.go:107.31,110.2 2 1
github.com/rtheunissen/binarysearch/binarytree/alloc.go:112.25,114.2 1 1
github.com/rtheunissen/binarysearch/binarytree/alloc.go:117.33,122.24 1 1
github.com/rtheunissen/binarysearch/binarytree/alloc.go:122.24,124.5 1 1
github.com/rtheunissen/binarysearch/binarytree/alloc.go:130.4,148.6 4 1
github.com/rtheunissen/binarysearch/binarytree/assert.go:13.29,14.18 1 1
github.com/rtheunissen/binarysearch/binarytree/assert.go:14.18,15.32 1 0
github.com/rtheunissen/binarysearch/binarytree/assert.go:20.32,21.18 1 1
github.com/rtheunissen/binarysearch/binarytree/assert.go:21.18,22.32 1 0
github.com/rtheunissen/binarysearch/binarytree/avl.go:10.32,11.16 1 1
github.com/rtheunissen/binarysearch/binarytree/avl.go:11.16,13.5 1 1
github.com/rtheunissen/binarysearch/binarytree/avl.go:13.10,15.5 1 1
github.com/rtheunissen/binarysearch/binarytree/avl.go:18.43,20.2 1 1
github.com/rtheunissen/binarysearch/binarytree/avl.go:31.40,32.16 1 1
github.com/rtheunissen/binarysearch/binarytree/avl.go:32.16,34.5 1 1
github.com/rtheunissen/binarysearch/binarytree/avl.go:35.4,41.26 5 1
github.com/rtheunissen/binarysearch/binarytree/avl.go:44.51,45.16 1 1
github.com/rtheunissen/binarysearch/binarytree/avl.go:45.16,47.5 1 1
github.com/rtheunissen/binarysearch/binarytree/avl.go:48.4,52.12 4 1
github.com/rtheunissen/binarysearch/binarytree/avl.go:55.27,58.2 2 1
github.com/rtheunissen/binarysearch/binarytree/avl.go:60.37,61.47 1 1
github.com/rtheunissen/binarysearch/binarytree/avl.go:61.47,62.50 1 1
github.com/rtheunissen/binarysearch/binarytree/avl.go:62.50,67.8 4 1
github.com/rtheunissen/binarysearch/binarytree/avl.go:67.13,71.8 3 1
github.com/rtheunissen/binarysearch/binarytree/avl.go:72.10,72.54 1 1
github.com/rtheunissen/binarysearch/binarytree/avl.go:72.54,73.50 1 1
github.com/rtheunissen/binarysearch/binarytree/avl.go:73.50,78.8 4 1
github.com/rtheunissen/binarysearch/binarytree/avl.go:78.13,82.8 3 1
github.com/rtheunissen/binarysearch/binarytree/avl.go:83.10,85.5 1 1
github.com/rtheunissen/binarysearch/binarytree/avl.go:86.4,86.12 1 1
github.com/rtheunissen/binarysearch/binarytree/avl.go:90.38,93.2 1 1
github.com/rtheunissen/binarysearch/binarytree/avl.go:95.41,99.2 2 1
github.com/rtheunissen/binarysearch/binarytree/avl.go:101.55,103.18 2 1
github.com/rtheunissen/binarysearch/binarytree/avl.go:103.18,106.5 2 1
github.com/rtheunissen/binarysearch/binarytree/avl.go:107.4,109.22 3 1
github.com/rtheunissen/binarysearch/binarytree/avl.go:112.55,114.18 2 1
github.com/rtheunissen/binarysearch/binarytree/avl.go:114.18,117.5 2 1
github.com/rtheunissen/binarysearch/binarytree/avl.go:118.4,119.22 2 1
github.com/rtheunissen/binarysearch/binarytree/avl.go:122.55,123.44 1 1
github.com/rtheunissen/binarysearch/binarytree/avl.go:123.44,129.5 5 1
github.com/rtheunissen/binarysearch/binarytree/avl.go:130.4,132.22 3 1
github.com/rtheunissen/binarysearch/binarytree/avl.go:135.55,136.44 1 1
github.com/rtheunissen/binarysearch/binarytree/avl.go:136.44,142.5 5 1
github.com/rtheunissen/binarysearch/binarytree/avl.go:143.4,146.22 4 1
github.com/rtheunissen/binarysearch/binarytree/avl.go:149.54,150.39 1 1
github.com/rtheunissen/binarysearch/binarytree/avl.go:150.39,152.5 1 1
github.com/rtheunissen/binarysearch/binarytree/avl.go:152.10,154.5 1 1
github.com/rtheunissen/binarysearch/binarytree/avl.go:157.55,158.44 1 1
github.com/rtheunissen/binarysearch/binarytree/avl.go:158.44,160.5 1 1
github.com/rtheunissen/binarysearch/binarytree/avl.go:161.4,163.22 3 1
github.com/rtheunissen/binarysearch/binarytree/avl.go:166.55,167.44 1 1
github.com/rtheunissen/binarysearch/binarytree/avl.go:167.44,169.5 1 1
github.com/rtheunissen/binarysearch/binarytree/avl.go:170.4,173.22 4 1
github.com/rtheunissen/binarysearch/binarytree/avl.go:176.54,177.16 1 1
github.com/rtheunissen/binarysearch/binarytree/avl.go:177.16,177.28 1 1
github.com/rtheunissen/binarysearch/binarytree/avl.go:178.4,178.16 1 1
github.com/rtheunissen/binarysearch/binarytree/avl.go:178.16,178.28 1 1
github.com/rtheunissen/binarysearch/binarytree/avl.go:179.4,179.39 1 1
github.com/rtheunissen/binarysearch/binarytree/avl.go:179.39,181.5 1 1
github.com/rtheunissen/binarysearch/binarytree/avl.go:181.10,183.5 1 1
github.com/rtheunissen/binarysearch/binarytree/avl.go:186.38,196.2 3 1
github.com/rtheunissen/binarysearch/binarytree/avl.go:198.57,199.16 1 1
github.com/rtheunissen/binarysearch/binarytree/avl.go:199.16,201.5 1 1
github.com/rtheunissen/binarysearch/binarytree/avl.go:202.4,203.19 2 1
github.com/rtheunissen/binarysearch/binarytree/avl.go:203.19,206.5 2 1
github.com/rtheunissen/binarysearch/binarytree/avl.go:206.10,209.5 2 1
github.com/rtheunissen/binarysearch/binarytree/avl.go:210.4,210.15 1 1
github.com/rtheunissen/binarysearch/binarytree/avl.go:213.47,221.2 3 1
github.com/rtheunissen/binarysearch/binarytree/avl_bottomup.go:9.31,11.2 1 1
github.com/rtheunissen/binarysearch/binarytree/avl_bottomup.go:13.38,16.2 2 1
github.com/rtheunissen/binarysearch/binarytree/avl_bottomup.go:18.68,19.16 1 1
github.com/rtheunissen/binarysearch/binarytree/avl_bottomup.go:19.16,21.5 1 1
github.com/rtheunissen/binarysearch/binarytree/avl_bottomup.go:22.4,23.16 2 1
github.com/rtheunissen/binarysearch/binarytree/avl_bottomup.go:23.16,26.5 2 1
github.com/rtheunissen/binarysearch/binarytree/avl_bottomup.go:26.10,28.5 1 1
github.com/rtheunissen/binarysearch/binarytree/avl_bottomup.go:29.4,29.22 1 1
github.com/rtheunissen/binarysearch/binarytree/avl_bottomup.go:32.53,35.2 2 1
github.com/rtheunissen/binarysearch/binarytree/avl_bottomup.go:37.69,39.16 2 1
github.com/rtheunissen/binarysearch/binarytree/avl_bottomup.go:39.16,43.5 3 1
github.com/rtheunissen/binarysearch/binarytree/avl_bottomup.go:44.4,44.15 1 1
github.com/rtheunissen/binarysearch/binarytree/avl_bottomup.go:44.15,47.5 2 1
github.com/rtheunissen/binarysearch/binarytree/avl_bottomup.go:47.10,49.5 1 1
github.com/rtheunissen/binarysearch/binarytree/avl_bottomup.go:50.4,50.22 1 1
github.com/rtheunissen/binarysearch/binarytree/avl_bottomup.go:53.54,58.2 3 1
github.com/rtheunissen/binarysearch/binarytree/avl_bottomup.go:60.48,62.2 1 1
github.com/rtheunissen/binarysearch/binarytree/avl_bottomup.go:64.57,68.2 2 1
github.com/rtheunissen/binarysearch/binarytree/avl_joinbased.go:9.32,11.2 1 1
github.com/rtheunissen/binarysearch/binarytree/avl_joinbased.go:13.39,16.2 2 1
github.com/rtheunissen/binarysearch/binarytree/avl_joinbased.go:18.77,19.15 1 1
github.com/rtheunissen/binarysearch/binarytree/avl_joinbased.go:19.15,21.4 1 1
github.com/rtheunissen/binarysearch/binarytree/avl_joinbased.go:22.3,27.15 4 1
github.com/rtheunissen/binarysearch/binarytree/avl_joinbased.go:27.15,30.4 2 1
github.com/rtheunissen/binarysearch/binarytree/avl_joinbased.go:30.9,32.4 1 1
github.com/rtheunissen/binarysearch/binarytree/avl_joinbased.go:35.54,39.2 3 1
github.com/rtheunissen/binarysearch/binarytree/avl_joinbased.go:41.77,47.15 4 1
github.com/rtheunissen/binarysearch/binarytree/avl_joinbased.go:47.15,51.4 3 1
github.com/rtheunissen/binarysearch/binarytree/avl_joinbased.go:52.3,52.14 1 1
github.com/rtheunissen/binarysearch/binarytree/avl_joinbased.go:52.14,55.4 2 1
github.com/rtheunissen/binarysearch/binarytree/avl_joinbased.go:55.9,57.4 1 1
github.com/rtheunissen/binarysearch/binarytree/avl_joinbased.go:60.55,65.2 3 1
github.com/rtheunissen/binarysearch/binarytree/avl_joinbased.go:67.49,69.2 1 1
github.com/rtheunissen/binarysearch/binarytree/avl_joinbased.go:71.58,75.2 2 1
github.com/rtheunissen/binarysearch/binarytree/balancers.go:41.64,42.13 1 1
github.com/rtheunissen/binarysearch/binarytree/balancers.go:42.13,44.5 1 1
github.com/rtheunissen/binarysearch/binarytree/balancers.go:45.4,52.60 3 1
github.com/rtheunissen/binarysearch/binarytree/balancers.go:52.60,54.5 1 1
github.com/rtheunissen/binarysearch/binarytree/balancers.go:56.4,58.12 3 1
github.com/rtheunissen/binarysearch/binarytree/balancers.go:98.48,101.2 2 1
github.com/rtheunissen/binarysearch/binarytree/balancers.go:103.42,105.2 1 1
github.com/rtheunissen/binarysearch/binarytree/balancers.go:110.48,111.16 1 1
github.com/rtheunissen/binarysearch/binarytree/balancers.go:111.16,113.5 1 1
github.com/rtheunissen/binarysearch/binarytree/balancers.go:114.4,117.36 3 1
github.com/rtheunissen/binarysearch/binarytree/balancers.go:121.42,123.2 1 1
github.com/rtheunissen/binarysearch/binarytree/balancers.go:130.48,133.2 2 1
github.com/rtheunissen/binarysearch/binarytree/balancers.go:135.42,137.2 1 1
github.com/rtheunissen/binarysearch/binarytree/balancers.go:142.48,143.16 1 1
github.com/rtheunissen/binarysearch/binarytree/balancers.go:143.16,145.5 1 1
github.com/rtheunissen/binarysearch/binarytree/balancers.go:146.4,149.36 3 1
github.com/rtheunissen/binarysearch/binarytree/balancers.go:152.42,154.2 1 1
github.com/rtheunissen/binarysearch/binarytree/balancers.go:158.48,161.2 2 1
github.com/rtheunissen/binarysearch/binarytree/balancers.go:163.42,165.2 1 1
github.com/rtheunissen/binarysearch/binarytree/balancers.go:167.42,169.2 1 1
github.com/rtheunissen/binarysearch/binarytree/balancers.go:176.48,177.16 1 1
github.com/rtheunissen/binarysearch/binarytree/balancers.go:177.16,179.5 1 1
github.com/rtheunissen/binarysearch/binarytree/balancers.go:180.4,183.36 3 1
github.com/rtheunissen/binarysearch/binarytree/balancers.go:192.54,195.2 2 0
github.com/rtheunissen/binarysearch/binarytree/balancers.go:197.48,199.2 1 0
github.com/rtheunissen/binarysearch/binarytree/balancers.go:201.48,203.2 1 0
github.com/rtheunissen/binarysearch/binarytree/balancers.go:205.54,206.16 1 0
github.com/rtheunissen/binarysearch/binarytree/balancers.go:206.16,208.5 1 0
github.com/rtheunissen/binarysearch/binarytree/balancers.go:290.39,292.2 1 1
github.com/rtheunissen/binarysearch/binarytree/balancers.go:307.45,309.2 1 1
github.com/rtheunissen/binarysearch/binarytree/balancers.go:311.44,316.17 5 1
github.com/rtheunissen/binarysearch/binarytree/balancers.go:316.17,318.22 1 1
github.com/rtheunissen/binarysearch/binarytree/balancers.go:318.22,321.8 1 1
github.com/rtheunissen/binarysearch/binarytree/balancers.go:322.7,324.14 3 1
github.com/rtheunissen/binarysearch/binarytree/balancers.go:326.4,328.15 3 1
github.com/rtheunissen/binarysearch/binarytree/balancers.go:331.44,337.14 5 1
github.com/rtheunissen/binarysearch/binarytree/balancers.go:337.14,340.5 2 1
github.com/rtheunissen/binarysearch/binarytree/balancers.go:341.4,343.15 3 1
github.com/rtheunissen/binarysearch/binarytree/balancers.go:346.53,350.21 4 1
github.com/rtheunissen/binarysearch/binarytree/balancers.go:350.21,354.5 3 1
github.com/rtheunissen/binarysearch/binarytree/balancers.go:355.4,355.14 1 1
github.com/rtheunissen/binarysearch/binarytree/balancers.go:497.34,501.44 4 0
github.com/rtheunissen/binarysearch/binarytree/balancers.go:501.44,504.5 2 0
github.com/rtheunissen/binarysearch/binarytree/balancers.go:505.4,506.12 2 0
github.com/rtheunissen/binarysearch/binarytree/balancers.go:510.49,515.58 4 0
github.com/rtheunissen/binarysearch/binarytree/balancers.go:515.58,518.5 2 0
github.com/rtheunissen/binarysearch/binarytree/balancers.go:519.4,519.34 1 0
github.com/rtheunissen/binarysearch/binarytree/balancers.go:519.34,523.5 3 0
github.com/rtheunissen/binarysearch/binarytree/balancers.go:524.4,525.12 2 0
github.com/rtheunissen/binarysearch/binarytree/balancers.go:585.67,588.2 2 0
github.com/rtheunissen/binarysearch/binarytree/balancers.go:590.85,592.16 1 0
github.com/rtheunissen/binarysearch/binarytree/balancers.go:592.16,594.5 1 0
github.com/rtheunissen/binarysearch/binarytree/balancers.go:595.4,598.12 4 0
github.com/rtheunissen/binarysearch/binarytree/conc.go:18.38,19.18 1 1
github.com/rtheunissen/binarysearch/binarytree/conc.go:19.18,21.5 1 1
github.com/rtheunissen/binarysearch/binarytree/conc.go:21.10,23.5 1 1
github.com/rtheunissen/binarysearch/binarytree/conc.go:26.24,32.2 1 1
github.com/rtheunissen/binarysearch/binarytree/conc.go:47.31,49.2 1 1
github.com/rtheunissen/binarysearch/binarytree/conc.go:52.39,57.2 1 1
github.com/rtheunissen/binarysearch/binarytree/conc.go:64.41,71.2 1 1
github.com/rtheunissen/binarysearch/binarytree/conc.go:77.45,78.15 1 1
github.com/rtheunissen/binarysearch/binarytree/conc.go:78.15,78.27 1 1
github.com/rtheunissen/binarysearch/binarytree/conc.go:79.3,79.15 1 1
github.com/rtheunissen/binarysearch/binarytree/conc.go:79.15,79.27 1 1
github.com/rtheunissen/binarysearch/binarytree/conc.go:80.3,80.27 1 1
github.com/rtheunissen/binarysearch/binarytree/conc.go:85.43,86.37 1 1
github.com/rtheunissen/binarysearch/binarytree/conc.go:86.37,87.24 1 1
github.com/rtheunissen/binarysearch/binarytree/conc.go:87.24,89.7 1 1
github.com/rtheunissen/binarysearch/binarytree/conc.go:90.6,91.24 2 1
github.com/rtheunissen/binarysearch/binarytree/conc.go:91.24,93.7 1 1
github.com/rtheunissen/binarysearch/binarytree/conc.go:93.12,95.7 1 1
github.com/rtheunissen/binarysearch/binarytree/conc.go:97.3,97.37 1 1
github.com/rtheunissen/binarysearch/binarytree/conc.go:97.37,98.24 1 1
github.com/rtheunissen/binarysearch/binarytree/conc.go:98.24,100.7 1 1
github.com/rtheunissen/binarysearch/binarytree/conc.go:101.6,102.24 2 1
github.com/rtheunissen/binarysearch/binarytree/conc.go:102.24,104.7 1 1
github.com/rtheunissen/binarysearch/binarytree/conc.go:104.12,106.7 1 1
github.com/rtheunissen/binarysearch/binarytree/conc.go:108.3,108.25 1 1
github.com/rtheunissen/binarysearch/binarytree/conc.go:111.46,114.2 1 1
github.com/rtheunissen/binarysearch/binarytree/conc.go:116.52,117.17 1 1
github.com/rtheunissen/binarysearch/binarytree/conc.go:117.17,120.4 1 1
github.com/rtheunissen/binarysearch/binarytree/conc.go:121.3,121.16 1 1
github.com/rtheunissen/binarysearch/binarytree/conc.go:121.16,123.4 1 1
github.com/rtheunissen/binarysearch/binarytree/conc.go:123.9,125.4 1 1
github.com/rtheunissen/binarysearch/binarytree/conc.go:128.46,131.2 1 1
github.com/rtheunissen/binarysearch/binarytree/conc.go:133.60,134.17 1 1
github.com/rtheunissen/binarysearch/binarytree/conc.go:134.17,136.4 1 1
github.com/rtheunissen/binarysearch/binarytree/conc.go:137.3,137.16 1 1
github.com/rtheunissen/binarysearch/binarytree/conc.go:137.16,139.4 1 1
github.com/rtheunissen/binarysearch/binarytree/conc.go:139.9,141.4 1 1
github.com/rtheunissen/binarysearch/binarytree/conc.go:144.46,147.23 2 1
github.com/rtheunissen/binarysearch/binarytree/conc.go:147.23,149.4 1 1
github.com/rtheunissen/binarysearch/binarytree/conc.go:149.9,151.4 1 1
github.com/rtheunissen/binarysearch/binarytree/conc.go:154.60,155.17 1 1
github.com/rtheunissen/binarysearch/binarytree/conc.go:155.17,156.16 1 1
github.com/rtheunissen/binarysearch/binarytree/conc.go:156.16,158.7 1 1
github.com/rtheunissen/binarysearch/binarytree/conc.go:158.12,160.7 1 1
github.com/rtheunissen/binarysearch/binarytree/conc.go:162.3,162.16 1 1
github.com/rtheunissen/binarysearch/binarytree/conc.go:162.16,164.4 1 1
github.com/rtheunissen/binarysearch/binarytree/conc.go:164.9,166.4 1 1
github.com/rtheunissen/binarysearch/binarytree/conc.go:169.47,174.2 3 1
github.com/rtheunissen/binarysearch/binarytree/conc.go:176.61,177.17 1 1
github.com/rtheunissen/binarysearch/binarytree/conc.go:177.17,180.4 2 1
github.com/rtheunissen/binarysearch/binarytree/conc.go:181.3,181.16 1 1
github.com/rtheunissen/binarysearch/binarytree/conc.go:181.16,183.4 1 1
github.com/rtheunissen/binarysearch/binarytree/conc.go:183.9,185.4 1 1
github.com/rtheunissen/binarysearch/binarytree/conc.go:188.49,190.13 1 1
github.com/rtheunissen/binarysearch/binarytree/conc.go:190.13,193.4 1 1
github.com/rtheunissen/binarysearch/binarytree/conc.go:193.9,196.4 2 1
github.com/rtheunissen/binarysearch/binarytree/conc.go:199.60,200.17 1 1
github.com/rtheunissen/binarysearch/binarytree/conc.go:200.17,201.16 1 1
github.com/rtheunissen/binarysearch/binarytree/conc.go:201.16,203.7 1 1
github.com/rtheunissen/binarysearch/binarytree/conc.go:203.12,205.7 1 1
github.com/rtheunissen/binarysearch/binarytree/conc.go:207.3,207.16 1 1
github.com/rtheunissen/binarysearch/binarytree/conc.go:207.16,210.4 2 1
github.com/rtheunissen/binarysearch/binarytree/conc.go:210.9,213.4 2 1
github.com/rtheunissen/binarysearch/binarytree/conc.go:217.40,225.2 1 1
github.com/rtheunissen/binarysearch/binarytree/conc.go:227.42,229.2 1 1
github.com/rtheunissen/binarysearch/binarytree/conc.go:231.41,233.2 1 1
github.com/rtheunissen/binarysearch/binarytree/conc.go:235.53,236.15 1 1
github.com/rtheunissen/binarysearch/binarytree/conc.go:236.15,238.4 1 1
github.com/rtheunissen/binarysearch/binarytree/conc.go:239.3,239.17 1 1
github.com/rtheunissen/binarysearch/binarytree/conc.go:239.17,241.4 1 1
github.com/rtheunissen/binarysearch/binarytree/conc.go:241.9,244.4 2 1
github.com/rtheunissen/binarysearch/binarytree/conc.go:247.27,251.2 3 1
github.com/rtheunissen/binarysearch/binarytree/conc.go:253.41,254.15 1 1
github.com/rtheunissen/binarysearch/binarytree/conc.go:254.15,256.4 1 1
github.com/rtheunissen/binarysearch/binarytree/conc.go:257.3,257.17 1 1
github.com/rtheunissen/binarysearch/binarytree/conc.go:257.17,259.4 1 1
github.com/rtheunissen/binarysearch/binarytree/conc.go:259.9,261.4 1 1
github.com/rtheunissen/binarysearch/binarytree/conc.go:262.3,263.26 2 1
github.com/rtheunissen/binarysearch/binarytree/conc.go:266.40,267.15 1 1
github.com/rtheunissen/binarysearch/binarytree/conc.go:267.15,269.4 1 1
github.com/rtheunissen/binarysearch/binarytree/conc.go:270.3,272.25 3 1
github.com/rtheunissen/binarysearch/binarytree/conc.go:275.39,276.15 1 1
github.com/rtheunissen/binarysearch/binarytree/conc.go:276.15,278.4 1 1
github.com/rtheunissen/binarysearch/binarytree/conc.go:279.3,281.24 3 1
github.com/rtheunissen/binarysearch/binarytree/draw.go:36.23,37.16 1 0
github.com/rtheunissen/binarysearch/binarytree/draw.go:37.16,39.5 1 0
github.com/rtheunissen/binarysearch/binarytree/draw.go:47.4,51.8 4 0
github.com/rtheunissen/binarysearch/binarytree/draw.go:51.8,56.34 2 0
github.com/rtheunissen/binarysearch/binarytree/draw.go:56.34,57.25 1 0
github.com/rtheunissen/binarysearch/binarytree/draw.go:57.25,58.18 1 0
github.com/rtheunissen/binarysearch/binarytree/draw.go:60.10,60.33 1 0
github.com/rtheunissen/binarysearch/binarytree/draw.go:60.33,61.25 1 0
github.com/rtheunissen/binarysearch/binarytree/draw.go:64.7,64.34 1 0
github.com/rtheunissen/binarysearch/binarytree/draw.go:64.34,65.25 1 0
github.com/rtheunissen/binarysearch/binarytree/draw.go:65.25,68.11 2 0
github.com/rtheunissen/binarysearch/binarytree/draw.go:68.16,71.11 2 0
github.com/rtheunissen/binarysearch/binarytree/draw.go:74.7,75.19 2 0
github.com/rtheunissen/binarysearch/binarytree/draw.go:82.1,83.37 1 0
github.com/rtheunissen/binarysearch/binarytree/draw.go:83.37,91.20 2 0
github.com/rtheunissen/binarysearch/binarytree/draw.go:91.20,119.37 2 0
github.com/rtheunissen/binarysearch/binarytree/draw.go:119.37,120.27 1 0
github.com/rtheunissen/binarysearch/binarytree/draw.go:120.27,129.31 1 0
github.com/rtheunissen/binarysearch/binarytree/draw.go:129.31,131.17 1 0
github.com/rtheunissen/binarysearch/binarytree/draw.go:131.22,134.17 2 0
github.com/rtheunissen/binarysearch/binarytree/draw.go:135.19,147.31 1 0
github.com/rtheunissen/binarysearch/binarytree/draw.go:147.31,154.40 1 0
github.com/rtheunissen/binarysearch/binarytree/draw.go:154.40,156.20 1 0
github.com/rtheunissen/binarysearch/binarytree/draw.go:156.25,158.20 1 0
github.com/rtheunissen/binarysearch/binarytree/draw.go:159.19,159.41 1 0
github.com/rtheunissen/binarysearch/binarytree/draw.go:159.41,161.20 1 0
github.com/rtheunissen/binarysearch/binarytree/draw.go:168.22,173.40 1 0
github.com/rtheunissen/binarysearch/binarytree/draw.go:173.40,175.20 1 0
github.com/rtheunissen/binarysearch/binarytree/draw.go:175.25,177.20 1 0
github.com/rtheunissen/binarysearch/binarytree/draw.go:184.19,185.31 2 0
github.com/rtheunissen/binarysearch/binarytree/draw.go:193.16,193.38 1 0
github.com/rtheunissen/binarysearch/binarytree/draw.go:193.38,196.17 2 0
github.com/rtheunissen/binarysearch/binarytree/draw.go:199.10,199.21 1 0
github.com/rtheunissen/binarysearch/binarytree/draw.go:208.7,208.34 1 0
github.com/rtheunissen/binarysearch/binarytree/draw.go:208.34,215.25 1 0
github.com/rtheunissen/binarysearch/binarytree/draw.go:215.25,216.35 1 0
github.com/rtheunissen/binarysearch/binarytree/draw.go:216.35,219.14 2 0
github.com/rtheunissen/binarysearch/binarytree/draw.go:220.16,233.35 4 0
github.com/rtheunissen/binarysearch/binarytree/draw.go:233.35,235.14 1 0
github.com/rtheunissen/binarysearch/binarytree/draw.go:238.7,238.18 1 0
github.com/rtheunissen/binarysearch/binarytree/draw.go:242.25,244.2 1 0
github.com/rtheunissen/binarysearch/binarytree/joinbased.go:20.74,21.16 1 1
github.com/rtheunissen/binarysearch/binarytree/joinbased.go:21.16,23.5 1 1
github.com/rtheunissen/binarysearch/binarytree/joinbased.go:24.4,29.16 4 1
github.com/rtheunissen/binarysearch/binarytree/joinbased.go:29.16,32.5 2 1
github.com/rtheunissen/binarysearch/binarytree/joinbased.go:32.10,34.5 1 1
github.com/rtheunissen/binarysearch/binarytree/joinbased.go:37.74,43.16 4 1
github.com/rtheunissen/binarysearch/binarytree/joinbased.go:43.16,47.5 3 1
github.com/rtheunissen/binarysearch/binarytree/joinbased.go:48.4,48.15 1 1
github.com/rtheunissen/binarysearch/binarytree/joinbased.go:48.15,51.5 2 1
github.com/rtheunissen/binarysearch/binarytree/joinbased.go:51.10,53.5 1 1
github.com/rtheunissen/binarysearch/binarytree/joinbased.go:56.62,57.16 1 1
github.com/rtheunissen/binarysearch/binarytree/joinbased.go:57.16,59.5 1 1
github.com/rtheunissen/binarysearch/binarytree/joinbased.go:60.4,65.19 4 1
github.com/rtheunissen/binarysearch/binarytree/joinbased.go:65.19,68.5 2 1
github.com/rtheunissen/binarysearch/binarytree/joinbased.go:68.10,71.5 2 1
github.com/rtheunissen/binarysearch/binarytree/joinbased.go:72.4,72.15 1 1
github.com/rtheunissen/binarysearch/binarytree/joinbased.go:75.67,79.2 2 1
github.com/rtheunissen/binarysearch/binarytree/joinbased.go:81.59,83.2 1 0
github.com/rtheunissen/binarysearch/binarytree/lbst.go:15.40,57.2 1 1
github.com/rtheunissen/binarysearch/binarytree/lbst.go:59.44,61.2 1 1
github.com/rtheunissen/binarysearch/binarytree/lbst.go:63.65,64.16 1 1
github.com/rtheunissen/binarysearch/binarytree/lbst.go:64.16,64.28 1 1
github.com/rtheunissen/binarysearch/binarytree/lbst.go:65.4,65.16 1 1
github.com/rtheunissen/binarysearch/binarytree/lbst.go:65.16,65.28 1 1
github.com/rtheunissen/binarysearch/binarytree/lbst.go:66.4,66.16 1 1
github.com/rtheunissen/binarysearch/binarytree/lbst.go:66.16,69.5 2 1
github.com/rtheunissen/binarysearch/binarytree/lbst.go:69.10,72.5 2 1
github.com/rtheunissen/binarysearch/binarytree/lbst.go:75.62,77.18 2 1
github.com/rtheunissen/binarysearch/binarytree/lbst.go:77.18,81.5 3 1
github.com/rtheunissen/binarysearch/binarytree/lbst.go:82.4,88.34 5 1
github.com/rtheunissen/binarysearch/binarytree/lbst.go:88.34,92.40 3 1
github.com/rtheunissen/binarysearch/binarytree/lbst.go:92.40,94.8 1 1
github.com/rtheunissen/binarysearch/binarytree/lbst.go:94.13,96.8 1 1
github.com/rtheunissen/binarysearch/binarytree/lbst.go:98.4,98.12 1 1
github.com/rtheunissen/binarysearch/binarytree/lbst.go:101.62,103.18 2 1
github.com/rtheunissen/binarysearch/binarytree/lbst.go:103.18,107.5 3 1
github.com/rtheunissen/binarysearch/binarytree/lbst.go:108.4,112.34 4 1
github.com/rtheunissen/binarysearch/binarytree/lbst.go:112.34,113.55 1 1
github.com/rtheunissen/binarysearch/binarytree/lbst.go:113.55,115.8 1 1
github.com/rtheunissen/binarysearch/binarytree/lbst.go:115.13,117.8 1 1
github.com/rtheunissen/binarysearch/binarytree/lbst.go:119.4,119.12 1 1
github.com/rtheunissen/binarysearch/binarytree/lbst.go:122.39,134.2 5 1
github.com/rtheunissen/binarysearch/binarytree/lbst.go:136.58,138.16 1 1
github.com/rtheunissen/binarysearch/binarytree/lbst.go:138.16,140.5 1 1
github.com/rtheunissen/binarysearch/binarytree/lbst.go:140.10,142.5 1 1
github.com/rtheunissen/binarysearch/binarytree/lbst.go:145.70,146.31 1 1
github.com/rtheunissen/binarysearch/binarytree/lbst.go:146.31,151.5 4 1
github.com/rtheunissen/binarysearch/binarytree/lbst.go:152.4,160.34 6 1
github.com/rtheunissen/binarysearch/binarytree/lbst.go:160.34,165.40 3 1
github.com/rtheunissen/binarysearch/binarytree/lbst.go:165.40,167.8 1 1
github.com/rtheunissen/binarysearch/binarytree/lbst.go:167.13,169.8 1 1
github.com/rtheunissen/binarysearch/binarytree/lbst.go:171.4,171.12 1 1
github.com/rtheunissen/binarysearch/binarytree/lbst.go:174.70,175.31 1 1
github.com/rtheunissen/binarysearch/binarytree/lbst.go:175.31,180.5 4 1
github.com/rtheunissen/binarysearch/binarytree/lbst.go:181.4,189.34 6 1
github.com/rtheunissen/binarysearch/binarytree/lbst.go:189.34,190.50 1 1
github.com/rtheunissen/binarysearch/binarytree/lbst.go:190.50,192.8 1 1
github.com/rtheunissen/binarysearch/binarytree/lbst.go:192.13,194.8 1 1
github.com/rtheunissen/binarysearch/binarytree/lbst.go:196.4,196.12 1 1
github.com/rtheunissen/binarysearch/binarytree/lbst.go:199.49,205.2 3 1
github.com/rtheunissen/binarysearch/binarytree/lbst.go:207.49,208.16 1 1
github.com/rtheunissen/binarysearch/binarytree/lbst.go:208.16,210.5 1 1
github.com/rtheunissen/binarysearch/binarytree/lbst.go:211.4,214.39 3 1
github.com/rtheunissen/binarysearch/binarytree/lbst.go:217.54,219.2 1 1
github.com/rtheunissen/binarysearch/binarytree/lbst.go:221.48,225.2 3 1
github.com/rtheunissen/binarysearch/binarytree/lbst.go:227.27,229.2 1 1
github.com/rtheunissen/binarysearch/binarytree/lbst_bottomup.go:488.32,490.2 1 1
github.com/rtheunissen/binarysearch/binarytree/lbst_bottomup.go:492.39,495.2 2 1
github.com/rtheunissen/binarysearch/binarytree/lbst_bottomup.go:497.77,498.16 1 1
github.com/rtheunissen/binarysearch/binarytree/lbst_bottomup.go:498.16,500.5 1 1
github.com/rtheunissen/binarysearch/binarytree/lbst_bottomup.go:501.4,508.16 4 1
github.com/rtheunissen/binarysearch/binarytree/lbst_bottomup.go:508.16,512.37 3 1
github.com/rtheunissen/binarysearch/binarytree/lbst_bottomup.go:512.37,513.64 1 1
github.com/rtheunissen/binarysearch/binarytree/lbst_bottomup.go:513.64,515.11 1 1
github.com/rtheunissen/binarysearch/binarytree/lbst_bottomup.go:515.16,517.11 1 1
github.com/rtheunissen/binarysearch/binarytree/lbst_bottomup.go:519.10,522.37 2 1
github.com/rtheunissen/binarysearch/binarytree/lbst_bottomup.go:522.37,523.61 1 1
github.com/rtheunissen/binarysearch/binarytree/lbst_bottomup.go:523.61,525.11 1 1
github.com/rtheunissen/binarysearch/binarytree/lbst_bottomup.go:525.16,527.11 1 1
github.com/rtheunissen/binarysearch/binarytree/lbst_bottomup.go:530.4,530.12 1 1
github.com/rtheunissen/binarysearch/binarytree/lbst_bottomup.go:533.78,542.16 4 1
github.com/rtheunissen/binarysearch/binarytree/lbst_bottomup.go:542.16,545.21 3 1
github.com/rtheunissen/binarysearch/binarytree/lbst_bottomup.go:545.21,547.8 1 1
github.com/rtheunissen/binarysearch/binarytree/lbst_bottomup.go:548.7,548.21 1 1
github.com/rtheunissen/binarysearch/binarytree/lbst_bottomup.go:548.21,550.8 1 1
github.com/rtheunissen/binarysearch/binarytree/lbst_bottomup.go:551.7,551.18 1 1
github.com/rtheunissen/binarysearch/binarytree/lbst_bottomup.go:551.18,556.8 4 1
github.com/rtheunissen/binarysearch/binarytree/lbst_bottomup.go:556.13,560.8 3 1
github.com/rtheunissen/binarysearch/binarytree/lbst_bottomup.go:561.7,561.15 1 1
github.com/rtheunissen/binarysearch/binarytree/lbst_bottomup.go:563.4,563.15 1 1
github.com/rtheunissen/binarysearch/binarytree/lbst_bottomup.go:563.15,567.37 3 1
github.com/rtheunissen/binarysearch/binarytree/lbst_bottomup.go:567.37,570.43 3 1
github.com/rtheunissen/binarysearch/binarytree/lbst_bottomup.go:570.43,572.11 1 1
github.com/rtheunissen/binarysearch/binarytree/lbst_bottomup.go:572.16,574.11 1 1
github.com/rtheunissen/binarysearch/binarytree/lbst_bottomup.go:577.10,580.37 2 1
github.com/rtheunissen/binarysearch/binarytree/lbst_bottomup.go:580.37,583.43 3 1
github.com/rtheunissen/binarysearch/binarytree/lbst_bottomup.go:583.43,585.11 1 1
github.com/rtheunissen/binarysearch/binarytree/lbst_bottomup.go:585.16,587.11 1 1
github.com/rtheunissen/binarysearch/binarytree/lbst_bottomup.go:590.4,590.12 1 1
github.com/rtheunissen/binarysearch/binarytree/lbst_bottomup.go:593.47,596.2 1 1
github.com/rtheunissen/binarysearch/binarytree/lbst_bottomup.go:598.50,602.2 2 1
github.com/rtheunissen/binarysearch/binarytree/lbst_bottomup.go:604.54,608.2 2 1
github.com/rtheunissen/binarysearch/binarytree/lbst_bottomup.go:610.55,615.2 3 1
github.com/rtheunissen/binarysearch/binarytree/lbst_bottomup.go:617.57,622.2 2 1
github.com/rtheunissen/binarysearch/binarytree/lbst_bottomup.go:624.47,626.2 1 1
github.com/rtheunissen/binarysearch/binarytree/lbst_joinbased.go:11.48,14.2 1 1
github.com/rtheunissen/binarysearch/binarytree/lbst_joinbased.go:16.51,20.2 2 1
github.com/rtheunissen/binarysearch/binarytree/lbst_joinbased.go:22.38,24.2 1 1
github.com/rtheunissen/binarysearch/binarytree/lbst_joinbased.go:26.55,30.2 2 1
github.com/rtheunissen/binarysearch/binarytree/lbst_joinbased.go:32.56,37.2 3 1
github.com/rtheunissen/binarysearch/binarytree/lbst_joinbased.go:50.58,56.2 3 1
github.com/rtheunissen/binarysearch/binarytree/lbst_joinbased.go:58.48,72.2 5 1
github.com/rtheunissen/binarysearch/binarytree/lbst_joinbased.go:75.40,78.2 2 1
github.com/rtheunissen/binarysearch/binarytree/lbst_relaxed.go:108.31,110.2 1 1
github.com/rtheunissen/binarysearch/binarytree/lbst_relaxed.go:112.46,115.2 1 1
github.com/rtheunissen/binarysearch/binarytree/lbst_relaxed.go:117.49,121.2 2 1
github.com/rtheunissen/binarysearch/binarytree/lbst_relaxed.go:123.38,126.2 2 1
github.com/rtheunissen/binarysearch/binarytree/lbst_relaxed.go:130.53,142.18 6 1
github.com/rtheunissen/binarysearch/binarytree/lbst_relaxed.go:142.18,149.18 5 1
github.com/rtheunissen/binarysearch/binarytree/lbst_relaxed.go:149.18,153.67 1 1
github.com/rtheunissen/binarysearch/binarytree/lbst_relaxed.go:153.67,156.11 2 1
github.com/rtheunissen/binarysearch/binarytree/lbst_relaxed.go:157.10,158.16 2 1
github.com/rtheunissen/binarysearch/binarytree/lbst_relaxed.go:160.13,164.67 1 1
github.com/rtheunissen/binarysearch/binarytree/lbst_relaxed.go:164.67,167.11 2 1
github.com/rtheunissen/binarysearch/binarytree/lbst_relaxed.go:168.10,169.16 2 1
github.com/rtheunissen/binarysearch/binarytree/lbst_relaxed.go:173.4,177.38 3 1
github.com/rtheunissen/binarysearch/binarytree/lbst_relaxed.go:177.38,179.5 1 1
github.com/rtheunissen/binarysearch/binarytree/lbst_relaxed.go:195.64,197.2 1 1
github.com/rtheunissen/binarysearch/binarytree/lbst_relaxed.go:199.68,200.17 1 1
github.com/rtheunissen/binarysearch/binarytree/lbst_relaxed.go:200.17,202.19 2 1
github.com/rtheunissen/binarysearch/binarytree/lbst_relaxed.go:202.19,207.8 4 1
github.com/rtheunissen/binarysearch/binarytree/lbst_relaxed.go:207.13,212.8 4 1
github.com/rtheunissen/binarysearch/binarytree/lbst_relaxed.go:214.4,215.12 2 1
github.com/rtheunissen/binarysearch/binarytree/lbst_relaxed.go:218.64,223.17 4 1
github.com/rtheunissen/binarysearch/binarytree/lbst_relaxed.go:223.17,225.18 2 1
github.com/rtheunissen/binarysearch/binarytree/lbst_relaxed.go:225.18,230.8 4 1
github.com/rtheunissen/binarysearch/binarytree/lbst_relaxed.go:230.13,235.8 4 1
github.com/rtheunissen/binarysearch/binarytree/lbst_relaxed.go:237.4,243.12 7 1
github.com/rtheunissen/binarysearch/binarytree/lbst_relaxed.go:245.56,246.13 1 1
github.com/rtheunissen/binarysearch/binarytree/lbst_relaxed.go:246.13,248.5 1 1
github.com/rtheunissen/binarysearch/binarytree/lbst_relaxed.go:249.4,254.11 3 1
github.com/rtheunissen/binarysearch/binarytree/lbst_relaxed.go:255.34,256.39 1 1
github.com/rtheunissen/binarysearch/binarytree/lbst_relaxed.go:257.34,258.39 1 1
github.com/rtheunissen/binarysearch/binarytree/lbst_relaxed.go:260.4,262.12 3 1
github.com/rtheunissen/binarysearch/binarytree/lbst_relaxed.go:265.52,267.2 1 1
github.com/rtheunissen/binarysearch/binarytree/lbst_relaxed.go:269.68,271.2 1 1
github.com/rtheunissen/binarysearch/binarytree/lbst_relaxed.go:275.50,280.2 3 1
github.com/rtheunissen/binarysearch/binarytree/lbst_relaxed.go:281.53,290.2 4 1
github.com/rtheunissen/binarysearch/binarytree/lbst_relaxed.go:331.47,373.2 1 1
github.com/rtheunissen/binarysearch/binarytree/lbst_relaxed.go:375.64,377.16 1 1
github.com/rtheunissen/binarysearch/binarytree/lbst_relaxed.go:377.16,379.5 1 1
github.com/rtheunissen/binarysearch/binarytree/lbst_relaxed.go:380.4,380.31 1 1
github.com/rtheunissen/binarysearch/binarytree/lbst_relaxed.go:380.31,386.5 5 1
github.com/rtheunissen/binarysearch/binarytree/lbst_relaxed.go:387.4,389.12 3 1
github.com/rtheunissen/binarysearch/binarytree/lbst_relaxed.go:392.64,393.16 1 1
github.com/rtheunissen/binarysearch/binarytree/lbst_relaxed.go:393.16,393.28 1 1
github.com/rtheunissen/binarysearch/binarytree/lbst_relaxed.go:395.4,395.31 1 1
github.com/rtheunissen/binarysearch/binarytree/lbst_relaxed.go:395.31,401.5 5 1
github.com/rtheunissen/binarysearch/binarytree/lbst_relaxed.go:402.4,405.12 4 1
github.com/rtheunissen/binarysearch/binarytree/lbst_relaxed.go:408.63,409.15 1 1
github.com/rtheunissen/binarysearch/binarytree/lbst_relaxed.go:409.15,411.5 1 1
github.com/rtheunissen/binarysearch/binarytree/lbst_relaxed.go:411.10,413.5 1 1
github.com/rtheunissen/binarysearch/binarytree/lbst_relaxed.go:416.63,424.2 3 1
github.com/rtheunissen/binarysearch/binarytree/lbst_relaxed.go:426.48,428.2 1 1
github.com/rtheunissen/binarysearch/binarytree/lbst_relaxed.go:430.35,432.2 1 1
github.com/rtheunissen/binarysearch/binarytree/lbst_topdown.go:13.31,15.2 1 1
github.com/rtheunissen/binarysearch/binarytree/lbst_topdown.go:18.46,21.2 1 1
github.com/rtheunissen/binarysearch/binarytree/lbst_topdown.go:23.49,27.2 2 1
github.com/rtheunissen/binarysearch/binarytree/lbst_topdown.go:29.53,31.2 1 1
github.com/rtheunissen/binarysearch/binarytree/lbst_topdown.go:32.57,34.2 1 1
github.com/rtheunissen/binarysearch/binarytree/lbst_topdown.go:39.57,40.16 1 1
github.com/rtheunissen/binarysearch/binarytree/lbst_topdown.go:40.16,42.5 1 1
github.com/rtheunissen/binarysearch/binarytree/lbst_topdown.go:43.4,46.39 3 1
github.com/rtheunissen/binarysearch/binarytree/lbst_topdown.go:54.62,57.16 2 1
github.com/rtheunissen/binarysearch/binarytree/lbst_topdown.go:57.16,59.5 1 1
github.com/rtheunissen/binarysearch/binarytree/lbst_topdown.go:63.56,67.2 3 1
github.com/rtheunissen/binarysearch/binarytree/lbst_topdown.go:69.35,71.2 1 1
github.com/rtheunissen/binarysearch/binarytree/lbst_topdown.go:73.38,76.2 2 1
github.com/rtheunissen/binarysearch/binarytree/lbst_topdown.go:80.71,83.8 1 1
github.com/rtheunissen/binarysearch/binarytree/lbst_topdown.go:83.8,84.20 1 1
github.com/rtheunissen/binarysearch/binarytree/lbst_topdown.go:84.20,87.8 2 1
github.com/rtheunissen/binarysearch/binarytree/lbst_topdown.go:88.7,96.22 4 1
github.com/rtheunissen/binarysearch/binarytree/lbst_topdown.go:96.22,100.41 1 1
github.com/rtheunissen/binarysearch/binarytree/lbst_topdown.go:100.41,102.21 2 1
github.com/rtheunissen/binarysearch/binarytree/lbst_topdown.go:104.10,104.27 1 1
github.com/rtheunissen/binarysearch/binarytree/lbst_topdown.go:104.27,105.74 1 1
github.com/rtheunissen/binarysearch/binarytree/lbst_topdown.go:105.74,111.14 2 1
github.com/rtheunissen/binarysearch/binarytree/lbst_topdown.go:111.19,118.14 3 1
github.com/rtheunissen/binarysearch/binarytree/lbst_topdown.go:119.16,120.74 1 1
github.com/rtheunissen/binarysearch/binarytree/lbst_topdown.go:120.74,127.14 3 1
github.com/rtheunissen/binarysearch/binarytree/lbst_topdown.go:127.19,128.50 1 1
github.com/rtheunissen/binarysearch/binarytree/lbst_topdown.go:128.50,135.17 3 1
github.com/rtheunissen/binarysearch/binarytree/lbst_topdown.go:135.22,142.17 3 1
github.com/rtheunissen/binarysearch/binarytree/lbst_topdown.go:145.13,149.41 1 1
github.com/rtheunissen/binarysearch/binarytree/lbst_topdown.go:149.41,151.21 2 1
github.com/rtheunissen/binarysearch/binarytree/lbst_topdown.go:153.10,153.39 1 1
github.com/rtheunissen/binarysearch/binarytree/lbst_topdown.go:153.39,154.74 1 1
github.com/rtheunissen/binarysearch/binarytree/lbst_topdown.go:154.74,160.14 2 1
github.com/rtheunissen/binarysearch/binarytree/lbst_topdown.go:160.19,167.14 3 1
github.com/rtheunissen/binarysearch/binarytree/lbst_topdown.go:168.16,169.74 1 1
github.com/rtheunissen/binarysearch/binarytree/lbst_topdown.go:169.74,176.14 3 1
github.com/rtheunissen/binarysearch/binarytree/lbst_topdown.go:176.19,177.47 1 1
github.com/rtheunissen/binarysearch/binarytree/lbst_topdown.go:177.47,184.17 3 1
github.com/rtheunissen/binarysearch/binarytree/lbst_topdown.go:184.22,191.17 3 1
github.com/rtheunissen/binarysearch/binarytree/lbst_topdown.go:198.79,201.8 1 1
github.com/rtheunissen/binarysearch/binarytree/lbst_topdown.go:201.8,210.22 4 1
github.com/rtheunissen/binarysearch/binarytree/lbst_topdown.go:210.22,215.8 4 1
github.com/rtheunissen/binarysearch/binarytree/lbst_topdown.go:216.7,216.22 1 1
github.com/rtheunissen/binarysearch/binarytree/lbst_topdown.go:216.22,217.39 1 1
github.com/rtheunissen/binarysearch/binarytree/lbst_topdown.go:217.39,222.11 1 1
github.com/rtheunissen/binarysearch/binarytree/lbst_topdown.go:222.16,223.64 1 1
github.com/rtheunissen/binarysearch/binarytree/lbst_topdown.go:223.64,230.14 3 1
github.com/rtheunissen/binarysearch/binarytree/lbst_topdown.go:230.19,237.14 3 1
github.com/rtheunissen/binarysearch/binarytree/lbst_topdown.go:239.13,240.39 1 1
github.com/rtheunissen/binarysearch/binarytree/lbst_topdown.go:240.39,245.11 1 1
github.com/rtheunissen/binarysearch/binarytree/lbst_topdown.go:245.16,246.61 1 1
github.com/rtheunissen/binarysearch/binarytree/lbst_topdown.go:246.61,253.14 3 1
github.com/rtheunissen/binarysearch/binarytree/lbst_topdown.go:253.19,260.14 3 1
github.com/rtheunissen/binarysearch/binarytree/lbst_topdown.go:268.56,269.52 1 1
github.com/rtheunissen/binarysearch/binarytree/lbst_topdown.go:269.52,271.5 1 1
github.com/rtheunissen/binarysearch/binarytree/lbst_topdown.go:271.10,273.5 1 1
github.com/rtheunissen/binarysearch/binarytree/lbst_topdown.go:276.56,277.52 1 1
github.com/rtheunissen/binarysearch/binarytree/lbst_topdown.go:277.52,279.5 1 1
github.com/rtheunissen/binarysearch/binarytree/lbst_topdown.go:279.10,281.5 1 1
github.com/rtheunissen/binarysearch/binarytree/lbst_topdown.go:285.54,289.2 3 1
github.com/rtheunissen/binarysearch/binarytree/lbst_topdown.go:291.54,295.2 3 1
github.com/rtheunissen/binarysearch/binarytree/lbst_topdown.go:297.68,301.2 3 1
github.com/rtheunissen/binarysearch/binarytree/lbst_topdown.go:303.67,307.2 3 1
github.com/rtheunissen/binarysearch/binarytree/lbst_topdown.go:309.53,313.2 2 1
github.com/rtheunissen/binarysearch/binarytree/lbst_topdown.go:315.54,320.2 3 1
github.com/rtheunissen/binarysearch/binarytree/lbst_topdown.go:322.47,336.2 5 1
github.com/rtheunissen/binarysearch/binarytree/lbst_topdown.go:337.60,339.2 1 1
github.com/rtheunissen/binarysearch/binarytree/lbst_topdown.go:341.60,343.2 1 1
github.com/rtheunissen/binarysearch/binarytree/lbst_topdown.go:345.69,346.16 1 1
github.com/rtheunissen/binarysearch/binarytree/lbst_topdown.go:346.16,346.28 1 1
github.com/rtheunissen/binarysearch/binarytree/lbst_topdown.go:347.4,347.16 1 1
github.com/rtheunissen/binarysearch/binarytree/lbst_topdown.go:347.16,347.28 1 1
github.com/rtheunissen/binarysearch/binarytree/lbst_topdown.go:348.4,348.16 1 1
github.com/rtheunissen/binarysearch/binarytree/lbst_topdown.go:348.16,350.5 1 1
github.com/rtheunissen/binarysearch/binarytree/lbst_topdown.go:350.10,352.5 1 1
github.com/rtheunissen/binarysearch/binarytree/lbst_topdown.go:355.66,356.15 1 1
github.com/rtheunissen/binarysearch/binarytree/lbst_topdown.go:356.15,358.4 1 1
github.com/rtheunissen/binarysearch/binarytree/lbst_topdown.go:358.9,360.4 1 1
github.com/rtheunissen/binarysearch/binarytree/lbst_topdown.go:363.77,364.30 1 1
github.com/rtheunissen/binarysearch/binarytree/lbst_topdown.go:364.30,369.4 4 1
github.com/rtheunissen/binarysearch/binarytree/lbst_topdown.go:370.3,374.43 3 1
github.com/rtheunissen/binarysearch/binarytree/lbst_topdown.go:374.43,376.4 1 1
github.com/rtheunissen/binarysearch/binarytree/lbst_topdown.go:377.3,377.11 1 1
github.com/rtheunissen/binarysearch/binarytree/lbst_topdown.go:380.77,381.30 1 1
github.com/rtheunissen/binarysearch/binarytree/lbst_topdown.go:381.30,386.4 4 1
github.com/rtheunissen/binarysearch/binarytree/lbst_topdown.go:387.3,392.43 4 1
github.com/rtheunissen/binarysearch/binarytree/lbst_topdown.go:392.43,394.4 1 1
github.com/rtheunissen/binarysearch/binarytree/lbst_topdown.go:395.3,395.11 1 1
github.com/rtheunissen/binarysearch/binarytree/lbst_topdown.go:398.57,404.2 3 1
github.com/rtheunissen/binarysearch/binarytree/measurements.go:7.79,9.2 1 0
github.com/rtheunissen/binarysearch/binarytree/measurements.go:22.32,24.2 1 0
github.com/rtheunissen/binarysearch/binarytree/measurements.go:26.47,28.2 1 0
github.com/rtheunissen/binarysearch/binarytree/measurements.go:35.32,37.2 1 0
github.com/rtheunissen/binarysearch/binarytree/measurements.go:39.47,41.2 1 0
github.com/rtheunissen/binarysearch/binarytree/measurements.go:47.36,48.2 0 0
github.com/rtheunissen/binarysearch/binarytree/measurements.go:50.55,52.2 1 0
github.com/rtheunissen/binarysearch/binarytree/measurements.go:57.68,59.2 1 0
github.com/rtheunissen/binarysearch/binarytree/measurements.go:60.36,61.2 0 0
github.com/rtheunissen/binarysearch/binarytree/measurements.go:67.29,69.2 1 0
github.com/rtheunissen/binarysearch/binarytree/measurements.go:71.44,73.2 1 0
github.com/rtheunissen/binarysearch/binarytree/measurements.go:80.40,82.2 1 0
github.com/rtheunissen/binarysearch/binarytree/measurements.go:84.55,86.2 1 0
github.com/rtheunissen/binarysearch/binarytree/node.go:85.28,87.2 1 0
github.com/rtheunissen/binarysearch/binarytree/node.go:110.87,111.16 1 0
github.com/rtheunissen/binarysearch/binarytree/node.go:111.16,113.5 1 0
github.com/rtheunissen/binarysearch/binarytree/node.go:114.4,117.61 4 0
github.com/rtheunissen/binarysearch/binarytree/node.go:123.44,128.2 4 0
github.com/rtheunissen/binarysearch/binarytree/node.go:146.27,147.16 1 1
github.com/rtheunissen/binarysearch/binarytree/node.go:147.16,149.5 1 1
github.com/rtheunissen/binarysearch/binarytree/node.go:149.10,151.5 1 1
github.com/rtheunissen/binarysearch/binarytree/node.go:155.29,157.2 1 1
github.com/rtheunissen/binarysearch/binarytree/node.go:166.40,168.2 1 0
github.com/rtheunissen/binarysearch/binarytree/node.go:170.29,171.16 1 1
github.com/rtheunissen/binarysearch/binarytree/node.go:171.16,173.5 1 1
github.com/rtheunissen/binarysearch/binarytree/node.go:174.4,174.46 1 1
github.com/rtheunissen/binarysearch/binarytree/node.go:178.28,179.16 1 1
github.com/rtheunissen/binarysearch/binarytree/node.go:179.16,181.5 1 1
github.com/rtheunissen/binarysearch/binarytree/node.go:181.10,183.5 1 1
github.com/rtheunissen/binarysearch/binarytree/node.go:187.45,189.2 1 0
github.com/rtheunissen/binarysearch/binarytree/node.go:194.29,196.2 1 1
github.com/rtheunissen/binarysearch/binarytree/node.go:199.35,201.2 1 1
github.com/rtheunissen/binarysearch/binarytree/node.go:223.42,224.16 1 1
github.com/rtheunissen/binarysearch/binarytree/node.go:224.16,226.5 1 1
github.com/rtheunissen/binarysearch/binarytree/node.go:227.4,228.22 3 1
github.com/rtheunissen/binarysearch/binarytree/node.go:231.36,238.2 5 1
github.com/rtheunissen/binarysearch/binarytree/node.go:240.36,247.2 5 1
github.com/rtheunissen/binarysearch/binarytree/node.go:250.33,253.2 2 1
github.com/rtheunissen/binarysearch/binarytree/node.go:256.33,259.2 2 1
github.com/rtheunissen/binarysearch/binarytree/node.go:282.79,288.2 5 0
github.com/rtheunissen/binarysearch/binarytree/node.go:290.79,296.2 5 0
github.com/rtheunissen/binarysearch/binarytree/node.go:352.51,353.16 1 1
github.com/rtheunissen/binarysearch/binarytree/node.go:353.16,355.5 1 1
github.com/rtheunissen/binarysearch/binarytree/node.go:356.4,360.12 4 1
github.com/rtheunissen/binarysearch/binarytree/node.go:505.58,510.2 4 1
github.com/rtheunissen/binarysearch/binarytree/node.go:512.57,517.2 4 1
github.com/rtheunissen/binarysearch/binarytree/node.go:535.67,539.8 3 0
github.com/rtheunissen/binarysearch/binarytree/node.go:539.8,541.21 2 0
github.com/rtheunissen/binarysearch/binarytree/node.go:541.21,543.15 2 0
github.com/rtheunissen/binarysearch/binarytree/node.go:545.7,548.14 4 0
github.com/rtheunissen/binarysearch/binarytree/node.go:550.4,550.17 1 0
github.com/rtheunissen/binarysearch/binarytree/node.go:553.45,554.8 1 1
github.com/rtheunissen/binarysearch/binarytree/node.go:554.8,556.24 2 1
github.com/rtheunissen/binarysearch/binarytree/node.go:556.24,560.8 3 1
github.com/rtheunissen/binarysearch/binarytree/node.go:561.7,562.18 2 1
github.com/rtheunissen/binarysearch/binarytree/node.go:566.45,567.8 1 1
github.com/rtheunissen/binarysearch/binarytree/node.go:567.8,568.24 1 1
github.com/rtheunissen/binarysearch/binarytree/node.go:568.24,573.8 4 1
github.com/rtheunissen/binarysearch/binarytree/node.go:574.7,575.18 2 1
github.com/rtheunissen/binarysearch/binarytree/node.go:608.55,609.8 1 1
github.com/rtheunissen/binarysearch/binarytree/node.go:609.8,610.19 1 1
github.com/rtheunissen/binarysearch/binarytree/node.go:610.19,613.8 2 1
github.com/rtheunissen/binarysearch/binarytree/node.go:614.7,614.18 1 1
github.com/rtheunissen/binarysearch/binarytree/node.go:614.18,617.8 2 1
github.com/rtheunissen/binarysearch/binarytree/node.go:617.13,621.8 3 1
github.com/rtheunissen/binarysearch/binarytree/node.go:885.30,888.2 2 1
github.com/rtheunissen/binarysearch/binarytree/node.go:891.43,894.2 2 1
github.com/rtheunissen/binarysearch/binarytree/node.go:896.30,900.2 2 1
github.com/rtheunissen/binarysearch/binarytree/node.go:902.43,906.2 2 1
github.com/rtheunissen/binarysearch/binarytree/node.go:921.39,925.2 2 1
github.com/rtheunissen/binarysearch/binarytree/node.go:926.53,930.2 2 1
github.com/rtheunissen/binarysearch/binarytree/node.go:931.44,933.2 1 1
github.com/rtheunissen/binarysearch/binarytree/node.go:934.44,937.2 2 1
github.com/rtheunissen/binarysearch/binarytree/node.go:939.45,944.2 4 1
github.com/rtheunissen/binarysearch/binarytree/node.go:945.45,948.2 2 1
github.com/rtheunissen/binarysearch/binarytree/node.go:949.45,953.2 3 1
github.com/rtheunissen/binarysearch/binarytree/node.go:955.45,959.2 3 1
github.com/rtheunissen/binarysearch/binarytree/node.go:961.44,963.2 1 1
github.com/rtheunissen/binarysearch/binarytree/node.go:965.53,967.2 1 1
github.com/rtheunissen/binarysearch/binarytree/node.go:969.36,972.2 2 1
github.com/rtheunissen/binarysearch/binarytree/node.go:974.36,977.2 2 1
github.com/rtheunissen/binarysearch/binarytree/node.go:979.37,983.2 3 1
github.com/rtheunissen/binarysearch/binarytree/node.go:985.37,989.2 3 1
github.com/rtheunissen/binarysearch/binarytree/node.go:1022.46,1023.18 1 1
github.com/rtheunissen/binarysearch/binarytree/node.go:1023.18,1026.5 2 1
github.com/rtheunissen/binarysearch/binarytree/node.go:1027.4,1027.10 1 1
github.com/rtheunissen/binarysearch/binarytree/node.go:1032.46,1033.18 1 1
github.com/rtheunissen/binarysearch/binarytree/node.go:1033.18,1036.5 2 1
github.com/rtheunissen/binarysearch/binarytree/node.go:1037.4,1037.10 1 1
github.com/rtheunissen/binarysearch/binarytree/partition.go:7.53,14.17 4 1
github.com/rtheunissen/binarysearch/binarytree/partition.go:14.17,17.18 1 1
github.com/rtheunissen/binarysearch/binarytree/partition.go:17.18,22.8 4 1
github.com/rtheunissen/binarysearch/binarytree/partition.go:22.13,27.8 4 1
github.com/rtheunissen/binarysearch/binarytree/partition.go:30.4,35.12 6 1
github.com/rtheunissen/binarysearch/binarytree/partition.go:39.54,45.17 4 0
github.com/rtheunissen/binarysearch/binarytree/partition.go:45.17,47.18 1 0
github.com/rtheunissen/binarysearch/binarytree/partition.go:47.18,52.8 4 0
github.com/rtheunissen/binarysearch/binarytree/partition.go:52.13,57.8 4 0
github.com/rtheunissen/binarysearch/binarytree/partition.go:60.4,65.12 6 0
github.com/rtheunissen/binarysearch/binarytree/randomized.go:14.30,19.2 1 1
github.com/rtheunissen/binarysearch/binarytree/randomized.go:21.52,22.24 1 0
github.com/rtheunissen/binarysearch/binarytree/randomized.go:22.24,24.5 1 0
github.com/rtheunissen/binarysearch/binarytree/randomized.go:25.4,32.6 2 0
github.com/rtheunissen/binarysearch/binarytree/randomized.go:35.37,38.2 2 1
github.com/rtheunissen/binarysearch/binarytree/randomized.go:46.52,49.8 4 1
github.com/rtheunissen/binarysearch/binarytree/randomized.go:49.8,50.51 1 1
github.com/rtheunissen/binarysearch/binarytree/randomized.go:50.51,56.8 5 1
github.com/rtheunissen/binarysearch/binarytree/randomized.go:57.7,58.22 2 1
github.com/rtheunissen/binarysearch/binarytree/randomized.go:58.22,62.8 3 1
github.com/rtheunissen/binarysearch/binarytree/randomized.go:62.13,66.8 3 1
github.com/rtheunissen/binarysearch/binarytree/randomized.go:70.49,74.8 4 1
github.com/rtheunissen/binarysearch/binarytree/randomized.go:74.8,76.22 2 1
github.com/rtheunissen/binarysearch/binarytree/randomized.go:76.22,81.8 4 1
github.com/rtheunissen/binarysearch/binarytree/randomized.go:82.7,82.21 1 1
github.com/rtheunissen/binarysearch/binarytree/randomized.go:82.21,85.8 3 1
github.com/rtheunissen/binarysearch/binarytree/randomized.go:85.13,89.8 3 1
github.com/rtheunissen/binarysearch/binarytree/randomized.go:93.75,95.8 2 1
github.com/rtheunissen/binarysearch/binarytree/randomized.go:95.8,96.19 1 1
github.com/rtheunissen/binarysearch/binarytree/randomized.go:96.19,96.37 2 1
github.com/rtheunissen/binarysearch/binarytree/randomized.go:97.7,97.19 1 1
github.com/rtheunissen/binarysearch/binarytree/randomized.go:97.19,97.37 2 1
github.com/rtheunissen/binarysearch/binarytree/randomized.go:99.7,99.53 1 1
github.com/rtheunissen/binarysearch/binarytree/randomized.go:99.53,105.8 5 1
github.com/rtheunissen/binarysearch/binarytree/randomized.go:105.13,112.8 6 1
github.com/rtheunissen/binarysearch/binarytree/randomized.go:117.45,120.2 1 1
github.com/rtheunissen/binarysearch/binarytree/randomized.go:122.48,126.2 2 1
github.com/rtheunissen/binarysearch/binarytree/randomized.go:128.67,129.17 1 1
github.com/rtheunissen/binarysearch/binarytree/randomized.go:129.17,131.19 2 1
github.com/rtheunissen/binarysearch/binarytree/randomized.go:131.19,136.8 4 1
github.com/rtheunissen/binarysearch/binarytree/randomized.go:136.13,141.8 4 1
github.com/rtheunissen/binarysearch/binarytree/randomized.go:143.4,144.12 2 1
github.com/rtheunissen/binarysearch/binarytree/randomized.go:147.52,155.2 4 1
github.com/rtheunissen/binarysearch/binarytree/randomized.go:157.56,161.2 2 1
github.com/rtheunissen/binarysearch/binarytree/randomized.go:164.46,177.2 5 1
github.com/rtheunissen/binarysearch/binarytree/randomized.go:179.34,181.2 1 1
github.com/rtheunissen/binarysearch/binarytree/rank_balanced.go:8.39,10.2 1 1
github.com/rtheunissen/binarysearch/binarytree/rank_balanced.go:11.37,13.2 1 1
github.com/rtheunissen/binarysearch/binarytree/rank_balanced.go:16.27,17.16 1 1
github.com/rtheunissen/binarysearch/binarytree/rank_balanced.go:17.16,19.5 1 1
github.com/rtheunissen/binarysearch/binarytree/rank_balanced.go:19.10,21.5 1 1
github.com/rtheunissen/binarysearch/binarytree/rank_balanced.go:24.23,26.2 1 1
github.com/rtheunissen/binarysearch/binarytree/rank_balanced.go:28.22,30.2 1 1
github.com/rtheunissen/binarysearch/binarytree/rank_balanced.go:32.31,34.2 1 1
github.com/rtheunissen/binarysearch/binarytree/rank_balanced.go:36.29,38.2 1 1
github.com/rtheunissen/binarysearch/binarytree/rank_balanced.go:40.29,42.2 1 1
github.com/rtheunissen/binarysearch/binarytree/rank_balanced.go:44.46,47.2 1 1
github.com/rtheunissen/binarysearch/binarytree/rank_balanced.go:49.44,51.2 1 1
github.com/rtheunissen/binarysearch/binarytree/rank_balanced.go:53.43,55.2 1 1
github.com/rtheunissen/binarysearch/binarytree/rank_balanced.go:57.43,59.2 1 1
github.com/rtheunissen/binarysearch/binarytree/rank_balanced.go:61.45,63.2 1 1
github.com/rtheunissen/binarysearch/binarytree/rank_balanced_ravl.go:7.48,8.16 1 1
github.com/rtheunissen/binarysearch/binarytree/rank_balanced_ravl.go:8.16,10.5 1 1
github.com/rtheunissen/binarysearch/binarytree/rank_balanced_ravl.go:11.4,16.34 5 1
github.com/rtheunissen/binarysearch/binarytree/rank_balanced_ravl_bottomup.go:12.38,15.2 2 1
github.com/rtheunissen/binarysearch/binarytree/rank_balanced_ravl_bottomup.go:17.38,21.2 1 1
github.com/rtheunissen/binarysearch/binarytree/rank_balanced_ravl_bottomup.go:23.42,26.2 2 1
github.com/rtheunissen/binarysearch/binarytree/rank_balanced_ravl_bottomup.go:28.54,33.2 3 1
github.com/rtheunissen/binarysearch/binarytree/rank_balanced_ravl_bottomup.go:35.65,36.16 1 1
github.com/rtheunissen/binarysearch/binarytree/rank_balanced_ravl_bottomup.go:36.16,36.28 1 1
github.com/rtheunissen/binarysearch/binarytree/rank_balanced_ravl_bottomup.go:37.4,37.16 1 1
github.com/rtheunissen/binarysearch/binarytree/rank_balanced_ravl_bottomup.go:37.16,37.28 1 1
github.com/rtheunissen/binarysearch/binarytree/rank_balanced_ravl_bottomup.go:39.4,39.30 1 1
github.com/rtheunissen/binarysearch/binarytree/rank_balanced_ravl_bottomup.go:39.30,41.5 1 1
github.com/rtheunissen/binarysearch/binarytree/rank_balanced_ravl_bottomup.go:41.10,43.5 1 1
github.com/rtheunissen/binarysearch/binarytree/rank_balanced_ravl_bottomup.go:46.51,64.2 5 1
github.com/rtheunissen/binarysearch/binarytree/rank_balanced_ravl_bottomup.go:66.60,73.2 3 1
github.com/rtheunissen/binarysearch/binarytree/rank_balanced_ravl_topdown.go:12.40,15.2 2 1
github.com/rtheunissen/binarysearch/binarytree/rank_balanced_ravl_topdown.go:17.37,21.2 1 1
github.com/rtheunissen/binarysearch/binarytree/rank_balanced_ravl_topdown.go:23.52,26.2 1 1
github.com/rtheunissen/binarysearch/binarytree/rank_balanced_ravl_topdown.go:28.55,32.2 2 1
github.com/rtheunissen/binarysearch/binarytree/rank_balanced_ravl_topdown.go:34.44,37.2 2 1
github.com/rtheunissen/binarysearch/binarytree/rank_balanced_ravl_topdown.go:39.56,44.2 3 1
github.com/rtheunissen/binarysearch/binarytree/rank_balanced_ravl_topdown.go:46.67,47.16 1 1
github.com/rtheunissen/binarysearch/binarytree/rank_balanced_ravl_topdown.go:47.16,47.28 1 1
github.com/rtheunissen/binarysearch/binarytree/rank_balanced_ravl_topdown.go:48.4,48.16 1 1
github.com/rtheunissen/binarysearch/binarytree/rank_balanced_ravl_topdown.go:48.16,48.28 1 1
github.com/rtheunissen/binarysearch/binarytree/rank_balanced_ravl_topdown.go:50.4,50.36 1 1
github.com/rtheunissen/binarysearch/binarytree/rank_balanced_ravl_topdown.go:50.36,52.5 1 1
github.com/rtheunissen/binarysearch/binarytree/rank_balanced_ravl_topdown.go:52.10,54.5 1 1
github.com/rtheunissen/binarysearch/binarytree/rank_balanced_ravl_topdown.go:57.53,66.2 6 1
github.com/rtheunissen/binarysearch/binarytree/rank_balanced_ravl_topdown.go:68.62,75.2 3 1
github.com/rtheunissen/binarysearch/binarytree/rank_balanced_redblack_relaxed.go:10.58,15.2 3 1
github.com/rtheunissen/binarysearch/binarytree/rank_balanced_redblack_relaxed.go:17.46,23.2 3 1
github.com/rtheunissen/binarysearch/binarytree/rank_balanced_redblack_relaxed.go:25.68,26.16 1 1
github.com/rtheunissen/binarysearch/binarytree/rank_balanced_redblack_relaxed.go:26.16,28.5 1 1
github.com/rtheunissen/binarysearch/binarytree/rank_balanced_redblack_relaxed.go:29.4,34.19 4 1
github.com/rtheunissen/binarysearch/binarytree/rank_balanced_redblack_relaxed.go:34.19,37.5 2 1
github.com/rtheunissen/binarysearch/binarytree/rank_balanced_redblack_relaxed.go:37.10,40.5 2 1
github.com/rtheunissen/binarysearch/binarytree/rank_balanced_redblack_relaxed.go:41.4,41.15 1 1
github.com/rtheunissen/binarysearch/binarytree/rank_balanced_redblack_relaxed.go:44.82,50.2 3 1
github.com/rtheunissen/binarysearch/binarytree/rank_balanced_redblack_relaxed.go:52.65,53.36 1 1
github.com/rtheunissen/binarysearch/binarytree/rank_balanced_redblack_relaxed.go:53.36,59.5 5 1
github.com/rtheunissen/binarysearch/binarytree/rank_balanced_redblack_relaxed.go:60.4,60.35 1 1
github.com/rtheunissen/binarysearch/binarytree/rank_balanced_redblack_relaxed.go:60.35,65.5 4 1
github.com/rtheunissen/binarysearch/binarytree/rank_balanced_redblack_relaxed.go:65.10,69.5 3 1
github.com/rtheunissen/binarysearch/binarytree/rank_balanced_redblack_relaxed.go:73.65,74.16 1 1
github.com/rtheunissen/binarysearch/binarytree/rank_balanced_redblack_relaxed.go:74.16,74.28 1 1
github.com/rtheunissen/binarysearch/binarytree/rank_balanced_redblack_relaxed.go:75.4,75.16 1 1
github.com/rtheunissen/binarysearch/binarytree/rank_balanced_redblack_relaxed.go:75.16,75.28 1 1
github.com/rtheunissen/binarysearch/binarytree/rank_balanced_redblack_relaxed.go:76.4,76.35 1 1
github.com/rtheunissen/binarysearch/binarytree/rank_balanced_redblack_relaxed.go:76.35,78.5 1 1
github.com/rtheunissen/binarysearch/binarytree/rank_balanced_redblack_relaxed.go:78.10,80.5 1 1
github.com/rtheunissen/binarysearch/binarytree/rank_balanced_redblack_relaxed.go:83.73,93.2 3 1
github.com/rtheunissen/binarysearch/binarytree/rank_balanced_redblack_relaxed.go:95.49,96.27 1 1
github.com/rtheunissen/binarysearch/binarytree/rank_balanced_redblack_relaxed.go:96.27,97.30 1 1
github.com/rtheunissen/binarysearch/binarytree/rank_balanced_redblack_relaxed.go:97.30,98.37 1 1
github.com/rtheunissen/binarysearch/binarytree/rank_balanced_redblack_relaxed.go:98.37,98.61 2 1
github.com/rtheunissen/binarysearch/binarytree/rank_balanced_redblack_relaxed.go:99.10,99.37 1 1
github.com/rtheunissen/binarysearch/binarytree/rank_balanced_redblack_relaxed.go:99.37,99.61 2 1
github.com/rtheunissen/binarysearch/binarytree/rank_balanced_redblack_relaxed.go:100.13,101.37 1 1
github.com/rtheunissen/binarysearch/binarytree/rank_balanced_redblack_relaxed.go:101.37,101.60 1 1
github.com/rtheunissen/binarysearch/binarytree/rank_balanced_redblack_relaxed.go:102.10,102.37 1 1
github.com/rtheunissen/binarysearch/binarytree/rank_balanced_redblack_relaxed.go:102.37,102.60 1 1
github.com/rtheunissen/binarysearch/binarytree/rank_balanced_redblack_relaxed.go:105.4,105.12 1 1
github.com/rtheunissen/binarysearch/binarytree/rank_balanced_redblack_relaxed.go:108.49,109.27 1 1
github.com/rtheunissen/binarysearch/binarytree/rank_balanced_redblack_relaxed.go:109.27,110.30 1 1
github.com/rtheunissen/binarysearch/binarytree/rank_balanced_redblack_relaxed.go:110.30,111.37 1 1
github.com/rtheunissen/binarysearch/binarytree/rank_balanced_redblack_relaxed.go:111.37,111.61 2 1
github.com/rtheunissen/binarysearch/binarytree/rank_balanced_redblack_relaxed.go:112.10,112.37 1 1
github.com/rtheunissen/binarysearch/binarytree/rank_balanced_redblack_relaxed.go:112.37,112.61 2 1
github.com/rtheunissen/binarysearch/binarytree/rank_balanced_redblack_relaxed.go:113.13,114.37 1 1
github.com/rtheunissen/binarysearch/binarytree/rank_balanced_redblack_relaxed.go:114.37,114.60 1 1
github.com/rtheunissen/binarysearch/binarytree/rank_balanced_redblack_relaxed.go:115.10,115.37 1 1
github.com/rtheunissen/binarysearch/binarytree/rank_balanced_redblack_relaxed.go:115.37,115.60 1 1
github.com/rtheunissen/binarysearch/binarytree/rank_balanced_redblack_relaxed.go:118.4,118.12 1 1
github.com/rtheunissen/binarysearch/binarytree/rank_balanced_redblack_relaxed.go:122.50,123.16 1 1
github.com/rtheunissen/binarysearch/binarytree/rank_balanced_redblack_relaxed.go:123.16,125.5 1 1
github.com/rtheunissen/binarysearch/binarytree/rank_balanced_redblack_relaxed.go:126.4,130.27 3 1
github.com/rtheunissen/binarysearch/binarytree/rank_balanced_redblack_relaxed.go:130.27,133.5 2 1
github.com/rtheunissen/binarysearch/binarytree/rank_balanced_redblack_relaxed.go:134.4,134.27 1 1
github.com/rtheunissen/binarysearch/binarytree/rank_balanced_redblack_relaxed.go:134.27,137.5 2 1
github.com/rtheunissen/binarysearch/binarytree/rank_balanced_redblack_relaxed.go:138.4,139.25 2 1
github.com/rtheunissen/binarysearch/binarytree/rank_balanced_redblack_relaxed.go:142.61,143.16 1 1
github.com/rtheunissen/binarysearch/binarytree/rank_balanced_redblack_relaxed.go:143.16,145.5 1 1
github.com/rtheunissen/binarysearch/binarytree/rank_balanced_redblack_relaxed.go:146.4,148.32 3 0
github.com/rtheunissen/binarysearch/binarytree/rank_balanced_redblack_relaxed.go:151.38,154.2 2 1
github.com/rtheunissen/binarysearch/binarytree/rank_balanced_redblack_relaxed_bottomup.go:11.43,15.2 1 1
github.com/rtheunissen/binarysearch/binarytree/rank_balanced_redblack_relaxed_bottomup.go:17.50,20.2 2 1
github.com/rtheunissen/binarysearch/binarytree/rank_balanced_redblack_relaxed_bottomup.go:22.79,23.16 1 1
github.com/rtheunissen/binarysearch/binarytree/rank_balanced_redblack_relaxed_bottomup.go:23.16,25.5 1 1
github.com/rtheunissen/binarysearch/binarytree/rank_balanced_redblack_relaxed_bottomup.go:26.4,27.16 2 1
github.com/rtheunissen/binarysearch/binarytree/rank_balanced_redblack_relaxed_bottomup.go:27.16,31.5 3 1
github.com/rtheunissen/binarysearch/binarytree/rank_balanced_redblack_relaxed_bottomup.go:31.10,34.5 2 1
github.com/rtheunissen/binarysearch/binarytree/rank_balanced_redblack_relaxed_bottomup.go:37.65,42.2 3 1
github.com/rtheunissen/binarysearch/binarytree/rank_balanced_redblack_relaxed_bottomup.go:44.58,47.2 1 1
github.com/rtheunissen/binarysearch/binarytree/rank_balanced_redblack_relaxed_bottomup.go:49.61,53.2 2 1
github.com/rtheunissen/binarysearch/binarytree/rank_balanced_redblack_relaxed_bottomup.go:55.60,59.2 1 1
github.com/rtheunissen/binarysearch/binarytree/rank_balanced_redblack_relaxed_bottomup.go:61.69,65.2 2 1
github.com/rtheunissen/binarysearch/binarytree/rank_balanced_redblack_relaxed_topdown.go:11.42,15.2 1 1
github.com/rtheunissen/binarysearch/binarytree/rank_balanced_redblack_relaxed_topdown.go:17.49,20.2 2 1
github.com/rtheunissen/binarysearch/binarytree/rank_balanced_redblack_relaxed_topdown.go:25.73,30.17 1 1
github.com/rtheunissen/binarysearch/binarytree/rank_balanced_redblack_relaxed_topdown.go:30.17,33.5 2 1
github.com/rtheunissen/binarysearch/binarytree/rank_balanced_redblack_relaxed_topdown.go:34.4,38.22 2 1
github.com/rtheunissen/binarysearch/binarytree/rank_balanced_redblack_relaxed_topdown.go:38.22,40.5 1 1
github.com/rtheunissen/binarysearch/binarytree/rank_balanced_redblack_relaxed_topdown.go:44.4,44.8 1 1
github.com/rtheunissen/binarysearch/binarytree/rank_balanced_redblack_relaxed_topdown.go:44.8,49.22 1 1
github.com/rtheunissen/binarysearch/binarytree/rank_balanced_redblack_relaxed_topdown.go:49.22,57.27 1 1
github.com/rtheunissen/binarysearch/binarytree/rank_balanced_redblack_relaxed_topdown.go:57.27,60.11 2 1
github.com/rtheunissen/binarysearch/binarytree/rank_balanced_redblack_relaxed_topdown.go:61.10,61.61 1 1
github.com/rtheunissen/binarysearch/binarytree/rank_balanced_redblack_relaxed_topdown.go:61.61,63.21 2 1
github.com/rtheunissen/binarysearch/binarytree/rank_balanced_redblack_relaxed_topdown.go:65.10,65.32 1 1
github.com/rtheunissen/binarysearch/binarytree/rank_balanced_redblack_relaxed_topdown.go:65.32,68.21 3 1
github.com/rtheunissen/binarysearch/binarytree/rank_balanced_redblack_relaxed_topdown.go:79.10,79.27 1 1
github.com/rtheunissen/binarysearch/binarytree/rank_balanced_redblack_relaxed_topdown.go:79.27,86.32 1 1
github.com/rtheunissen/binarysearch/binarytree/rank_balanced_redblack_relaxed_topdown.go:86.32,88.49 2 1
github.com/rtheunissen/binarysearch/binarytree/rank_balanced_redblack_relaxed_topdown.go:88.49,90.17 1 1
github.com/rtheunissen/binarysearch/binarytree/rank_balanced_redblack_relaxed_topdown.go:91.16,91.22 1 1
github.com/rtheunissen/binarysearch/binarytree/rank_balanced_redblack_relaxed_topdown.go:95.13,95.38 1 1
github.com/rtheunissen/binarysearch/binarytree/rank_balanced_redblack_relaxed_topdown.go:95.38,98.24 3 1
github.com/rtheunissen/binarysearch/binarytree/rank_balanced_redblack_relaxed_topdown.go:102.13,102.46 1 1
github.com/rtheunissen/binarysearch/binarytree/rank_balanced_redblack_relaxed_topdown.go:102.46,106.24 4 1
github.com/rtheunissen/binarysearch/binarytree/rank_balanced_redblack_relaxed_topdown.go:112.13,115.21 4 1
github.com/rtheunissen/binarysearch/binarytree/rank_balanced_redblack_relaxed_topdown.go:117.16,121.32 1 1
github.com/rtheunissen/binarysearch/binarytree/rank_balanced_redblack_relaxed_topdown.go:121.32,123.49 2 1
github.com/rtheunissen/binarysearch/binarytree/rank_balanced_redblack_relaxed_topdown.go:123.49,125.17 1 1
github.com/rtheunissen/binarysearch/binarytree/rank_balanced_redblack_relaxed_topdown.go:126.16,126.22 1 1
github.com/rtheunissen/binarysearch/binarytree/rank_balanced_redblack_relaxed_topdown.go:132.13,132.38 1 1
github.com/rtheunissen/binarysearch/binarytree/rank_balanced_redblack_relaxed_topdown.go:132.38,135.24 3 1
github.com/rtheunissen/binarysearch/binarytree/rank_balanced_redblack_relaxed_topdown.go:139.13,139.46 1 1
github.com/rtheunissen/binarysearch/binarytree/rank_balanced_redblack_relaxed_topdown.go:139.46,143.24 4 1
github.com/rtheunissen/binarysearch/binarytree/rank_balanced_redblack_relaxed_topdown.go:150.13,156.28 3 1
github.com/rtheunissen/binarysearch/binarytree/rank_balanced_redblack_relaxed_topdown.go:156.28,158.14 1 1
github.com/rtheunissen/binarysearch/binarytree/rank_balanced_redblack_relaxed_topdown.go:158.19,160.14 1 1
github.com/rtheunissen/binarysearch/binarytree/rank_balanced_redblack_relaxed_topdown.go:162.13,170.27 1 1
github.com/rtheunissen/binarysearch/binarytree/rank_balanced_redblack_relaxed_topdown.go:170.27,173.11 2 1
github.com/rtheunissen/binarysearch/binarytree/rank_balanced_redblack_relaxed_topdown.go:174.10,174.61 1 1
github.com/rtheunissen/binarysearch/binarytree/rank_balanced_redblack_relaxed_topdown.go:174.61,176.21 2 1
github.com/rtheunissen/binarysearch/binarytree/rank_balanced_redblack_relaxed_topdown.go:178.10,178.32 1 1
github.com/rtheunissen/binarysearch/binarytree/rank_balanced_redblack_relaxed_topdown.go:178.32,181.21 3 1
github.com/rtheunissen/binarysearch/binarytree/rank_balanced_redblack_relaxed_topdown.go:189.10,189.37 1 1
github.com/rtheunissen/binarysearch/binarytree/rank_balanced_redblack_relaxed_topdown.go:189.37,196.32 1 1
github.com/rtheunissen/binarysearch/binarytree/rank_balanced_redblack_relaxed_topdown.go:196.32,198.49 2 1
github.com/rtheunissen/binarysearch/binarytree/rank_balanced_redblack_relaxed_topdown.go:198.49,200.17 1 1
github.com/rtheunissen/binarysearch/binarytree/rank_balanced_redblack_relaxed_topdown.go:201.16,201.22 1 1
github.com/rtheunissen/binarysearch/binarytree/rank_balanced_redblack_relaxed_topdown.go:207.13,207.38 1 1
github.com/rtheunissen/binarysearch/binarytree/rank_balanced_redblack_relaxed_topdown.go:207.38,210.24 3 1
github.com/rtheunissen/binarysearch/binarytree/rank_balanced_redblack_relaxed_topdown.go:214.13,214.46 1 1
github.com/rtheunissen/binarysearch/binarytree/rank_balanced_redblack_relaxed_topdown.go:214.46,218.24 4 1
github.com/rtheunissen/binarysearch/binarytree/rank_balanced_redblack_relaxed_topdown.go:224.13,227.21 4 1
github.com/rtheunissen/binarysearch/binarytree/rank_balanced_redblack_relaxed_topdown.go:229.16,233.32 1 1
github.com/rtheunissen/binarysearch/binarytree/rank_balanced_redblack_relaxed_topdown.go:233.32,235.49 2 1
github.com/rtheunissen/binarysearch/binarytree/rank_balanced_redblack_relaxed_topdown.go:235.49,237.17 1 1
github.com/rtheunissen/binarysearch/binarytree/rank_balanced_redblack_relaxed_topdown.go:238.16,238.22 1 1
github.com/rtheunissen/binarysearch/binarytree/rank_balanced_redblack_relaxed_topdown.go:244.13,244.38 1 1
github.com/rtheunissen/binarysearch/binarytree/rank_balanced_redblack_relaxed_topdown.go:244.38,247.24 3 1
github.com/rtheunissen/binarysearch/binarytree/rank_balanced_redblack_relaxed_topdown.go:251.13,251.46 1 1
github.com/rtheunissen/binarysearch/binarytree/rank_balanced_redblack_relaxed_topdown.go:251.46,255.24 4 1
github.com/rtheunissen/binarysearch/binarytree/rank_balanced_redblack_relaxed_topdown.go:262.13,268.27 3 1
github.com/rtheunissen/binarysearch/binarytree/rank_balanced_redblack_relaxed_topdown.go:268.27,270.14 1 1
github.com/rtheunissen/binarysearch/binarytree/rank_balanced_redblack_relaxed_topdown.go:270.19,272.14 1 1
github.com/rtheunissen/binarysearch/binarytree/rank_balanced_redblack_relaxed_topdown.go:278.57,281.2 1 1
github.com/rtheunissen/binarysearch/binarytree/rank_balanced_redblack_relaxed_topdown.go:283.60,287.2 2 1
github.com/rtheunissen/binarysearch/binarytree/rank_balanced_redblack_relaxed_topdown.go:289.64,293.2 2 1
github.com/rtheunissen/binarysearch/binarytree/rank_balanced_redblack_relaxed_topdown.go:295.59,299.2 1 1
github.com/rtheunissen/binarysearch/binarytree/rank_balanced_redblack_relaxed_topdown.go:301.68,305.2 2 1
github.com/rtheunissen/binarysearch/binarytree/rank_balanced_wavl.go:13.41,15.2 1 1
github.com/rtheunissen/binarysearch/binarytree/rank_balanced_wavl.go:17.50,18.16 1 0
github.com/rtheunissen/binarysearch/binarytree/rank_balanced_wavl.go:18.16,20.5 1 0
github.com/rtheunissen/binarysearch/binarytree/rank_balanced_wavl.go:21.4,23.25 3 0
github.com/rtheunissen/binarysearch/binarytree/rank_balanced_wavl.go:26.27,30.2 3 1
github.com/rtheunissen/binarysearch/binarytree/rank_balanced_wavl.go:32.73,33.38 1 1
github.com/rtheunissen/binarysearch/binarytree/rank_balanced_wavl.go:33.38,39.5 5 1
github.com/rtheunissen/binarysearch/binarytree/rank_balanced_wavl.go:40.4,42.55 3 1
github.com/rtheunissen/binarysearch/binarytree/rank_balanced_wavl.go:45.73,46.40 1 1
github.com/rtheunissen/binarysearch/binarytree/rank_balanced_wavl.go:46.40,52.5 5 1
github.com/rtheunissen/binarysearch/binarytree/rank_balanced_wavl.go:53.4,56.54 4 1
github.com/rtheunissen/binarysearch/binarytree/rank_balanced_wavl.go:59.54,60.36 1 1
github.com/rtheunissen/binarysearch/binarytree/rank_balanced_wavl.go:60.36,62.5 1 1
github.com/rtheunissen/binarysearch/binarytree/rank_balanced_wavl.go:62.10,64.5 1 1
github.com/rtheunissen/binarysearch/binarytree/rank_balanced_wavl.go:71.69,72.28 1 1
github.com/rtheunissen/binarysearch/binarytree/rank_balanced_wavl.go:72.28,74.5 1 1
github.com/rtheunissen/binarysearch/binarytree/rank_balanced_wavl.go:75.4,75.26 1 1
github.com/rtheunissen/binarysearch/binarytree/rank_balanced_wavl.go:75.26,77.5 1 1
github.com/rtheunissen/binarysearch/binarytree/rank_balanced_wavl.go:77.10,77.37 1 1
github.com/rtheunissen/binarysearch/binarytree/rank_balanced_wavl.go:77.37,80.5 2 1
github.com/rtheunissen/binarysearch/binarytree/rank_balanced_wavl.go:80.10,85.5 4 1
github.com/rtheunissen/binarysearch/binarytree/rank_balanced_wavl.go:86.4,86.12 1 1
github.com/rtheunissen/binarysearch/binarytree/rank_balanced_wavl.go:92.70,93.28 1 1
github.com/rtheunissen/binarysearch/binarytree/rank_balanced_wavl.go:93.28,95.5 1 1
github.com/rtheunissen/binarysearch/binarytree/rank_balanced_wavl.go:96.4,96.26 1 1
github.com/rtheunissen/binarysearch/binarytree/rank_balanced_wavl.go:96.26,98.5 1 1
github.com/rtheunissen/binarysearch/binarytree/rank_balanced_wavl.go:98.10,98.37 1 1
github.com/rtheunissen/binarysearch/binarytree/rank_balanced_wavl.go:98.37,101.5 2 1
github.com/rtheunissen/binarysearch/binarytree/rank_balanced_wavl.go:101.10,106.5 4 1
github.com/rtheunissen/binarysearch/binarytree/rank_balanced_wavl.go:107.4,107.12 1 1
github.com/rtheunissen/binarysearch/binarytree/rank_balanced_wavl.go:110.48,113.2 2 0
github.com/rtheunissen/binarysearch/binarytree/rank_balanced_wavl.go:115.54,116.19 1 1
github.com/rtheunissen/binarysearch/binarytree/rank_balanced_wavl.go:116.19,118.5 1 1
github.com/rtheunissen/binarysearch/binarytree/rank_balanced_wavl.go:119.4,123.61 4 1
github.com/rtheunissen/binarysearch/binarytree/rank_balanced_wavl.go:126.51,127.33 1 1
github.com/rtheunissen/binarysearch/binarytree/rank_balanced_wavl.go:127.33,130.5 2 1
github.com/rtheunissen/binarysearch/binarytree/rank_balanced_wavl.go:131.4,131.28 1 1
github.com/rtheunissen/binarysearch/binarytree/rank_balanced_wavl.go:131.28,132.29 1 1
github.com/rtheunissen/binarysearch/binarytree/rank_balanced_wavl.go:132.29,135.8 1 1
github.com/rtheunissen/binarysearch/binarytree/rank_balanced_wavl.go:135.13,135.31 1 1
github.com/rtheunissen/binarysearch/binarytree/rank_balanced_wavl.go:135.31,139.8 2 1
github.com/rtheunissen/binarysearch/binarytree/rank_balanced_wavl.go:139.13,139.40 1 1
github.com/rtheunissen/binarysearch/binarytree/rank_balanced_wavl.go:139.40,147.26 4 1
github.com/rtheunissen/binarysearch/binarytree/rank_balanced_wavl.go:147.26,150.11 1 1
github.com/rtheunissen/binarysearch/binarytree/rank_balanced_wavl.go:151.13,161.8 6 1
github.com/rtheunissen/binarysearch/binarytree/rank_balanced_wavl.go:162.10,162.35 1 1
github.com/rtheunissen/binarysearch/binarytree/rank_balanced_wavl.go:162.35,163.29 1 1
github.com/rtheunissen/binarysearch/binarytree/rank_balanced_wavl.go:163.29,166.8 1 1
github.com/rtheunissen/binarysearch/binarytree/rank_balanced_wavl.go:166.13,166.31 1 1
github.com/rtheunissen/binarysearch/binarytree/rank_balanced_wavl.go:166.31,170.8 2 1
github.com/rtheunissen/binarysearch/binarytree/rank_balanced_wavl.go:170.13,170.40 1 1
github.com/rtheunissen/binarysearch/binarytree/rank_balanced_wavl.go:170.40,178.26 4 1
github.com/rtheunissen/binarysearch/binarytree/rank_balanced_wavl.go:178.26,181.11 1 1
github.com/rtheunissen/binarysearch/binarytree/rank_balanced_wavl.go:182.13,192.8 6 1
github.com/rtheunissen/binarysearch/binarytree/rank_balanced_wavl.go:194.4,194.12 1 1
github.com/rtheunissen/binarysearch/binarytree/rank_balanced_wavl.go:197.39,198.16 1 1
github.com/rtheunissen/binarysearch/binarytree/rank_balanced_wavl.go:198.16,200.5 1 1
github.com/rtheunissen/binarysearch/binarytree/rank_balanced_wavl.go:201.4,201.18 1 1
github.com/rtheunissen/binarysearch/binarytree/rank_balanced_wavl.go:201.18,203.5 1 1
github.com/rtheunissen/binarysearch/binarytree/rank_balanced_wavl.go:204.4,211.25 6 1
github.com/rtheunissen/binarysearch/binarytree/rank_balanced_wavl_bottomup.go:14.35,20.2 1 1
github.com/rtheunissen/binarysearch/binarytree/rank_balanced_wavl_bottomup.go:22.42,25.2 2 1
github.com/rtheunissen/binarysearch/binarytree/rank_balanced_wavl_bottomup.go:27.71,28.16 1 1
github.com/rtheunissen/binarysearch/binarytree/rank_balanced_wavl_bottomup.go:28.16,30.5 1 1
github.com/rtheunissen/binarysearch/binarytree/rank_balanced_wavl_bottomup.go:31.4,32.16 2 1
github.com/rtheunissen/binarysearch/binarytree/rank_balanced_wavl_bottomup.go:32.16,36.5 3 1
github.com/rtheunissen/binarysearch/binarytree/rank_balanced_wavl_bottomup.go:36.10,39.5 2 1
github.com/rtheunissen/binarysearch/binarytree/rank_balanced_wavl_bottomup.go:60.72,62.16 2 1
github.com/rtheunissen/binarysearch/binarytree/rank_balanced_wavl_bottomup.go:62.16,66.5 3 1
github.com/rtheunissen/binarysearch/binarytree/rank_balanced_wavl_bottomup.go:67.4,67.15 1 1
github.com/rtheunissen/binarysearch/binarytree/rank_balanced_wavl_bottomup.go:67.15,70.5 2 1
github.com/rtheunissen/binarysearch/binarytree/rank_balanced_wavl_bottomup.go:70.10,72.5 1 1
github.com/rtheunissen/binarysearch/binarytree/rank_balanced_wavl_bottomup.go:73.4,73.36 1 1
github.com/rtheunissen/binarysearch/binarytree/rank_balanced_wavl_bottomup.go:76.58,81.2 3 1
github.com/rtheunissen/binarysearch/binarytree/rank_balanced_wavl_bottomup.go:84.57,88.2 2 1
github.com/rtheunissen/binarysearch/binarytree/rank_balanced_wavl_bottomup.go:104.67,105.18 1 1
github.com/rtheunissen/binarysearch/binarytree/rank_balanced_wavl_bottomup.go:105.18,108.5 2 1
github.com/rtheunissen/binarysearch/binarytree/rank_balanced_wavl_bottomup.go:109.4,112.36 4 1
github.com/rtheunissen/binarysearch/binarytree/rank_balanced_wavl_bottomup.go:115.67,116.18 1 1
github.com/rtheunissen/binarysearch/binarytree/rank_balanced_wavl_bottomup.go:116.18,119.5 2 1
github.com/rtheunissen/binarysearch/binarytree/rank_balanced_wavl_bottomup.go:120.4,122.36 3 1
github.com/rtheunissen/binarysearch/binarytree/rank_balanced_wavl_bottomup.go:125.70,127.2 1 0
github.com/rtheunissen/binarysearch/binarytree/rank_balanced_wavl_bottomup.go:129.69,131.2 1 1
github.com/rtheunissen/binarysearch/binarytree/rank_balanced_wavl_bottomup.go:133.65,134.16 1 1
github.com/rtheunissen/binarysearch/binarytree/rank_balanced_wavl_bottomup.go:134.16,134.28 1 1
github.com/rtheunissen/binarysearch/binarytree/rank_balanced_wavl_bottomup.go:135.4,135.16 1 1
github.com/rtheunissen/binarysearch/binarytree/rank_balanced_wavl_bottomup.go:135.16,135.28 1 1
github.com/rtheunissen/binarysearch/binarytree/rank_balanced_wavl_bottomup.go:137.4,137.36 1 1
github.com/rtheunissen/binarysearch/binarytree/rank_balanced_wavl_bottomup.go:137.36,139.5 1 1
github.com/rtheunissen/binarysearch/binarytree/rank_balanced_wavl_bottomup.go:139.10,141.5 1 1
github.com/rtheunissen/binarysearch/binarytree/rank_balanced_wavl_bottomup.go:144.50,147.2 1 1
github.com/rtheunissen/binarysearch/binarytree/rank_balanced_wavl_bottomup.go:149.53,153.2 2 1
github.com/rtheunissen/binarysearch/binarytree/rank_balanced_wavl_bottomup.go:155.50,167.2 3 1
github.com/rtheunissen/binarysearch/binarytree/rank_balanced_wavl_bottomup.go:169.60,176.2 3 1
github.com/rtheunissen/binarysearch/binarytree/rank_balanced_wavl_joinbased.go:11.36,17.2 1 1
github.com/rtheunissen/binarysearch/binarytree/rank_balanced_wavl_joinbased.go:19.51,22.2 1 1
github.com/rtheunissen/binarysearch/binarytree/rank_balanced_wavl_joinbased.go:24.54,28.2 2 1
github.com/rtheunissen/binarysearch/binarytree/rank_balanced_wavl_joinbased.go:30.58,34.2 2 1
github.com/rtheunissen/binarysearch/binarytree/rank_balanced_wavl_joinbased.go:36.59,41.2 3 1
github.com/rtheunissen/binarysearch/binarytree/rank_balanced_wavl_joinbased.go:43.43,46.2 2 1
github.com/rtheunissen/binarysearch/binarytree/rank_balanced_wavl_joinbased.go:48.61,54.2 3 1
github.com/rtheunissen/binarysearch/binarytree/rank_balanced_wavl_joinbased.go:56.68,57.18 1 1
github.com/rtheunissen/binarysearch/binarytree/rank_balanced_wavl_joinbased.go:57.18,60.5 2 1
github.com/rtheunissen/binarysearch/binarytree/rank_balanced_wavl_joinbased.go:61.4,64.36 4 1
github.com/rtheunissen/binarysearch/binarytree/rank_balanced_wavl_joinbased.go:67.68,68.18 1 1
github.com/rtheunissen/binarysearch/binarytree/rank_balanced_wavl_joinbased.go:68.18,71.5 2 1
github.com/rtheunissen/binarysearch/binarytree/rank_balanced_wavl_joinbased.go:72.4,74.36 3 1
github.com/rtheunissen/binarysearch/binarytree/rank_balanced_wavl_joinbased.go:77.71,79.2 1 1
github.com/rtheunissen/binarysearch/binarytree/rank_balanced_wavl_joinbased.go:81.70,83.2 1 1
github.com/rtheunissen/binarysearch/binarytree/rank_balanced_wavl_joinbased.go:85.66,86.16 1 1
github.com/rtheunissen/binarysearch/binarytree/rank_balanced_wavl_joinbased.go:86.16,88.5 1 1
github.com/rtheunissen/binarysearch/binarytree/rank_balanced_wavl_joinbased.go:89.4,89.16 1 1
github.com/rtheunissen/binarysearch/binarytree/rank_balanced_wavl_joinbased.go:89.16,91.5 1 1
github.com/rtheunissen/binarysearch/binarytree/rank_balanced_wavl_joinbased.go:93.4,93.36 1 1
github.com/rtheunissen/binarysearch/binarytree/rank_balanced_wavl_joinbased.go:93.36,95.5 1 1
github.com/rtheunissen/binarysearch/binarytree/rank_balanced_wavl_joinbased.go:95.10,97.5 1 1
github.com/rtheunissen/binarysearch/binarytree/rank_balanced_wavl_joinbased.go:100.52,115.2 5 1
github.com/rtheunissen/binarysearch/binarytree/rank_balanced_wavl_topdown.go:11.34,17.2 1 1
github.com/rtheunissen/binarysearch/binarytree/rank_balanced_wavl_topdown.go:22.65,27.17 1 1
github.com/rtheunissen/binarysearch/binarytree/rank_balanced_wavl_topdown.go:27.17,30.5 2 1
github.com/rtheunissen/binarysearch/binarytree/rank_balanced_wavl_topdown.go:31.4,35.20 2 1
github.com/rtheunissen/binarysearch/binarytree/rank_balanced_wavl_topdown.go:35.20,37.5 1 1
[...]
github.com/rtheunissen/binarysearch/binarytree/treap_fingertree.go:350.8,351.20 1 1
github.com/rtheunissen/binarysearch/binarytree/treap_fingertree.go:351.20,354.8 2 1
github.com/rtheunissen/binarysearch/binarytree/treap_fingertree.go:355.7,355.24 1 1
github.com/rtheunissen/binarysearch/binarytree/treap_fingertree.go:355.24,360.8 4 1
github.com/rtheunissen/binarysearch/binarytree/treap_fingertree.go:361.7,362.22 2 1
github.com/rtheunissen/binarysearch/binarytree/treap_fingertree.go:362.22,364.8 1 1
github.com/rtheunissen/binarysearch/binarytree/treap_fingertree.go:364.13,366.8 1 1
github.com/rtheunissen/binarysearch/binarytree/treap_fingertree.go:370.65,378.8 7 1
github.com/rtheunissen/binarysearch/binarytree/treap_fingertree.go:378.8,380.17 1 1
github.com/rtheunissen/binarysearch/binarytree/treap_fingertree.go:380.17,384.17 4 1
github.com/rtheunissen/binarysearch/binarytree/treap_fingertree.go:387.6,387.27 1 1
github.com/rtheunissen/binarysearch/binarytree/treap_fingertree.go:387.27,394.7 6 1
github.com/rtheunissen/binarysearch/binarytree/treap_fingertree.go:396.6,398.12 3 1
github.com/rtheunissen/binarysearch/binarytree/treap_fingertree.go:402.60,405.14 2 1
github.com/rtheunissen/binarysearch/binarytree/treap_fingertree.go:405.14,408.5 1 1
github.com/rtheunissen/binarysearch/binarytree/treap_fingertree.go:409.4,409.22 1 1
github.com/rtheunissen/binarysearch/binarytree/treap_fingertree.go:409.22,412.5 1 1
github.com/rtheunissen/binarysearch/binarytree/treap_fingertree.go:413.4,413.24 1 1
github.com/rtheunissen/binarysearch/binarytree/treap_fingertree.go:413.24,415.5 1 1
github.com/rtheunissen/binarysearch/binarytree/treap_fingertree.go:415.10,417.5 1 1
github.com/rtheunissen/binarysearch/binarytree/treap_fingertree.go:421.60,426.2 2 1
github.com/rtheunissen/binarysearch/binarytree/treap_fingertree.go:428.68,441.24 4 1
github.com/rtheunissen/binarysearch/binarytree/treap_fingertree.go:441.24,445.5 3 1
github.com/rtheunissen/binarysearch/binarytree/treap_fingertree.go:446.4,468.15 17 1
github.com/rtheunissen/binarysearch/binarytree/treap_fingertree.go:473.68,482.24 4 1
github.com/rtheunissen/binarysearch/binarytree/treap_fingertree.go:482.24,486.5 3 1
github.com/rtheunissen/binarysearch/binarytree/treap_fingertree.go:487.4,512.15 20 1
github.com/rtheunissen/binarysearch/binarytree/treap_fingertree.go:523.65,531.8 6 1
github.com/rtheunissen/binarysearch/binarytree/treap_fingertree.go:531.8,533.17 1 1
github.com/rtheunissen/binarysearch/binarytree/treap_fingertree.go:533.17,537.17 4 1
github.com/rtheunissen/binarysearch/binarytree/treap_fingertree.go:540.6,540.27 1 1
github.com/rtheunissen/binarysearch/binarytree/treap_fingertree.go:540.27,548.7 6 1
github.com/rtheunissen/binarysearch/binarytree/treap_fingertree.go:550.6,552.12 3 1
github.com/rtheunissen/binarysearch/binarytree/treap_fingertree.go:564.57,566.24 1 1
github.com/rtheunissen/binarysearch/binarytree/treap_fingertree.go:566.24,570.5 3 1
github.com/rtheunissen/binarysearch/binarytree/treap_fingertree.go:571.4,571.24 1 1
github.com/rtheunissen/binarysearch/binarytree/treap_fingertree.go:571.24,572.17 1 1
github.com/rtheunissen/binarysearch/binarytree/treap_fingertree.go:572.17,574.8 1 1
github.com/rtheunissen/binarysearch/binarytree/treap_fingertree.go:574.13,576.8 1 1
github.com/rtheunissen/binarysearch/binarytree/treap_fingertree.go:577.10,578.25 1 1
github.com/rtheunissen/binarysearch/binarytree/treap_fingertree.go:578.25,580.8 1 1
github.com/rtheunissen/binarysearch/binarytree/treap_fingertree.go:580.13,582.8 1 1
github.com/rtheunissen/binarysearch/binarytree/treap_fingertree.go:712.51,720.2 6 1
github.com/rtheunissen/binarysearch/binarytree/treap_fingertree.go:722.50,729.2 5 1
github.com/rtheunissen/binarysearch/binarytree/treap_fingertree.go:730.67,731.8 1 1
github.com/rtheunissen/binarysearch/binarytree/treap_fingertree.go:731.8,732.22 1 1
github.com/rtheunissen/binarysearch/binarytree/treap_fingertree.go:732.22,734.44 2 1
github.com/rtheunissen/binarysearch/binarytree/treap_fingertree.go:734.44,736.11 1 1
github.com/rtheunissen/binarysearch/binarytree/treap_fingertree.go:736.16,740.11 2 1
github.com/rtheunissen/binarysearch/binarytree/treap_fingertree.go:741.10,741.16 1 1
github.com/rtheunissen/binarysearch/binarytree/treap_fingertree.go:743.7,744.21 2 1
github.com/rtheunissen/binarysearch/binarytree/treap_fingertree.go:744.21,746.8 1 1
github.com/rtheunissen/binarysearch/binarytree/treap_fingertree.go:746.13,748.8 1 1
github.com/rtheunissen/binarysearch/binarytree/treap_fingertree.go:751.65,753.14 1 1
github.com/rtheunissen/binarysearch/binarytree/treap_fingertree.go:753.14,756.5 2 1
github.com/rtheunissen/binarysearch/binarytree/treap_fingertree.go:757.4,761.19 5 1
github.com/rtheunissen/binarysearch/binarytree/treap_fingertree.go:761.19,765.5 3 1
github.com/rtheunissen/binarysearch/binarytree/treap_fingertree.go:766.4,766.18 1 1
github.com/rtheunissen/binarysearch/binarytree/treap_fingertree.go:766.18,770.5 3 1
github.com/rtheunissen/binarysearch/binarytree/treap_fingertree.go:771.4,778.23 8 1
github.com/rtheunissen/binarysearch/binarytree/treap_fingertree.go:781.69,784.8 2 1
github.com/rtheunissen/binarysearch/binarytree/treap_fingertree.go:784.8,785.19 1 1
github.com/rtheunissen/binarysearch/binarytree/treap_fingertree.go:785.19,785.37 2 1
github.com/rtheunissen/binarysearch/binarytree/treap_fingertree.go:786.7,786.19 1 1
github.com/rtheunissen/binarysearch/binarytree/treap_fingertree.go:786.19,786.37 2 1
github.com/rtheunissen/binarysearch/binarytree/treap_fingertree.go:787.7,787.21 1 1
github.com/rtheunissen/binarysearch/binarytree/treap_fingertree.go:787.21,793.8 5 1
github.com/rtheunissen/binarysearch/binarytree/treap_fingertree.go:793.13,799.8 5 1
github.com/rtheunissen/binarysearch/binarytree/treap_fingertree.go:803.66,805.26 1 1
github.com/rtheunissen/binarysearch/binarytree/treap_fingertree.go:805.26,808.5 2 1
github.com/rtheunissen/binarysearch/binarytree/treap_fingertree.go:809.4,813.19 5 1
github.com/rtheunissen/binarysearch/binarytree/treap_fingertree.go:813.19,817.5 3 1
github.com/rtheunissen/binarysearch/binarytree/treap_fingertree.go:819.4,819.18 1 1
github.com/rtheunissen/binarysearch/binarytree/treap_fingertree.go:819.18,824.5 3 1
github.com/rtheunissen/binarysearch/binarytree/treap_fingertree.go:826.4,833.23 8 1
github.com/rtheunissen/binarysearch/binarytree/treap_fingertree.go:846.64,848.8 2 1
github.com/rtheunissen/binarysearch/binarytree/treap_fingertree.go:848.8,849.19 1 1
github.com/rtheunissen/binarysearch/binarytree/treap_fingertree.go:849.19,851.8 1 1
github.com/rtheunissen/binarysearch/binarytree/treap_fingertree.go:852.7,858.12 7 1
github.com/rtheunissen/binarysearch/binarytree/treap_fingertree.go:861.50,873.24 6 1
github.com/rtheunissen/binarysearch/binarytree/treap_fingertree.go:873.24,875.5 1 1
github.com/rtheunissen/binarysearch/binarytree/treap_fingertree.go:878.4,879.49 2 1
github.com/rtheunissen/binarysearch/binarytree/treap_fingertree.go:882.58,884.11 1 1
github.com/rtheunissen/binarysearch/binarytree/treap_fingertree.go:885.28,885.68 2 1
github.com/rtheunissen/binarysearch/binarytree/treap_fingertree.go:886.28,886.68 2 1
github.com/rtheunissen/binarysearch/binarytree/treap_fingertree.go:887.12,888.39 2 1
github.com/rtheunissen/binarysearch/binarytree/treap_fingertree.go:890.4,890.10 1 1
github.com/rtheunissen/binarysearch/binarytree/treap_fingertree.go:995.63,1004.9 7 1
github.com/rtheunissen/binarysearch/binarytree/treap_fingertree.go:1004.9,1005.19 1 1
github.com/rtheunissen/binarysearch/binarytree/treap_fingertree.go:1005.19,1013.8 6 1
github.com/rtheunissen/binarysearch/binarytree/treap_fingertree.go:1014.7,1014.19 1 1
github.com/rtheunissen/binarysearch/binarytree/treap_fingertree.go:1014.19,1023.8 7 1
github.com/rtheunissen/binarysearch/binarytree/treap_fingertree.go:1024.7,1024.20 1 1
github.com/rtheunissen/binarysearch/binarytree/treap_fingertree.go:1024.20,1031.8 6 1
github.com/rtheunissen/binarysearch/binarytree/treap_fingertree.go:1031.13,1039.8 7 1
github.com/rtheunissen/binarysearch/binarytree/treap_fingertree.go:1043.51,1044.24 1 1
github.com/rtheunissen/binarysearch/binarytree/treap_fingertree.go:1044.24,1044.47 1 1
github.com/rtheunissen/binarysearch/binarytree/treap_fingertree.go:1045.4,1045.24 1 1
github.com/rtheunissen/binarysearch/binarytree/treap_fingertree.go:1045.24,1045.47 1 1
github.com/rtheunissen/binarysearch/binarytree/treap_fingertree.go:1047.4,1057.5 3 1
github.com/rtheunissen/binarysearch/binarytree/treap_fingertree.go:1061.70,1062.16 1 1
github.com/rtheunissen/binarysearch/binarytree/treap_fingertree.go:1062.16,1064.5 1 1
github.com/rtheunissen/binarysearch/binarytree/treap_fingertree.go:1065.4,1067.33 3 1
github.com/rtheunissen/binarysearch/binarytree/treap_fingertree.go:1070.70,1071.16 1 1
github.com/rtheunissen/binarysearch/binarytree/treap_fingertree.go:1071.16,1073.5 1 1
github.com/rtheunissen/binarysearch/binarytree/treap_fingertree.go:1074.4,1076.14 3 1
github.com/rtheunissen/binarysearch/binarytree/treap_fingertree.go:1087.65,1088.16 1 1
github.com/rtheunissen/binarysearch/binarytree/treap_fingertree.go:1088.16,1090.5 1 1
github.com/rtheunissen/binarysearch/binarytree/treap_fingertree.go:1091.4,1093.33 3 1
github.com/rtheunissen/binarysearch/binarytree/treap_fingertree.go:1096.53,1098.2 1 1
github.com/rtheunissen/binarysearch/binarytree/treap_fingertree.go:1118.43,1119.24 1 1
github.com/rtheunissen/binarysearch/binarytree/treap_fingertree.go:1119.24,1121.5 1 1
github.com/rtheunissen/binarysearch/binarytree/treap_fingertree.go:1122.4,1124.28 3 1
github.com/rtheunissen/binarysearch/binarytree/treap_fingertree.go:1124.28,1128.5 3 1
github.com/rtheunissen/binarysearch/binarytree/treap_fingertree.go:1129.4,1129.28 1 1
github.com/rtheunissen/binarysearch/binarytree/treap_fingertree.go:1129.28,1133.5 3 1
github.com/rtheunissen/binarysearch/binarytree/treap_fingertree.go:1134.4,1135.41 2 1
github.com/rtheunissen/binarysearch/binarytree/treap_fingertree.go:1138.47,1139.24 1 1
github.com/rtheunissen/binarysearch/binarytree/treap_fingertree.go:1139.24,1141.5 1 1
github.com/rtheunissen/binarysearch/binarytree/treap_fingertree.go:1143.4,1146.47 2 1
github.com/rtheunissen/binarysearch/binarytree/treap_fingertree.go:1146.47,1146.76 1 1
github.com/rtheunissen/binarysearch/binarytree/treap_fingertree.go:1147.4,1147.47 1 1
github.com/rtheunissen/binarysearch/binarytree/treap_fingertree.go:1147.47,1147.76 1 1
github.com/rtheunissen/binarysearch/binarytree/treap_fingertree.go:1150.38,1154.2 3 1
github.com/rtheunissen/binarysearch/binarytree/treap_joinbased.go:11.34,18.2 1 1
github.com/rtheunissen/binarysearch/binarytree/treap_joinbased.go:20.56,24.2 2 1
github.com/rtheunissen/binarysearch/binarytree/treap_joinbased.go:26.57,31.2 3 1
github.com/rtheunissen/binarysearch/binarytree/treap_joinbased.go:32.59,39.2 3 1
github.com/rtheunissen/binarysearch/binarytree/treap_joinbased.go:41.41,44.2 2 1
github.com/rtheunissen/binarysearch/binarytree/treap_joinbased.go:46.49,61.2 5 1
github.com/rtheunissen/binarysearch/binarytree/treap_joinbased.go:63.37,66.2 2 1
github.com/rtheunissen/binarysearch/binarytree/treap_topdown.go:13.47,15.2 1 0
github.com/rtheunissen/binarysearch/binarytree/treap_topdown.go:17.66,20.8 2 1
github.com/rtheunissen/binarysearch/binarytree/treap_topdown.go:20.8,21.19 1 1
github.com/rtheunissen/binarysearch/binarytree/treap_topdown.go:21.19,21.37 2 1
github.com/rtheunissen/binarysearch/binarytree/treap_topdown.go:22.7,22.19 1 1
github.com/rtheunissen/binarysearch/binarytree/treap_topdown.go:22.19,22.37 2 1
github.com/rtheunissen/binarysearch/binarytree/treap_topdown.go:23.7,23.21 1 1
github.com/rtheunissen/binarysearch/binarytree/treap_topdown.go:23.21,29.8 5 1
github.com/rtheunissen/binarysearch/binarytree/treap_topdown.go:29.13,35.8 5 1
github.com/rtheunissen/binarysearch/binarytree/treap_topdown.go:39.71,41.2 1 1
github.com/rtheunissen/binarysearch/binarytree/treap_topdown.go:43.74,45.48 1 1
github.com/rtheunissen/binarysearch/binarytree/treap_topdown.go:45.48,50.5 4 1
github.com/rtheunissen/binarysearch/binarytree/treap_topdown.go:51.4,51.25 1 1
github.com/rtheunissen/binarysearch/binarytree/treap_topdown.go:51.25,54.5 2 1
github.com/rtheunissen/binarysearch/binarytree/treap_topdown.go:54.10,58.5 3 1
github.com/rtheunissen/binarysearch/binarytree/treap_topdown.go:61.32,66.2 1 1
github.com/rtheunissen/binarysearch/binarytree/treap_topdown.go:113.39,116.2 2 1
github.com/rtheunissen/binarysearch/binarytree/treap_topdown.go:118.64,119.8 1 1
github.com/rtheunissen/binarysearch/binarytree/treap_topdown.go:119.8,120.22 1 1
github.com/rtheunissen/binarysearch/binarytree/treap_topdown.go:120.22,122.44 2 1
github.com/rtheunissen/binarysearch/binarytree/treap_topdown.go:122.44,124.11 1 1
github.com/rtheunissen/binarysearch/binarytree/treap_topdown.go:124.16,128.11 2 1
github.com/rtheunissen/binarysearch/binarytree/treap_topdown.go:129.10,129.16 1 1
github.com/rtheunissen/binarysearch/binarytree/treap_topdown.go:131.7,132.21 2 1
github.com/rtheunissen/binarysearch/binarytree/treap_topdown.go:132.21,134.8 1 1
github.com/rtheunissen/binarysearch/binarytree/treap_topdown.go:134.13,136.8 1 1
github.com/rtheunissen/binarysearch/binarytree/treap_topdown.go:140.65,141.8 1 1
github.com/rtheunissen/binarysearch/binarytree/treap_topdown.go:141.8,142.20 1 1
github.com/rtheunissen/binarysearch/binarytree/treap_topdown.go:142.20,145.8 2 1
github.com/rtheunissen/binarysearch/binarytree/treap_topdown.go:146.7,146.24 1 1
github.com/rtheunissen/binarysearch/binarytree/treap_topdown.go:146.24,151.8 4 1
github.com/rtheunissen/binarysearch/binarytree/treap_topdown.go:152.7,153.22 2 1
github.com/rtheunissen/binarysearch/binarytree/treap_topdown.go:153.22,155.8 1 1
github.com/rtheunissen/binarysearch/binarytree/treap_topdown.go:155.13,157.8 1 1
github.com/rtheunissen/binarysearch/binarytree/treap_topdown.go:161.54,165.2 2 1
github.com/rtheunissen/binarysearch/binarytree/treap_topdown.go:167.55,172.2 3 1
github.com/rtheunissen/binarysearch/binarytree/treap_topdown.go:174.53,181.2 3 1
github.com/rtheunissen/binarysearch/binarytree/treap_topdown.go:184.57,189.2 2 1
github.com/rtheunissen/binarysearch/binarytree/treap_topdown.go:191.47,194.2 1 1
github.com/rtheunissen/binarysearch/binarytree/treap_topdown.go:196.50,200.2 2 1
github.com/rtheunissen/binarysearch/binarytree/treap_topdown.go:204.47,215.2 3 1
github.com/rtheunissen/binarysearch/binarytree/treap_topdown.go:218.53,219.16 1 1
github.com/rtheunissen/binarysearch/binarytree/treap_topdown.go:219.16,221.5 1 1
github.com/rtheunissen/binarysearch/binarytree/treap_topdown.go:222.4,226.31 4 1
github.com/rtheunissen/binarysearch/binarytree/treap_topdown.go:229.35,232.2 2 1
github.com/rtheunissen/binarysearch/binarytree/tree.go:71.34,73.2 1 0
github.com/rtheunissen/binarysearch/binarytree/tree.go:75.24,80.2 2 1
github.com/rtheunissen/binarysearch/binarytree/tree.go:82.34,84.27 2 0
github.com/rtheunissen/binarysearch/binarytree/tree.go:84.27,86.5 1 0
github.com/rtheunissen/binarysearch/binarytree/tree.go:87.4,87.17 1 0
github.com/rtheunissen/binarysearch/binarytree/tree.go:90.45,91.23 1 0
github.com/rtheunissen/binarysearch/binarytree/tree.go:91.23,93.5 1 0
github.com/rtheunissen/binarysearch/binarytree/tree.go:94.4,101.6 2 0
github.com/rtheunissen/binarysearch/binarytree/tree.go:104.64,105.8 1 1
github.com/rtheunissen/binarysearch/binarytree/tree.go:105.8,106.20 1 1
github.com/rtheunissen/binarysearch/binarytree/tree.go:106.20,109.8 2 1
github.com/rtheunissen/binarysearch/binarytree/tree.go:110.7,114.17 4 1
github.com/rtheunissen/binarysearch/binarytree/tree.go:114.17,117.8 2 1
github.com/rtheunissen/binarysearch/binarytree/tree.go:117.13,120.8 2 1
github.com/rtheunissen/binarysearch/binarytree/tree.go:124.42,127.2 2 1
github.com/rtheunissen/binarysearch/binarytree/tree.go:140.27,142.2 1 1
github.com/rtheunissen/binarysearch/binarytree/tree.go:148.30,150.2 1 1
github.com/rtheunissen/binarysearch/binarytree/tree.go:152.31,154.2 1 0
github.com/rtheunissen/binarysearch/binarytree/tree.go:156.47,157.8 1 1
github.com/rtheunissen/binarysearch/binarytree/tree.go:157.8,158.19 1 1
github.com/rtheunissen/binarysearch/binarytree/tree.go:158.19,160.8 1 1
github.com/rtheunissen/binarysearch/binarytree/tree.go:161.7,161.18 1 1
github.com/rtheunissen/binarysearch/binarytree/tree.go:161.18,163.8 1 1
github.com/rtheunissen/binarysearch/binarytree/tree.go:163.13,166.8 2 1
github.com/rtheunissen/binarysearch/binarytree/tree.go:181.41,183.2 1 1
github.com/rtheunissen/binarysearch/binarytree/tree.go:185.51,189.21 3 0
github.com/rtheunissen/binarysearch/binarytree/tree.go:189.21,189.46 2 0
github.com/rtheunissen/binarysearch/binarytree/tree.go:190.4,190.21 1 0
github.com/rtheunissen/binarysearch/binarytree/tree.go:190.21,190.46 2 0
github.com/rtheunissen/binarysearch/binarytree/tree.go:192.4,192.37 1 0
github.com/rtheunissen/binarysearch/binarytree/tree.go:192.37,199.5 6 0
github.com/rtheunissen/binarysearch/binarytree/tree.go:199.10,206.5 6 0
github.com/rtheunissen/binarysearch/binarytree/tree.go:207.4,207.12 1 0
github.com/rtheunissen/binarysearch/binarytree/tree.go:226.52,228.18 2 1
github.com/rtheunissen/binarysearch/binarytree/tree.go:228.18,230.5 1 1
github.com/rtheunissen/binarysearch/binarytree/tree.go:231.4,231.18 1 1
github.com/rtheunissen/binarysearch/binarytree/tree.go:231.18,233.5 1 1
github.com/rtheunissen/binarysearch/binarytree/tree.go:234.4,234.31 1 1
github.com/rtheunissen/binarysearch/binarytree/tree.go:234.31,241.5 6 1
github.com/rtheunissen/binarysearch/binarytree/tree.go:241.10,248.5 6 1
github.com/rtheunissen/binarysearch/binarytree/tree.go:251.61,252.8 1 1
github.com/rtheunissen/binarysearch/binarytree/tree.go:252.8,254.22 2 1
github.com/rtheunissen/binarysearch/binarytree/tree.go:254.22,258.8 3 1
github.com/rtheunissen/binarysearch/binarytree/tree.go:259.7,259.21 1 1
github.com/rtheunissen/binarysearch/binarytree/tree.go:259.21,263.8 3 1
github.com/rtheunissen/binarysearch/binarytree/tree.go:263.13,267.8 3 1
github.com/rtheunissen/binarysearch/binarytree/tree.go:294.32,296.2 1 1
github.com/rtheunissen/binarysearch/binarytree/tree.go:298.63,299.24 1 0
github.com/rtheunissen/binarysearch/binarytree/tree.go:299.24,301.5 1 0
github.com/rtheunissen/binarysearch/binarytree/tree.go:303.4,303.44 1 0
github.com/rtheunissen/binarysearch/binarytree/tree.go:303.44,305.5 1 0
github.com/rtheunissen/binarysearch/binarytree/tree.go:306.4,306.44 1 0
github.com/rtheunissen/binarysearch/binarytree/tree.go:306.44,308.5 1 0
github.com/rtheunissen/binarysearch/binarytree/tree.go:311.4,313.14 3 0
github.com/rtheunissen/binarysearch/binarytree/tree.go:313.14,317.5 3 0
github.com/rtheunissen/binarysearch/binarytree/tree.go:318.4,318.10 1 0
github.com/rtheunissen/binarysearch/binarytree/tree.go:321.63,322.24 1 0
github.com/rtheunissen/binarysearch/binarytree/tree.go:322.24,324.5 1 0
github.com/rtheunissen/binarysearch/binarytree/tree.go:326.4,326.44 1 0
github.com/rtheunissen/binarysearch/binarytree/tree.go:326.44,328.5 1 0
github.com/rtheunissen/binarysearch/binarytree/tree.go:329.4,329.44 1 0
github.com/rtheunissen/binarysearch/binarytree/tree.go:329.44,331.5 1 0
github.com/rtheunissen/binarysearch/binarytree/tree.go:334.4,336.14 3 0
github.com/rtheunissen/binarysearch/binarytree/tree.go:336.14,340.5 3 0
github.com/rtheunissen/binarysearch/binarytree/tree.go:341.4,341.10 1 0
github.com/rtheunissen/binarysearch/binarytree/tree.go:347.74,348.16 1 0
github.com/rtheunissen/binarysearch/binarytree/tree.go:348.16,350.5 1 0
github.com/rtheunissen/binarysearch/binarytree/tree.go:352.4,352.30 1 0
github.com/rtheunissen/binarysearch/binarytree/tree.go:352.30,354.5 1 0
github.com/rtheunissen/binarysearch/binarytree/tree.go:355.4,357.52 3 0
github.com/rtheunissen/binarysearch/binarytree/tree.go:360.64,361.24 1 0
github.com/rtheunissen/binarysearch/binarytree/tree.go:361.24,363.5 1 0
github.com/rtheunissen/binarysearch/binarytree/tree.go:364.4,366.10 3 0
